[ 2016-11-16T17:07:51+08:00 ] ::1 /myshop/shop/index.php/admin/index/pintuer.css
ERR: 非法操作:pintuer

[ 2016-11-16T17:07:51+08:00 ] ::1 /myshop/shop/index.php/admin/index/admin.css
ERR: 非法操作:admin

[ 2016-11-16T17:07:51+08:00 ] ::1 /myshop/shop/index.php/admin/index/jquery.js
ERR: 非法操作:jquery

[ 2016-11-16T17:17:58+08:00 ] ::1 /myshop/shop/index.php/Admin/index/pintuer.css
ERR: 非法操作:pintuer

[ 2016-11-16T17:17:58+08:00 ] ::1 /myshop/shop/index.php/Admin/index/admin.css
ERR: 非法操作:admin

[ 2016-11-16T17:17:58+08:00 ] ::1 /myshop/shop/index.php/Admin/index/jquery.js
ERR: 非法操作:jquery

[ 2016-11-16T17:17:58+08:00 ] ::1 /myshop/shop/index.php/Admin/index/pintuer.js
ERR: 非法操作:pintuer

[ 2016-11-16T17:18:00+08:00 ] ::1 /myshop/shop/index.php/Admin/index/pintuer.js
ERR: 非法操作:pintuer

[ 2016-11-16T17:18:00+08:00 ] ::1 /myshop/shop/index.php/Admin/index/pintuer.css
ERR: 非法操作:pintuer

[ 2016-11-16T17:18:00+08:00 ] ::1 /myshop/shop/index.php/Admin/index/admin.css
ERR: 非法操作:admin

[ 2016-11-16T17:18:00+08:00 ] ::1 /myshop/shop/index.php/Admin/index/jquery.js
ERR: 非法操作:jquery

[ 2016-11-16T17:18:00+08:00 ] ::1 /myshop/shop/index.php/Admin/index/pintuer.js
ERR: 非法操作:pintuer

[ 2016-11-16T17:18:01+08:00 ] ::1 /myshop/shop/index.php/Admin/index/pintuer.js
ERR: 非法操作:pintuer

[ 2016-11-16T17:18:01+08:00 ] ::1 /myshop/shop/index.php/Admin/index/pintuer.css
ERR: 非法操作:pintuer

[ 2016-11-16T17:18:01+08:00 ] ::1 /myshop/shop/index.php/Admin/index/jquery.js
ERR: 非法操作:jquery

[ 2016-11-16T17:18:01+08:00 ] ::1 /myshop/shop/index.php/Admin/index/admin.css
ERR: 非法操作:admin

[ 2016-11-16T17:18:01+08:00 ] ::1 /myshop/shop/index.php/Admin/index/pintuer.js
ERR: 非法操作:pintuer

[ 2016-11-16T17:20:17+08:00 ] ::1 /myshop/shop/index.php/Admin/goods/css/pintuer.css
ERR: 非法操作:css

[ 2016-11-16T17:20:25+08:00 ] ::1 /myshop/shop/index.php/Admin/goods/css/pintuer.css
ERR: 非法操作:css

[ 2016-11-16T17:20:26+08:00 ] ::1 /myshop/shop/index.php/Admin/goods/js/laydate/laydate.js
ERR: 非法操作:js

[ 2016-11-16T17:20:26+08:00 ] ::1 /myshop/shop/index.php/Admin/goods/js/laydate/laydate.js
ERR: 非法操作:js

[ 2016-11-16T17:21:16+08:00 ] ::1 /myshop/shop/index.php/Admin/index/pintuer.css
ERR: 非法操作:pintuer

[ 2016-11-16T17:21:16+08:00 ] ::1 /myshop/shop/index.php/Admin/index/pintuer.js
ERR: 非法操作:pintuer

[ 2016-11-16T17:21:16+08:00 ] ::1 /myshop/shop/index.php/Admin/index/admin.css
ERR: 非法操作:admin

[ 2016-11-16T17:21:16+08:00 ] ::1 /myshop/shop/index.php/Admin/index/jquery.js
ERR: 非法操作:jquery

[ 2016-11-16T17:21:16+08:00 ] ::1 /myshop/shop/index.php/Admin/index/pintuer.js
ERR: 非法操作:pintuer

[ 2016-11-16T17:23:47+08:00 ] ::1 /myshop/shop/index.php/Admin/index/pintuer.css
ERR: 非法操作:pintuer

[ 2016-11-16T17:23:47+08:00 ] ::1 /myshop/shop/index.php/Admin/index/admin.css
ERR: 非法操作:admin

[ 2016-11-16T17:23:47+08:00 ] ::1 /myshop/shop/index.php/Admin/index/jquery.js
ERR: 非法操作:jquery

[ 2016-11-16T17:23:47+08:00 ] ::1 /myshop/shop/index.php/Admin/index/pintuer.js
ERR: 非法操作:pintuer

[ 2016-11-16T17:23:49+08:00 ] ::1 /myshop/shop/index.php/Admin/index/pintuer.js
ERR: 非法操作:pintuer

[ 2016-11-16T17:23:49+08:00 ] ::1 /myshop/shop/index.php/Admin/index/jquery.js
ERR: 非法操作:jquery

[ 2016-11-16T17:23:49+08:00 ] ::1 /myshop/shop/index.php/Admin/index/admin.css
ERR: 非法操作:admin

[ 2016-11-16T17:23:49+08:00 ] ::1 /myshop/shop/index.php/Admin/index/pintuer.css
ERR: 非法操作:pintuer

[ 2016-11-16T17:23:49+08:00 ] ::1 /myshop/shop/index.php/Admin/index/pintuer.js
ERR: 非法操作:pintuer

[ 2016-11-16T17:23:54+08:00 ] ::1 /myshop/shop/index.php/Admin/index/pintuer.js
ERR: 非法操作:pintuer

[ 2016-11-16T17:23:54+08:00 ] ::1 /myshop/shop/index.php/Admin/index/pintuer.css
ERR: 非法操作:pintuer

[ 2016-11-16T17:23:54+08:00 ] ::1 /myshop/shop/index.php/Admin/index/jquery.js
ERR: 非法操作:jquery

[ 2016-11-16T17:23:54+08:00 ] ::1 /myshop/shop/index.php/Admin/index/admin.css
ERR: 非法操作:admin

[ 2016-11-16T17:23:54+08:00 ] ::1 /myshop/shop/index.php/Admin/index/pintuer.js
ERR: 非法操作:pintuer

[ 2016-11-16T17:25:11+08:00 ] ::1 /myshop/shop/index.php/Admin/goods/css/pintuer.css
ERR: 非法操作:css

[ 2016-11-16T17:25:12+08:00 ] ::1 /myshop/shop/index.php/Admin/goods/css/pintuer.css
ERR: 非法操作:css

[ 2016-11-16T17:25:13+08:00 ] ::1 /myshop/shop/index.php/Admin/goods/css/pintuer.css
ERR: 非法操作:css

[ 2016-11-16T17:25:14+08:00 ] ::1 /myshop/shop/index.php/Admin/goods/js/laydate/laydate.js
ERR: 非法操作:js

[ 2016-11-16T17:25:14+08:00 ] ::1 /myshop/shop/index.php/Admin/goods/css/pintuer.css
ERR: 非法操作:css

[ 2016-11-16T17:25:16+08:00 ] ::1 /myshop/shop/index.php/Admin/goods/js/laydate/laydate.js
ERR: 非法操作:js

[ 2016-11-16T17:25:16+08:00 ] ::1 /myshop/shop/index.php/Admin/goods/js/laydate/laydate.js
ERR: 非法操作:js

[ 2016-11-16T17:25:24+08:00 ] ::1 /myshop/shop/index.php/Admin/goods/js/laydate/laydate.js
ERR: 非法操作:js

[ 2016-11-16T17:25:25+08:00 ] ::1 /myshop/shop/index.php/Admin/goods/css/pintuer.css
ERR: 非法操作:css

[ 2016-11-16T17:26:40+08:00 ] ::1 /myshop/shop/index.php/Admin/goods/js/laydate/laydate.js
ERR: 非法操作:js

[ 2016-11-16T17:26:42+08:00 ] ::1 /myshop/shop/index.php/Admin/goods/js/laydate/laydate.js
ERR: 非法操作:js

[ 2016-11-16T17:27:06+08:00 ] ::1 /myshop/shop/index.php/Admin/goods/js/laydate/laydate.js
ERR: 非法操作:js

[ 2016-11-16T17:27:57+08:00 ] ::1 /myshop/shop/index.php/Admin/goods/js/laydate/laydate.js
ERR: 非法操作:js

[ 2016-11-16T17:30:19+08:00 ] ::1 /myshop/shop/index.php/Admin/goods/js/laydate/laydate.js
ERR: 非法操作:js

[ 2016-11-16T18:05:24+08:00 ] ::1 /myshop/shop/index.php/Admin/goods/js/laydate/laydate.js
ERR: 非法操作:js

