[ 2016-11-18T09:55:42+08:00 ] 127.0.0.1 /myshop/shop/index.php/Admin/goods/js/laydate/laydate.js
ERR: éæ³•æ“ä½œ:js

[ 2016-11-18T09:55:53+08:00 ] 127.0.0.1 /myshop/shop/index.php/Admin/goods/js/laydate/laydate.js
ERR: éæ³•æ“ä½œ:js

[ 2016-11-18T09:56:07+08:00 ] 127.0.0.1 /myshop/shop/index.php/Admin/goods/js/laydate/laydate.js
ERR: éæ³•æ“ä½œ:js

[ 2016-11-18T09:56:42+08:00 ] ::1 /myshop/shop/index.php/Admin/goods/js/laydate/laydate.js
ERR: éæ³•æ“ä½œ:js

[ 2016-11-18T09:56:42+08:00 ] ::1 /myshop/shop/index.php/Admin/goods/js/laydate/laydate.js
ERR: éæ³•æ“ä½œ:js

[ 2016-11-18T10:10:56+08:00 ] ::1 /myshop/shop/index.php/Admin/goods/js/laydate/laydate.js
ERR: éæ³•æ“ä½œ:js

[ 2016-11-18T10:12:22+08:00 ] ::1 /myshop/shop/index.php/Admin/shangping/cateedit.html
ERR: éæ³•æ“ä½œ:cateedit

[ 2016-11-18T11:36:52+08:00 ] ::1 /myshop/shop/index.php/admin/category/add
ERR: éæ³•æ“ä½œ:add

[ 2016-11-18T11:37:04+08:00 ] ::1 /myshop/shop/index.php/admin/category
ERR: éæ³•æ“ä½œ:index

[ 2016-11-18T11:37:14+08:00 ] ::1 /myshop/shop/index.php/admin/category/__auto
ERR: éæ³•æ“ä½œ:__auto

[ 2016-11-18T11:40:59+08:00 ] ::1 /myshop/shop/index.php/admin/category/__auto
ERR: éæ³•æ“ä½œ:__auto

[ 2016-11-18T13:44:58+08:00 ] ::1 /myshop/shop/index.php/Admin/category/cateedit.html
ERR: éæ³•æ“ä½œ:cateedit

[ 2016-11-18T13:45:33+08:00 ] ::1 /myshop/shop/index.php/Admin/category/css/pintuer.css
ERR: éæ³•æ“ä½œ:css

[ 2016-11-18T13:45:33+08:00 ] ::1 /myshop/shop/index.php/Admin/category/js/jquery.js
ERR: éæ³•æ“ä½œ:js

[ 2016-11-18T13:45:33+08:00 ] ::1 /myshop/shop/index.php/Admin/category/js/pintuer.js
ERR: éæ³•æ“ä½œ:js

[ 2016-11-18T13:45:33+08:00 ] ::1 /myshop/shop/index.php/Admin/category/css/admin.css
ERR: éæ³•æ“ä½œ:css

[ 2016-11-18T13:45:33+08:00 ] ::1 /myshop/shop/index.php/Admin/category/js/pintuer.js
ERR: éæ³•æ“ä½œ:js

[ 2016-11-18T14:34:33+08:00 ] ::1 /myshop/shop/index.php/Admin/category/add
ERR: éæ³•æ“ä½œ:add

[ 2016-11-18T17:22:18+08:00 ] ::1 /myshop/shop/index.php/Admin/category/tianjia
ERR: 1048:Column 'cname' cannot be null
 [ SQLè¯­å¥ ] : INSERT INTO `group_category` (`cname`,`keywords`,`title`,`description`,`sort`,`display`,`pid`) VALUES (NULL,NULL,NULL,NULL,NULL,NULL,NULL)

[ 2016-11-18T17:23:31+08:00 ] ::1 /myshop/shop/index.php/Admin/category/tianjia
ERR: 1048:Column 'cname' cannot be null
 [ SQLè¯­å¥ ] : INSERT INTO `group_category` (`cname`,`keywords`,`title`,`description`,`sort`,`display`,`pid`) VALUES (NULL,NULL,NULL,NULL,NULL,NULL,NULL)

[ 2016-11-18T17:24:06+08:00 ] ::1 /myshop/shop/index.php/Admin/category/tianjia
ERR: 1048:Column 'cname' cannot be null
 [ SQLè¯­å¥ ] : INSERT INTO `group_category` (`cname`,`keywords`,`title`,`description`,`sort`,`display`,`pid`) VALUES (NULL,NULL,NULL,NULL,NULL,NULL,NULL)

[ 2016-11-18T17:25:07+08:00 ] ::1 /myshop/shop/index.php/Admin/category/tianjia
ERR: 1048:Column 'cname' cannot be null
 [ SQLè¯­å¥ ] : INSERT INTO `group_category` (`cname`,`keywords`,`title`,`description`,`sort`,`display`,`pid`) VALUES (NULL,NULL,NULL,NULL,NULL,NULL,NULL)

[ 2016-11-18T17:25:16+08:00 ] ::1 /myshop/shop/index.php/Admin/category/tianjia
ERR: 1048:Column 'cname' cannot be null
 [ SQLè¯­å¥ ] : INSERT INTO `group_category` (`cname`,`keywords`,`title`,`description`,`sort`,`display`,`pid`) VALUES (NULL,NULL,NULL,NULL,NULL,NULL,NULL)

[ 2016-11-18T17:25:54+08:00 ] ::1 /myshop/shop/index.php/Admin/category/tianjia
ERR: 1048:Column 'cname' cannot be null
 [ SQLè¯­å¥ ] : INSERT INTO `group_category` (`cname`,`keywords`,`title`,`description`,`sort`,`display`,`pid`) VALUES (NULL,NULL,NULL,NULL,NULL,NULL,NULL)

[ 2016-11-18T17:26:41+08:00 ] ::1 /myshop/shop/index.php/Admin/Category/tianjia
ERR: 1048:Column 'display' cannot be null
 [ SQLè¯­å¥ ] : INSERT INTO `group_category` (`cname`,`keywords`,`title`,`description`,`sort`,`display`,`pid`) VALUES ('','','','		  ','0',NULL,'0')

[ 2016-11-18T17:26:51+08:00 ] ::1 /myshop/shop/index.php/Admin/category/tianjia
ERR: 1048:Column 'cname' cannot be null
 [ SQLè¯­å¥ ] : INSERT INTO `group_category` (`cname`,`keywords`,`title`,`description`,`sort`,`display`,`pid`) VALUES (NULL,NULL,NULL,NULL,NULL,NULL,NULL)

[ 2016-11-18T17:29:37+08:00 ] ::1 /myshop/shop/index.php/Admin/category/tianjia
ERR: 1048:Column 'keywords' cannot be null
 [ SQLè¯­å¥ ] : INSERT INTO `group_category` (`cname`,`keywords`,`title`,`description`,`sort`,`display`,`pid`) VALUES ('±êÌâ',NULL,NULL,NULL,NULL,NULL,NULL)

[ 2016-11-18T17:30:02+08:00 ] ::1 /myshop/shop/index.php/Admin/category/tianjia
ERR: 1048:Column 'keywords' cannot be null
 [ SQLè¯­å¥ ] : INSERT INTO `group_category` (`cname`,`keywords`,`title`,`description`,`sort`,`display`,`pid`) VALUES ('æ ‡é¢˜',NULL,NULL,NULL,NULL,NULL,NULL)

