[ 2016-11-17T13:59:37+08:00 ] ::1 /myshop/shop/index.php/Admin/goods/js/laydate/laydate.js
ERR: 非法操作:js

[ 2016-11-17T14:33:14+08:00 ] ::1 /myshop/shop/index.php/admin/user/index
ERR: 模板不存在:D:/wamp/www/myshop/shop/Admin/View/User/index.html

[ 2016-11-17T14:34:38+08:00 ] ::1 /myshop/shop/index.php/admin/user/index
ERR: 模板不存在:D:/wamp/www/myshop/shop/Admin/View/User/index.html

[ 2016-11-17T15:16:58+08:00 ] ::1 /myshop/shop/index.php/admin/user/add.html
ERR: 非法操作:add

[ 2016-11-17T15:18:21+08:00 ] ::1 /myshop/shop/index.php/Admin/goods/js/laydate/laydate.js
ERR: 非法操作:js

[ 2016-11-17T15:18:21+08:00 ] ::1 /myshop/shop/index.php/Admin/goods/js/laydate/laydate.js
ERR: 非法操作:js

[ 2016-11-17T15:18:50+08:00 ] ::1 /myshop/shop/index.php/Admin/goods/js/laydate/laydate.js
ERR: 非法操作:js

[ 2016-11-17T15:18:50+08:00 ] ::1 /myshop/shop/index.php/Admin/goods/js/laydate/laydate.js
ERR: 非法操作:js

[ 2016-11-17T15:19:58+08:00 ] ::1 /myshop/shop/index.php/admin/user/index
ERR: 模板不存在:D:/wamp/www/myshop/shop/Admin/View/User/index.html

[ 2016-11-17T15:21:41+08:00 ] ::1 /myshop/shop/index.php/Admin/goods/js/laydate/laydate.js
ERR: 非法操作:js

[ 2016-11-17T15:21:41+08:00 ] ::1 /myshop/shop/index.php/Admin/goods/js/laydate/laydate.js
ERR: 非法操作:js

[ 2016-11-17T15:21:46+08:00 ] ::1 /myshop/shop/index.php/Admin/goods/js/laydate/laydate.js
ERR: 非法操作:js

[ 2016-11-17T15:21:50+08:00 ] ::1 /myshop/shop/index.php/Admin/goods/js/laydate/laydate.js
ERR: 非法操作:js

[ 2016-11-17T15:21:50+08:00 ] ::1 /myshop/shop/index.php/Admin/goods/js/laydate/laydate.js
ERR: 非法操作:js

[ 2016-11-17T15:25:22+08:00 ] ::1 /myshop/shop/index.php/Admin/goods/js/laydate/laydate.js
ERR: 非法操作:js

[ 2016-11-17T15:25:31+08:00 ] ::1 /myshop/shop/index.php/Admin/goods/js/laydate/laydate.js
ERR: 非法操作:js

[ 2016-11-17T15:25:31+08:00 ] ::1 /myshop/shop/index.php/Admin/goods/js/laydate/laydate.js
ERR: 非法操作:js

[ 2016-11-17T15:25:34+08:00 ] ::1 /myshop/shop/index.php/Admin/goods/js/laydate/laydate.js
ERR: 非法操作:js

[ 2016-11-17T15:25:34+08:00 ] ::1 /myshop/shop/index.php/Admin/goods/js/laydate/laydate.js
ERR: 非法操作:js

[ 2016-11-17T15:26:12+08:00 ] ::1 /myshop/shop/index.php/Admin/user/js/laydate/laydate.js
ERR: 非法操作:js

[ 2016-11-17T15:26:57+08:00 ] ::1 /myshop/shop/index.php/Admin/user/js/laydate/laydate.js
ERR: 非法操作:js

[ 2016-11-17T15:26:58+08:00 ] ::1 /myshop/shop/index.php/Admin/user/js/laydate/laydate.js
ERR: 非法操作:js

[ 2016-11-17T15:27:55+08:00 ] ::1 /myshop/shop/index.php/admin/user/js/laydate/laydate.js
ERR: 非法操作:js

[ 2016-11-17T15:27:55+08:00 ] ::1 /myshop/shop/index.php/admin/user/js/laydate/laydate.js
ERR: 非法操作:js

[ 2016-11-17T15:28:24+08:00 ] ::1 /myshop/shop/index.php/Admin/user/js/laydate/laydate.js
ERR: 非法操作:js

[ 2016-11-17T15:28:24+08:00 ] ::1 /myshop/shop/index.php/Admin/user/js/laydate/laydate.js
ERR: 非法操作:js

[ 2016-11-17T15:29:34+08:00 ] ::1 /myshop/shop/index.php/Admin/user/tianjia
ERR: 模板不存在:D:/wamp/www/myshop/shop/Admin/View/User/tianjia.html

[ 2016-11-17T15:29:35+08:00 ] ::1 /myshop/shop/index.php/Admin/user/tianjia
ERR: 模板不存在:D:/wamp/www/myshop/shop/Admin/View/User/tianjia.html

[ 2016-11-17T15:30:15+08:00 ] ::1 /myshop/shop/index.php/Admin/goods/js/laydate/laydate.js
ERR: 非法操作:js

[ 2016-11-17T15:30:15+08:00 ] ::1 /myshop/shop/index.php/Admin/goods/js/laydate/laydate.js
ERR: 非法操作:js

[ 2016-11-17T15:40:21+08:00 ] ::1 /myshop/shop/index.php/Admin/goods/js/laydate/laydate.js
ERR: 非法操作:js

[ 2016-11-17T15:40:21+08:00 ] ::1 /myshop/shop/index.php/Admin/goods/js/laydate/laydate.js
ERR: 非法操作:js

[ 2016-11-17T17:58:25+08:00 ] ::1 /myshop/shop/index.php/Admin/goods/js/laydate/laydate.js
ERR: 非法操作:js

[ 2016-11-17T17:58:25+08:00 ] ::1 /myshop/shop/index.php/Admin/goods/js/laydate/laydate.js
ERR: 非法操作:js

