[ 2016-12-15T14:25:05+08:00 ] ::1 /myshop/shop/index.php/Admin/Category/update/1
ERR: 参数错误或者未定义:cid

[ 2016-12-15T14:25:17+08:00 ] ::1 /myshop/shop/index.php/Admin/Category/update/1
ERR: 参数错误或者未定义:cid

[ 2016-12-15T14:25:56+08:00 ] ::1 /myshop/shop/index.php/Admin/goods/js/laydate/laydate.js
ERR: 非法操作:js

[ 2016-12-15T14:27:00+08:00 ] ::1 /myshop/shop/index.php/Admin/Category/update/1
ERR: 参数错误或者未定义:cid

[ 2016-12-15T14:27:04+08:00 ] ::1 /myshop/shop/index.php/Admin/goods/js/laydate/laydate.js
ERR: 非法操作:js

[ 2016-12-15T14:30:33+08:00 ] ::1 /myshop/shop/index.php/Admin/Category/update/1
ERR: 参数错误或者未定义:cid

[ 2016-12-15T14:30:44+08:00 ] ::1 /myshop/shop/index.php/Admin/Category/update/13
ERR: 参数错误或者未定义:cid

[ 2016-12-15T14:33:24+08:00 ] ::1 /myshop/shop/index.php/Admin/Category/update/
ERR: 参数错误或者未定义:cid

[ 2016-12-15T14:33:29+08:00 ] ::1 /myshop/shop/index.php/Admin/Category/update/
ERR: 参数错误或者未定义:cid

[ 2016-12-15T14:35:15+08:00 ] ::1 /myshop/shop/index.php/Admin/category/update
ERR: 参数错误或者未定义:cid

[ 2016-12-15T14:42:06+08:00 ] ::1 /myshop/shop/index.php/Admin/category/U('Admin/Category/update')
ERR: 非法操作:U('Admin

[ 2016-12-15T14:42:31+08:00 ] ::1 /myshop/shop/index.php/Admin/category/%7BU('Admin/Category/update')%7D
ERR: 非法操作:{U('Admin

[ 2016-12-15T14:42:52+08:00 ] ::1 /myshop/shop/index.php/Admin/category/U('Category/update')
ERR: 非法操作:U('Category

[ 2016-12-15T14:44:30+08:00 ] ::1 /myshop/shop/index.php/Admin/category/U('/update')
ERR: 非法操作:U('

[ 2016-12-15T14:44:49+08:00 ] ::1 /myshop/shop/index.php/Admin/category/U('update')
ERR: 非法操作:U('update')

[ 2016-12-15T15:41:51+08:00 ] ::1 /myshop/shop/index.php/Admin/Category/update1
ERR: 非法操作:update1

[ 2016-12-15T15:42:00+08:00 ] ::1 /myshop/shop/index.php/Admin/Category/update/1
ERR: 参数错误或者未定义:id

[ 2016-12-15T15:46:22+08:00 ] ::1 /myshop/shop/index.php/Admin/Category/update/id/2
ERR: 1054:Unknown column '$id' in 'where clause'
 [ SQL语句 ] : SELECT * FROM `group_category` WHERE ( cid=$id ) 

[ 2016-12-15T16:49:09+08:00 ] ::1 /myshop/shop/index.php/Admin/Category/update
ERR: 参数错误或者未定义:id

[ 2016-12-15T16:51:28+08:00 ] ::1 /myshop/shop/index.php/Admin/Category/update
ERR: 参数错误或者未定义:id

[ 2016-12-15T16:52:29+08:00 ] ::1 /myshop/shop/index.php/Admin/Category/update
ERR: 参数错误或者未定义:id

[ 2016-12-15T16:55:25+08:00 ] ::1 /myshop/shop/index.php/Admin/Category/update
ERR: 参数错误或者未定义:id

[ 2016-12-15T16:58:10+08:00 ] ::1 /myshop/shop/index.php/Admin/Category/update/id/3
ERR: Think\Model:creat方法不存在！

[ 2016-12-15T16:58:46+08:00 ] ::1 /myshop/shop/index.php/Admin/Category/update/id/4
ERR: Think\Model:sava方法不存在！

[ 2016-12-15T17:16:27+08:00 ] ::1 /myshop/shop/index.php/Admin/Category/update/id/2
ERR: 1054:Unknown column 'id' in 'where clause'
 [ SQL语句 ] : UPDATE `group_category` SET `cid`='2',`title`='bbBb',`sort`='0' WHERE ( cid=id )

[ 2016-12-15T17:18:59+08:00 ] ::1 /myshop/shop/index.php/Admin/Category/update/id/1
ERR: 1062:Duplicate entry '1' for key 'PRIMARY'
 [ SQL语句 ] : INSERT INTO `group_category` (`cid`,`title`,`sort`) VALUES ('1','aaaa','1')

