[ 2016-11-28T13:46:20+08:00 ] ::1 /myshop/shop/index.php/Admin/category/xiugai
ERR: 参数错误或者未定义:cid

[ 2016-11-28T13:46:36+08:00 ] ::1 /myshop/shop/index.php/Admin/category/xiugai
ERR: 模板不存在:D:/wamp/www/myshop/shop/Admin/View/Category/xiugai.html

[ 2016-11-28T13:46:50+08:00 ] ::1 /myshop/shop/index.php/Admin/category/xiugai
ERR: 模板不存在:D:/wamp/www/myshop/shop/Admin/View/Category/xiugai.html

[ 2016-11-28T13:49:18+08:00 ] ::1 /myshop/shop/index.php/Admin/category/edit/1
ERR: 参数错误或者未定义:cid

[ 2016-11-28T13:50:07+08:00 ] ::1 /myshop/shop/index.php/Admin/category/edit/1
ERR: 参数错误或者未定义:id

[ 2016-11-28T13:50:21+08:00 ] ::1 /myshop/shop/index.php/Admin/category/edit/1
ERR: 参数错误或者未定义:id

[ 2016-11-28T13:50:27+08:00 ] ::1 /myshop/shop/index.php/Admin/category/edit/2
ERR: 参数错误或者未定义:id

[ 2016-11-28T13:54:33+08:00 ] ::1 /myshop/shop/index.php/Admin/Category/category/edit/1
ERR: 非法操作:category

[ 2016-11-28T13:54:51+08:00 ] ::1 /myshop/shop/index.php/Admin/Category/category/edit/2
ERR: 非法操作:category

[ 2016-11-28T14:00:51+08:00 ] ::1 /myshop/shop/index.php/Admin/Category/edit/1
ERR: 参数错误或者未定义:id

[ 2016-11-28T14:01:00+08:00 ] ::1 /myshop/shop/index.php/Admin/Category/edit/1
ERR: 参数错误或者未定义:id

[ 2016-11-28T14:04:56+08:00 ] ::1 /myshop/shop/index.php/Admin/Category/edit/1
ERR: 非法操作:edit

[ 2016-11-28T14:05:34+08:00 ] ::1 /myshop/shop/index.php/Admin/Category/xiugai/1
ERR: 参数错误或者未定义:cid

[ 2016-11-28T14:07:24+08:00 ] ::1 /myshop/shop/index.php/Admin/Category/xiugai/1
ERR: 参数错误或者未定义:group_cid

[ 2016-11-28T14:09:07+08:00 ] ::1 /myshop/shop/index.php/Admin/Category/xiugai/1
ERR: 参数错误或者未定义:cid

[ 2016-11-28T14:14:24+08:00 ] ::1 /myshop/shop/index.php/Admin/Category/edit/1
ERR: 参数错误或者未定义:cid

[ 2016-11-28T14:16:07+08:00 ] ::1 /myshop/shop/index.php/Admin/Category/edit/1
ERR: 参数错误或者未定义:cid

[ 2016-11-28T14:16:37+08:00 ] ::1 /myshop/shop/index.php/Admin/Category/edit/1
ERR: 参数错误或者未定义:cid

[ 2016-11-28T14:17:09+08:00 ] ::1 /myshop/shop/index.php/Admin/Category/edit/1
ERR: 参数错误或者未定义:cid

[ 2016-11-28T14:18:37+08:00 ] ::1 /myshop/shop/index.php/Admin/Category/edit/1
ERR: 参数错误或者未定义:cid

[ 2016-11-28T14:25:05+08:00 ] ::1 /myshop/shop/index.php/Admin/Category/update/1
ERR: 参数错误或者未定义:cid

[ 2016-11-28T14:25:31+08:00 ] ::1 /myshop/shop/index.php/Admin/Category/update/1
ERR: 参数错误或者未定义:cid

[ 2016-11-28T14:25:48+08:00 ] ::1 /myshop/shop/index.php/Admin/Category/update
ERR: 参数错误或者未定义:cid

[ 2016-11-28T14:25:54+08:00 ] ::1 /myshop/shop/index.php/Admin/Category/update
ERR: 参数错误或者未定义:cid

[ 2016-11-28T14:26:16+08:00 ] ::1 /myshop/shop/index.php/Admin/Category/update
ERR: 参数错误或者未定义:cid

[ 2016-11-28T14:26:47+08:00 ] ::1 /myshop/shop/index.php/Admin/Category/update
ERR: 参数错误或者未定义:cid

[ 2016-11-28T14:41:24+08:00 ] ::1 /myshop/shop/index.php/Admin/Category/tianjia
ERR: 1062:Duplicate entry '啊啊' for key 'cname_UNIQUE'
 [ SQL语句 ] : INSERT INTO `group_category` (`cname`,`keywords`,`title`,`description`,`sort`,`display`,`pid`) VALUES ('啊啊','  cav','啊','	啊	  ','0','1','0')

[ 2016-11-28T15:19:56+08:00 ] ::1 /myshop/shop/index.php/Admin/Category/%C3%A6%C2%96%C2%B0%C3%A5%C2%A2%C2%9E%C3%A6%C2%88%C2%90%C3%A5%C2%8A%C2%9F
ERR: 非法操作:æ°å¢æå

