[ 2017-03-20T09:20:58+08:00 ] ::1 /shopping/shop/index.php/admin/Login/login
INFO: [ app_begin ] --START--
INFO: Run Behavior\ReadHtmlCacheBehavior [ RunTime:0.000000s ]
INFO: [ app_begin ] --END-- [ RunTime:0.000000s ]
SQL: SHOW COLUMNS FROM `group_user` [ RunTime:0.0120s ]
SQL: SELECT * FROM `group_user` WHERE `uname` = 'admin' AND `password` = 'e10adc3949ba59abbe56e057f20f883e' LIMIT 1   [ RunTime:0.0010s ]

[ 2017-03-20T09:29:39+08:00 ] ::1 /shopping/shop/index.php/admin/category/delete
INFO: [ app_begin ] --START--
INFO: Run Behavior\ReadHtmlCacheBehavior [ RunTime:0.001000s ]
INFO: [ app_begin ] --END-- [ RunTime:0.001000s ]
SQL: SHOW COLUMNS FROM `group_category` [ RunTime:0.0020s ]
SQL: SELECT * FROM `group_category`  [ RunTime:0.0000s ]

[ 2017-03-20T09:42:15+08:00 ] ::1 /shopping/shop/index.php/admin/User/delete
INFO: [ app_begin ] --START--
INFO: Run Behavior\ReadHtmlCacheBehavior [ RunTime:0.000000s ]
INFO: [ app_begin ] --END-- [ RunTime:0.000000s ]
NOTIC: [8] Undefined index: uid F:\xampp\htdocs\shopping\shop\Admin\Controller\UserController.class.php 第 63 行.
SQL: SHOW COLUMNS FROM `group_user` [ RunTime:0.0010s ]
SQL: DELETE FROM `group_user` WHERE `uid` = null [ RunTime:0.0010s ]

[ 2017-03-20T11:13:30+08:00 ] ::1 /shopping/shop/index.php/admin/Type/add
INFO: [ app_begin ] --START--
INFO: Run Behavior\ReadHtmlCacheBehavior [ RunTime:0.000000s ]
INFO: [ app_begin ] --END-- [ RunTime:0.000000s ]
SQL: SHOW COLUMNS FROM `group_type` [ RunTime:0.0020s ]
NOTIC: [8] Undefined index: validate F:\xampp\htdocs\shopping\ThinkPHP\Library\Think\Model.class.php 第 1185 行.

[ 2017-03-20T11:13:37+08:00 ] ::1 /shopping/shop/index.php/admin/Type/add
INFO: [ app_begin ] --START--
INFO: Run Behavior\ReadHtmlCacheBehavior [ RunTime:0.000000s ]
INFO: [ app_begin ] --END-- [ RunTime:0.000000s ]
SQL: SHOW COLUMNS FROM `group_type` [ RunTime:0.0020s ]
NOTIC: [8] Undefined index: validate F:\xampp\htdocs\shopping\ThinkPHP\Library\Think\Model.class.php 第 1185 行.

[ 2017-03-20T11:14:27+08:00 ] ::1 /shopping/shop/index.php/admin/Type/add
INFO: [ app_begin ] --START--
INFO: Run Behavior\ReadHtmlCacheBehavior [ RunTime:0.001000s ]
INFO: [ app_begin ] --END-- [ RunTime:0.001000s ]
SQL: SHOW COLUMNS FROM `group_type` [ RunTime:0.0020s ]
NOTIC: [8] Undefined index: validate F:\xampp\htdocs\shopping\ThinkPHP\Library\Think\Model.class.php 第 1185 行.

[ 2017-03-20T11:14:30+08:00 ] ::1 /shopping/shop/index.php/admin/Type/add
INFO: [ app_begin ] --START--
INFO: Run Behavior\ReadHtmlCacheBehavior [ RunTime:0.000000s ]
INFO: [ app_begin ] --END-- [ RunTime:0.000000s ]
SQL: SHOW COLUMNS FROM `group_type` [ RunTime:0.0020s ]
NOTIC: [8] Undefined index: validate F:\xampp\htdocs\shopping\ThinkPHP\Library\Think\Model.class.php 第 1185 行.
NOTIC: [8] Undefined index: auto F:\xampp\htdocs\shopping\ThinkPHP\Library\Think\Model.class.php 第 1128 行.
SQL: INSERT INTO `group_type` (`typename`) VALUES ('电脑') [ RunTime:0.1050s ]

[ 2017-03-20T11:23:23+08:00 ] ::1 /shopping/shop/index.php/Admin/Type/edit/tid/__MODUEL__/Type/edit
INFO: [ app_begin ] --START--
INFO: Run Behavior\ReadHtmlCacheBehavior [ RunTime:0.000000s ]
INFO: [ app_begin ] --END-- [ RunTime:0.000000s ]
SQL: SHOW COLUMNS FROM `group_type` [ RunTime:0.0020s ]
SQL: UPDATE `group_type` SET `typename`='' WHERE `tid` = 0 [ RunTime:0.0000s ]

[ 2017-03-20T11:23:27+08:00 ] ::1 /shopping/shop/index.php/Admin/Type/edit/tid/__MODUEL__/Type/edit
INFO: [ app_begin ] --START--
INFO: Run Behavior\ReadHtmlCacheBehavior [ RunTime:0.000000s ]
INFO: [ app_begin ] --END-- [ RunTime:0.000000s ]
SQL: SHOW COLUMNS FROM `group_type` [ RunTime:0.0010s ]
SQL: UPDATE `group_type` SET `typename`='' WHERE `tid` = 0 [ RunTime:0.0000s ]

[ 2017-03-20T11:23:38+08:00 ] ::1 /shopping/shop/index.php/Admin/Type/edit/tid/__MODUEL__/Type/edit
INFO: [ app_begin ] --START--
INFO: Run Behavior\ReadHtmlCacheBehavior [ RunTime:0.000000s ]
INFO: [ app_begin ] --END-- [ RunTime:0.001000s ]
SQL: SHOW COLUMNS FROM `group_type` [ RunTime:0.0020s ]
SQL: UPDATE `group_type` SET `typename`='' WHERE `tid` = 0 [ RunTime:0.0000s ]

[ 2017-03-20T11:24:04+08:00 ] ::1 /shopping/shop/index.php/Admin/Type/edit/tid/__MODUEL__/Type/edit
INFO: [ app_begin ] --START--
INFO: Run Behavior\ReadHtmlCacheBehavior [ RunTime:0.000000s ]
INFO: [ app_begin ] --END-- [ RunTime:0.000000s ]
SQL: SHOW COLUMNS FROM `group_type` [ RunTime:0.0020s ]
SQL: UPDATE `group_type` SET `typename`='' WHERE `tid` = 0 [ RunTime:0.0000s ]

[ 2017-03-20T11:24:25+08:00 ] ::1 /shopping/shop/index.php/Admin/Type/edit/tid/__MODUEL__/Type/edit
INFO: [ app_begin ] --START--
INFO: Run Behavior\ReadHtmlCacheBehavior [ RunTime:0.001000s ]
INFO: [ app_begin ] --END-- [ RunTime:0.001000s ]
SQL: SHOW COLUMNS FROM `group_type` [ RunTime:0.0020s ]
SQL: UPDATE `group_type` SET `typename`='' WHERE `tid` = 0 [ RunTime:0.0000s ]

[ 2017-03-20T11:24:27+08:00 ] ::1 /shopping/shop/index.php/Admin/Type/edit/tid/__MODUEL__/Type/edit
INFO: [ app_begin ] --START--
INFO: Run Behavior\ReadHtmlCacheBehavior [ RunTime:0.000000s ]
INFO: [ app_begin ] --END-- [ RunTime:0.000000s ]
SQL: SHOW COLUMNS FROM `group_type` [ RunTime:0.0020s ]
SQL: UPDATE `group_type` SET `typename`='' WHERE `tid` = 0 [ RunTime:0.0000s ]

[ 2017-03-20T11:25:38+08:00 ] ::1 /shopping/shop/index.php/Admin/Type/edit/tid/__MODUEL__/Type/edit
INFO: [ app_begin ] --START--
INFO: Run Behavior\ReadHtmlCacheBehavior [ RunTime:0.001000s ]
INFO: [ app_begin ] --END-- [ RunTime:0.001000s ]
SQL: SHOW COLUMNS FROM `group_type` [ RunTime:0.0020s ]
SQL: UPDATE `group_type` SET `typename`='' WHERE `tid` = 0 [ RunTime:0.0000s ]

[ 2017-03-20T11:25:40+08:00 ] ::1 /shopping/shop/index.php/Admin/Type/edit/tid/__MODUEL__/Type/edit
INFO: [ app_begin ] --START--
INFO: Run Behavior\ReadHtmlCacheBehavior [ RunTime:0.000000s ]
INFO: [ app_begin ] --END-- [ RunTime:0.000000s ]
SQL: SHOW COLUMNS FROM `group_type` [ RunTime:0.0010s ]
SQL: UPDATE `group_type` SET `typename`='' WHERE `tid` = 0 [ RunTime:0.0010s ]

[ 2017-03-20T11:25:40+08:00 ] ::1 /shopping/shop/index.php/Admin/Type/edit/tid/__MODUEL__/Type/edit
INFO: [ app_begin ] --START--
INFO: Run Behavior\ReadHtmlCacheBehavior [ RunTime:0.000000s ]
INFO: [ app_begin ] --END-- [ RunTime:0.000000s ]
SQL: SHOW COLUMNS FROM `group_type` [ RunTime:0.0020s ]
SQL: UPDATE `group_type` SET `typename`='' WHERE `tid` = 0 [ RunTime:0.0010s ]

[ 2017-03-20T11:25:41+08:00 ] ::1 /shopping/shop/index.php/Admin/Type/edit/tid/__MODUEL__/Type/edit
INFO: [ app_begin ] --START--
INFO: Run Behavior\ReadHtmlCacheBehavior [ RunTime:0.000000s ]
INFO: [ app_begin ] --END-- [ RunTime:0.000000s ]
SQL: SHOW COLUMNS FROM `group_type` [ RunTime:0.0020s ]
SQL: UPDATE `group_type` SET `typename`='' WHERE `tid` = 0 [ RunTime:0.0000s ]

[ 2017-03-20T11:25:43+08:00 ] ::1 /shopping/shop/index.php/Admin/Type/edit/tid/__MODUEL__/Type/edit
INFO: [ app_begin ] --START--
INFO: Run Behavior\ReadHtmlCacheBehavior [ RunTime:0.000000s ]
INFO: [ app_begin ] --END-- [ RunTime:0.000000s ]
SQL: SHOW COLUMNS FROM `group_type` [ RunTime:0.0020s ]
SQL: UPDATE `group_type` SET `typename`='' WHERE `tid` = 0 [ RunTime:0.0000s ]

[ 2017-03-20T11:25:46+08:00 ] ::1 /shopping/shop/index.php/Admin/Type/edit/tid/__MODUEL__/Type/edit
INFO: [ app_begin ] --START--
INFO: Run Behavior\ReadHtmlCacheBehavior [ RunTime:0.000000s ]
INFO: [ app_begin ] --END-- [ RunTime:0.000000s ]
SQL: SHOW COLUMNS FROM `group_type` [ RunTime:0.0020s ]
SQL: UPDATE `group_type` SET `typename`='' WHERE `tid` = 0 [ RunTime:0.0000s ]

[ 2017-03-20T11:25:47+08:00 ] ::1 /shopping/shop/index.php/Admin/Type/edit/tid/__MODUEL__/Type/edit
INFO: [ app_begin ] --START--
INFO: Run Behavior\ReadHtmlCacheBehavior [ RunTime:0.001000s ]
INFO: [ app_begin ] --END-- [ RunTime:0.001000s ]
SQL: SHOW COLUMNS FROM `group_type` [ RunTime:0.0010s ]
SQL: UPDATE `group_type` SET `typename`='' WHERE `tid` = 0 [ RunTime:0.0000s ]

[ 2017-03-20T11:29:53+08:00 ] ::1 /shopping/shop/index.php/Admin/Type/edit/tid/__MODUEL__/Type/edit
INFO: [ app_begin ] --START--
INFO: Run Behavior\ReadHtmlCacheBehavior [ RunTime:0.000000s ]
INFO: [ app_begin ] --END-- [ RunTime:0.000000s ]
SQL: SHOW COLUMNS FROM `group_type` [ RunTime:0.0020s ]
SQL: UPDATE `group_type` SET `typename`='' WHERE `tid` = 0 [ RunTime:0.0000s ]

[ 2017-03-20T11:31:42+08:00 ] ::1 /shopping/shop/index.php/Admin/Type/edit/tid/__MODUEL__/Type/edit
INFO: [ app_begin ] --START--
INFO: Run Behavior\ReadHtmlCacheBehavior [ RunTime:0.000000s ]
INFO: [ app_begin ] --END-- [ RunTime:0.001000s ]
SQL: SHOW COLUMNS FROM `group_type` [ RunTime:0.0010s ]
SQL: UPDATE `group_type` SET `typename`='' WHERE `tid` = 0 [ RunTime:0.0000s ]

[ 2017-03-20T11:32:31+08:00 ] ::1 /shopping/shop/index.php/Admin/Type/edit/tid/__MODUEL__/Type/edit
INFO: [ app_begin ] --START--
INFO: Run Behavior\ReadHtmlCacheBehavior [ RunTime:0.000000s ]
INFO: [ app_begin ] --END-- [ RunTime:0.000000s ]
SQL: SHOW COLUMNS FROM `group_type` [ RunTime:0.0010s ]
SQL: UPDATE `group_type` SET `typename`='' WHERE `tid` = 1 [ RunTime:0.0800s ]

[ 2017-03-20T11:34:26+08:00 ] ::1 /shopping/shop/index.php/Admin/Type/edit/tid/__MODUEL__/Type/edit
INFO: [ app_begin ] --START--
INFO: Run Behavior\ReadHtmlCacheBehavior [ RunTime:0.000000s ]
INFO: [ app_begin ] --END-- [ RunTime:0.000000s ]
SQL: SHOW COLUMNS FROM `group_type` [ RunTime:0.0020s ]
SQL: UPDATE `group_type` SET `typename`='' WHERE `tid` = 1 [ RunTime:0.0690s ]

[ 2017-03-20T11:34:27+08:00 ] ::1 /shopping/shop/index.php/Admin/Type/edit/tid/__MODUEL__/Type/edit
INFO: [ app_begin ] --START--
INFO: Run Behavior\ReadHtmlCacheBehavior [ RunTime:0.000000s ]
INFO: [ app_begin ] --END-- [ RunTime:0.000000s ]
SQL: SHOW COLUMNS FROM `group_type` [ RunTime:0.0020s ]
SQL: UPDATE `group_type` SET `typename`='' WHERE `tid` = 1 [ RunTime:0.0420s ]

[ 2017-03-20T11:34:28+08:00 ] ::1 /shopping/shop/index.php/Admin/Type/edit/tid/__MODUEL__/Type/edit
INFO: [ app_begin ] --START--
INFO: Run Behavior\ReadHtmlCacheBehavior [ RunTime:0.000000s ]
INFO: [ app_begin ] --END-- [ RunTime:0.000000s ]
SQL: SHOW COLUMNS FROM `group_type` [ RunTime:0.0020s ]
SQL: UPDATE `group_type` SET `typename`='' WHERE `tid` = 1 [ RunTime:0.0540s ]

[ 2017-03-20T11:36:48+08:00 ] ::1 /shopping/shop/index.php/Admin/Type/edit/tid/__MODUEL__/Type/edit
INFO: [ app_begin ] --START--
INFO: Run Behavior\ReadHtmlCacheBehavior [ RunTime:0.001000s ]
INFO: [ app_begin ] --END-- [ RunTime:0.001000s ]
SQL: SHOW COLUMNS FROM `group_type` [ RunTime:0.0010s ]
SQL: UPDATE `group_type` SET `typename`='' WHERE `tid` = 1 [ RunTime:0.0820s ]

[ 2017-03-20T11:43:32+08:00 ] ::1 /shopping/shop/index.php/Admin/Type/edit/tid/__MODUEL__/Type/edit
INFO: [ app_begin ] --START--
INFO: Run Behavior\ReadHtmlCacheBehavior [ RunTime:0.000000s ]
INFO: [ app_begin ] --END-- [ RunTime:0.001000s ]
SQL: SHOW COLUMNS FROM `group_type` [ RunTime:0.0020s ]
SQL: UPDATE `group_type` SET `typename`='' WHERE `tid` = 1 [ RunTime:0.0770s ]

[ 2017-03-20T11:43:47+08:00 ] ::1 /shopping/shop/index.php/Admin/Type/edit/tid/__MODUEL__/Type/edit
INFO: [ app_begin ] --START--
INFO: Run Behavior\ReadHtmlCacheBehavior [ RunTime:0.001000s ]
INFO: [ app_begin ] --END-- [ RunTime:0.001000s ]
SQL: SHOW COLUMNS FROM `group_type` [ RunTime:0.0020s ]
SQL: UPDATE `group_type` SET `typename`='' WHERE `tid` = 1 [ RunTime:0.0990s ]

[ 2017-03-20T11:43:56+08:00 ] ::1 /shopping/shop/index.php/Admin/Type/edit/tid/__MODUEL__/Type/edit
INFO: [ app_begin ] --START--
INFO: Run Behavior\ReadHtmlCacheBehavior [ RunTime:0.001000s ]
INFO: [ app_begin ] --END-- [ RunTime:0.001000s ]
SQL: SHOW COLUMNS FROM `group_type` [ RunTime:0.0020s ]
SQL: UPDATE `group_type` SET `typename`='' WHERE `tid` = 1 [ RunTime:0.0560s ]

[ 2017-03-20T11:43:57+08:00 ] ::1 /shopping/shop/index.php/Admin/Type/edit/tid/__MODUEL__/Type/edit
INFO: [ app_begin ] --START--
INFO: Run Behavior\ReadHtmlCacheBehavior [ RunTime:0.001000s ]
INFO: [ app_begin ] --END-- [ RunTime:0.001000s ]
SQL: SHOW COLUMNS FROM `group_type` [ RunTime:0.0020s ]
SQL: UPDATE `group_type` SET `typename`='' WHERE `tid` = 1 [ RunTime:0.2400s ]

[ 2017-03-20T11:43:57+08:00 ] ::1 /shopping/shop/index.php/Admin/Type/edit/tid/__MODUEL__/Type/edit
INFO: [ app_begin ] --START--
INFO: Run Behavior\ReadHtmlCacheBehavior [ RunTime:0.000000s ]
INFO: [ app_begin ] --END-- [ RunTime:0.000000s ]
SQL: SHOW COLUMNS FROM `group_type` [ RunTime:0.0020s ]
SQL: UPDATE `group_type` SET `typename`='' WHERE `tid` = 1 [ RunTime:0.0330s ]

[ 2017-03-20T11:46:32+08:00 ] ::1 /shopping/shop/index.php/Admin/Type/edit/tid/__MODUEL__/Type/edit
INFO: [ app_begin ] --START--
INFO: Run Behavior\ReadHtmlCacheBehavior [ RunTime:0.000000s ]
INFO: [ app_begin ] --END-- [ RunTime:0.000000s ]
SQL: SHOW COLUMNS FROM `group_type` [ RunTime:0.0020s ]
SQL: UPDATE `group_type` SET `typename`='' WHERE `tid` = 1 [ RunTime:0.0940s ]

[ 2017-03-20T11:46:33+08:00 ] ::1 /shopping/shop/index.php/Admin/Type/edit/tid/__MODUEL__/Type/edit
INFO: [ app_begin ] --START--
INFO: Run Behavior\ReadHtmlCacheBehavior [ RunTime:0.001000s ]
INFO: [ app_begin ] --END-- [ RunTime:0.001000s ]
SQL: SHOW COLUMNS FROM `group_type` [ RunTime:0.0020s ]
SQL: UPDATE `group_type` SET `typename`='' WHERE `tid` = 1 [ RunTime:0.0670s ]

[ 2017-03-20T11:46:33+08:00 ] ::1 /shopping/shop/index.php/Admin/Type/edit/tid/__MODUEL__/Type/edit
INFO: [ app_begin ] --START--
INFO: Run Behavior\ReadHtmlCacheBehavior [ RunTime:0.001000s ]
INFO: [ app_begin ] --END-- [ RunTime:0.001000s ]
SQL: SHOW COLUMNS FROM `group_type` [ RunTime:0.0020s ]
SQL: UPDATE `group_type` SET `typename`='' WHERE `tid` = 1 [ RunTime:0.0490s ]

[ 2017-03-20T11:46:34+08:00 ] ::1 /shopping/shop/index.php/Admin/Type/edit/tid/__MODUEL__/Type/edit
INFO: [ app_begin ] --START--
INFO: Run Behavior\ReadHtmlCacheBehavior [ RunTime:0.000000s ]
INFO: [ app_begin ] --END-- [ RunTime:0.000000s ]
SQL: SHOW COLUMNS FROM `group_type` [ RunTime:0.0020s ]
SQL: UPDATE `group_type` SET `typename`='' WHERE `tid` = 1 [ RunTime:0.0350s ]

[ 2017-03-20T16:09:22+08:00 ] ::1 /shopping/shop/index.php/admin/Login/login
INFO: [ app_begin ] --START--
INFO: Run Behavior\ReadHtmlCacheBehavior [ RunTime:0.000000s ]
INFO: [ app_begin ] --END-- [ RunTime:0.000000s ]
SQL: SHOW COLUMNS FROM `group_user` [ RunTime:0.0600s ]
SQL: SELECT * FROM `group_user` WHERE `uname` = 'admin' AND `password` = 'e10adc3949ba59abbe56e057f20f883e' LIMIT 1   [ RunTime:0.0000s ]

[ 2017-03-20T16:09:38+08:00 ] ::1 /shopping/shop/index.php/admin/Type/add
INFO: [ app_begin ] --START--
INFO: Run Behavior\ReadHtmlCacheBehavior [ RunTime:0.000000s ]
INFO: [ app_begin ] --END-- [ RunTime:0.000000s ]
SQL: SHOW COLUMNS FROM `group_type` [ RunTime:0.0010s ]
NOTIC: [8] Undefined index: validate F:\xampp\htdocs\shopping\ThinkPHP\Library\Think\Model.class.php 第 1185 行.
NOTIC: [8] Undefined index: auto F:\xampp\htdocs\shopping\ThinkPHP\Library\Think\Model.class.php 第 1128 行.
SQL: INSERT INTO `group_type` (`typename`) VALUES ('手机') [ RunTime:0.2040s ]

[ 2017-03-20T16:09:56+08:00 ] ::1 /shopping/shop/index.php/Admin/Type/edit/tid/__MODUEL__/Type/edit
INFO: [ app_begin ] --START--
INFO: Run Behavior\ReadHtmlCacheBehavior [ RunTime:0.000000s ]
INFO: [ app_begin ] --END-- [ RunTime:0.000000s ]
SQL: SHOW COLUMNS FROM `group_type` [ RunTime:0.0020s ]
SQL: UPDATE `group_type` SET `typename`='' WHERE `tid` = 2 [ RunTime:0.0830s ]

[ 2017-03-20T16:10:44+08:00 ] ::1 /shopping/shop/index.php/Admin/Type/edit/tid/__MODUEL__/Type/edit
INFO: [ app_begin ] --START--
INFO: Run Behavior\ReadHtmlCacheBehavior [ RunTime:0.000000s ]
INFO: [ app_begin ] --END-- [ RunTime:0.000000s ]
SQL: SHOW COLUMNS FROM `group_type` [ RunTime:0.0020s ]
SQL: UPDATE `group_type` SET `typename`='冰箱' WHERE `tid` = 1 [ RunTime:0.3710s ]

[ 2017-03-20T16:10:54+08:00 ] ::1 /shopping/shop/index.php/Admin/Type/edit/tid/__MODUEL__/Type/edit
INFO: [ app_begin ] --START--
INFO: Run Behavior\ReadHtmlCacheBehavior [ RunTime:0.001000s ]
INFO: [ app_begin ] --END-- [ RunTime:0.001000s ]
SQL: SHOW COLUMNS FROM `group_type` [ RunTime:0.0020s ]
SQL: UPDATE `group_type` SET `typename`='电脑' WHERE `tid` = 2 [ RunTime:0.0750s ]

[ 2017-03-20T16:13:59+08:00 ] ::1 /shopping/shop/index.php/admin/User/delete
INFO: [ app_begin ] --START--
INFO: Run Behavior\ReadHtmlCacheBehavior [ RunTime:0.001000s ]
INFO: [ app_begin ] --END-- [ RunTime:0.001000s ]
NOTIC: [8] Undefined index: uid F:\xampp\htdocs\shopping\shop\Admin\Controller\UserController.class.php 第 63 行.
SQL: SHOW COLUMNS FROM `group_user` [ RunTime:0.0020s ]
SQL: DELETE FROM `group_user` WHERE `uid` = null [ RunTime:0.0000s ]

[ 2017-03-20T16:14:02+08:00 ] ::1 /shopping/shop/index.php/admin/User/delete
INFO: [ app_begin ] --START--
INFO: Run Behavior\ReadHtmlCacheBehavior [ RunTime:0.001000s ]
INFO: [ app_begin ] --END-- [ RunTime:0.001000s ]
NOTIC: [8] Undefined index: uid F:\xampp\htdocs\shopping\shop\Admin\Controller\UserController.class.php 第 63 行.
SQL: SHOW COLUMNS FROM `group_user` [ RunTime:0.0020s ]
SQL: DELETE FROM `group_user` WHERE `uid` = null [ RunTime:0.0000s ]

[ 2017-03-20T16:14:11+08:00 ] ::1 /shopping/shop/index.php/admin/User/delete
INFO: [ app_begin ] --START--
INFO: Run Behavior\ReadHtmlCacheBehavior [ RunTime:0.000000s ]
INFO: [ app_begin ] --END-- [ RunTime:0.001000s ]
NOTIC: [8] Undefined index: uid F:\xampp\htdocs\shopping\shop\Admin\Controller\UserController.class.php 第 63 行.
SQL: SHOW COLUMNS FROM `group_user` [ RunTime:0.0030s ]
SQL: DELETE FROM `group_user` WHERE `uid` = null [ RunTime:0.0000s ]

[ 2017-03-20T16:14:15+08:00 ] ::1 /shopping/shop/index.php/admin/User/delete
INFO: [ app_begin ] --START--
INFO: Run Behavior\ReadHtmlCacheBehavior [ RunTime:0.001000s ]
INFO: [ app_begin ] --END-- [ RunTime:0.001000s ]
NOTIC: [8] Undefined index: uid F:\xampp\htdocs\shopping\shop\Admin\Controller\UserController.class.php 第 63 行.
SQL: SHOW COLUMNS FROM `group_user` [ RunTime:0.0020s ]
SQL: DELETE FROM `group_user` WHERE `uid` = null [ RunTime:0.0000s ]

[ 2017-03-20T16:14:20+08:00 ] ::1 /shopping/shop/index.php/admin/User/delete
INFO: [ app_begin ] --START--
INFO: Run Behavior\ReadHtmlCacheBehavior [ RunTime:0.000000s ]
INFO: [ app_begin ] --END-- [ RunTime:0.001000s ]
NOTIC: [8] Undefined index: uid F:\xampp\htdocs\shopping\shop\Admin\Controller\UserController.class.php 第 63 行.
SQL: SHOW COLUMNS FROM `group_user` [ RunTime:0.0020s ]
SQL: DELETE FROM `group_user` WHERE `uid` = null [ RunTime:0.0000s ]

[ 2017-03-20T16:15:16+08:00 ] ::1 /shopping/shop/index.php/admin/type/delete
INFO: [ app_begin ] --START--
INFO: Run Behavior\ReadHtmlCacheBehavior [ RunTime:0.000000s ]
INFO: [ app_begin ] --END-- [ RunTime:0.000000s ]
SQL: SHOW COLUMNS FROM `group_type` [ RunTime:0.0020s ]
SQL: DELETE FROM `group_type` WHERE `tid` = 2 [ RunTime:0.0770s ]

[ 2017-03-20T16:15:18+08:00 ] ::1 /shopping/shop/index.php/admin/type/delete
INFO: [ app_begin ] --START--
INFO: Run Behavior\ReadHtmlCacheBehavior [ RunTime:0.000000s ]
INFO: [ app_begin ] --END-- [ RunTime:0.001000s ]
SQL: SHOW COLUMNS FROM `group_type` [ RunTime:0.0020s ]
SQL: DELETE FROM `group_type` WHERE `tid` = 3 [ RunTime:0.2960s ]

[ 2017-03-20T16:15:20+08:00 ] ::1 /shopping/shop/index.php/admin/type/delete
INFO: [ app_begin ] --START--
INFO: Run Behavior\ReadHtmlCacheBehavior [ RunTime:0.000000s ]
INFO: [ app_begin ] --END-- [ RunTime:0.000000s ]
SQL: SHOW COLUMNS FROM `group_type` [ RunTime:0.0020s ]
SQL: DELETE FROM `group_type` WHERE `tid` = 1 [ RunTime:0.0680s ]

[ 2017-03-20T16:15:26+08:00 ] ::1 /shopping/shop/index.php/admin/Type/add
INFO: [ app_begin ] --START--
INFO: Run Behavior\ReadHtmlCacheBehavior [ RunTime:0.000000s ]
INFO: [ app_begin ] --END-- [ RunTime:0.001000s ]
SQL: SHOW COLUMNS FROM `group_type` [ RunTime:0.0020s ]
NOTIC: [8] Undefined index: validate F:\xampp\htdocs\shopping\ThinkPHP\Library\Think\Model.class.php 第 1185 行.
NOTIC: [8] Undefined index: auto F:\xampp\htdocs\shopping\ThinkPHP\Library\Think\Model.class.php 第 1128 行.
SQL: INSERT INTO `group_type` (`typename`) VALUES ('电脑') [ RunTime:0.0650s ]

[ 2017-03-20T16:15:34+08:00 ] ::1 /shopping/shop/index.php/Admin/Type/edit/tid/__MODUEL__/Type/edit
INFO: [ app_begin ] --START--
INFO: Run Behavior\ReadHtmlCacheBehavior [ RunTime:0.000000s ]
INFO: [ app_begin ] --END-- [ RunTime:0.000000s ]
SQL: SHOW COLUMNS FROM `group_type` [ RunTime:0.0020s ]
SQL: UPDATE `group_type` SET `typename`='手机' WHERE `tid` = 4 [ RunTime:0.0980s ]

[ 2017-03-20T17:19:55+08:00 ] ::1 /shopping/shop/index.php/Admin/Type/attribute/tid/4
ERR: 非法操作:attribute

[ 2017-03-20T17:20:21+08:00 ] ::1 /shopping/shop/index.php/Admin/type/__MODUEL__/attribute/tid/4
ERR: 非法操作:__MODUEL__

[ 2017-03-20T17:21:27+08:00 ] ::1 /shopping/shop/index.php/Admin/type/__MODUEL__/attribute/tid/4
ERR: 非法操作:__MODUEL__

[ 2017-03-20T17:22:31+08:00 ] ::1 /shopping/shop/index.php/Admin/type/__MODUEL__/attribute/tid/4
ERR: 非法操作:__MODUEL__

[ 2017-03-20T17:23:04+08:00 ] ::1 /shopping/shop/index.php/Admin/type/__MODUEL__/attribute/add/tid/4
ERR: 非法操作:__MODUEL__

[ 2017-03-20T17:24:36+08:00 ] ::1 /shopping/shop/index.php/Admin/type/__MODUEL__/Type/edit
ERR: 非法操作:__MODUEL__

