[ 2017-03-10T15:08:03+08:00 ] ::1 /shopping/shop/index.php/admin/Login/login
INFO: [ app_begin ] --START--
INFO: Run Behavior\ReadHtmlCacheBehavior [ RunTime:0.000000s ]
INFO: [ app_begin ] --END-- [ RunTime:0.001000s ]
SQL: SHOW COLUMNS FROM `group_user` [ RunTime:0.0150s ]
SQL: SELECT * FROM `group_user` WHERE `uname` = 'admin' AND `password` = 'e10adc3949ba59abbe56e057f20f883e' LIMIT 1   [ RunTime:0.0010s ]

[ 2017-03-10T15:15:43+08:00 ] ::1 /shopping/shop/index.php/Admin/category/index
ERR: 无法加载控制器:Category

[ 2017-03-10T15:16:12+08:00 ] ::1 /shopping/shop/index.php/Admin/category/index
ERR: 无法加载控制器:Category

[ 2017-03-10T15:19:10+08:00 ] ::1 /shopping/shop/index.php/Admin/category/index
ERR: 1146:Table 'hdgroup.group_catedory' doesn't exist
 [ SQL语句 ] : SHOW COLUMNS FROM `group_catedory`

[ 2017-03-10T16:00:03+08:00 ] ::1 /shopping/shop/index.php/admin/User/add
INFO: [ app_begin ] --START--
INFO: Run Behavior\ReadHtmlCacheBehavior [ RunTime:0.001000s ]
INFO: [ app_begin ] --END-- [ RunTime:0.001000s ]
SQL: SHOW COLUMNS FROM `group_user` [ RunTime:0.0040s ]
NOTIC: [8] Undefined index: validate F:\xampp\htdocs\shopping\ThinkPHP\Library\Think\Model.class.php 第 1185 行.

[ 2017-03-10T16:00:04+08:00 ] ::1 /shopping/shop/index.php/admin/User/add
INFO: [ app_begin ] --START--
INFO: Run Behavior\ReadHtmlCacheBehavior [ RunTime:0.001000s ]
INFO: [ app_begin ] --END-- [ RunTime:0.001000s ]
SQL: SHOW COLUMNS FROM `group_user` [ RunTime:0.0030s ]
NOTIC: [8] Undefined index: validate F:\xampp\htdocs\shopping\ThinkPHP\Library\Think\Model.class.php 第 1185 行.

[ 2017-03-10T16:00:05+08:00 ] ::1 /shopping/shop/index.php/admin/User/add
INFO: [ app_begin ] --START--
INFO: Run Behavior\ReadHtmlCacheBehavior [ RunTime:0.001000s ]
INFO: [ app_begin ] --END-- [ RunTime:0.001000s ]
SQL: SHOW COLUMNS FROM `group_user` [ RunTime:0.0030s ]
NOTIC: [8] Undefined index: validate F:\xampp\htdocs\shopping\ThinkPHP\Library\Think\Model.class.php 第 1185 行.

[ 2017-03-10T16:00:05+08:00 ] ::1 /shopping/shop/index.php/admin/User/add
INFO: [ app_begin ] --START--
INFO: Run Behavior\ReadHtmlCacheBehavior [ RunTime:0.000000s ]
INFO: [ app_begin ] --END-- [ RunTime:0.000000s ]
SQL: SHOW COLUMNS FROM `group_user` [ RunTime:0.0030s ]
NOTIC: [8] Undefined index: validate F:\xampp\htdocs\shopping\ThinkPHP\Library\Think\Model.class.php 第 1185 行.

[ 2017-03-10T16:00:06+08:00 ] ::1 /shopping/shop/index.php/admin/User/add
INFO: [ app_begin ] --START--
INFO: Run Behavior\ReadHtmlCacheBehavior [ RunTime:0.001000s ]
INFO: [ app_begin ] --END-- [ RunTime:0.001000s ]
SQL: SHOW COLUMNS FROM `group_user` [ RunTime:0.0050s ]
NOTIC: [8] Undefined index: validate F:\xampp\htdocs\shopping\ThinkPHP\Library\Think\Model.class.php 第 1185 行.

[ 2017-03-10T16:00:06+08:00 ] ::1 /shopping/shop/index.php/admin/User/add
INFO: [ app_begin ] --START--
INFO: Run Behavior\ReadHtmlCacheBehavior [ RunTime:0.000000s ]
INFO: [ app_begin ] --END-- [ RunTime:0.001000s ]
SQL: SHOW COLUMNS FROM `group_user` [ RunTime:0.0040s ]
NOTIC: [8] Undefined index: validate F:\xampp\htdocs\shopping\ThinkPHP\Library\Think\Model.class.php 第 1185 行.

[ 2017-03-10T16:00:06+08:00 ] ::1 /shopping/shop/index.php/admin/User/add
INFO: [ app_begin ] --START--
INFO: Run Behavior\ReadHtmlCacheBehavior [ RunTime:0.001000s ]
INFO: [ app_begin ] --END-- [ RunTime:0.001000s ]
SQL: SHOW COLUMNS FROM `group_user` [ RunTime:0.0040s ]
NOTIC: [8] Undefined index: validate F:\xampp\htdocs\shopping\ThinkPHP\Library\Think\Model.class.php 第 1185 行.

[ 2017-03-10T16:19:42+08:00 ] ::1 /shopping/shop/index.php/admin/Category/add
INFO: [ app_begin ] --START--
INFO: Run Behavior\ReadHtmlCacheBehavior [ RunTime:0.000000s ]
INFO: [ app_begin ] --END-- [ RunTime:0.000000s ]
SQL: SHOW COLUMNS FROM `group_category` [ RunTime:0.0040s ]
NOTIC: [8] Undefined index: validate F:\xampp\htdocs\shopping\ThinkPHP\Library\Think\Model.class.php 第 1185 行.
NOTIC: [8] Undefined variable: m F:\xampp\htdocs\shopping\shop\Admin\Controller\CategoryController.class.php 第 37 行.

[ 2017-03-10T16:21:57+08:00 ] ::1 /shopping/shop/index.php/admin/Category/add
INFO: [ app_begin ] --START--
INFO: Run Behavior\ReadHtmlCacheBehavior [ RunTime:0.000000s ]
INFO: [ app_begin ] --END-- [ RunTime:0.001000s ]
SQL: SHOW COLUMNS FROM `group_category` [ RunTime:0.0030s ]
NOTIC: [8] Undefined index: validate F:\xampp\htdocs\shopping\ThinkPHP\Library\Think\Model.class.php 第 1185 行.

[ 2017-03-10T16:22:17+08:00 ] ::1 /shopping/shop/index.php/admin/Category/add
INFO: [ app_begin ] --START--
INFO: Run Behavior\ReadHtmlCacheBehavior [ RunTime:0.000000s ]
INFO: [ app_begin ] --END-- [ RunTime:0.001000s ]
SQL: SHOW COLUMNS FROM `group_category` [ RunTime:0.0030s ]
NOTIC: [8] Undefined index: validate F:\xampp\htdocs\shopping\ThinkPHP\Library\Think\Model.class.php 第 1185 行.

[ 2017-03-10T16:24:17+08:00 ] ::1 /shopping/shop/index.php/admin/Category/add
INFO: [ app_begin ] --START--
INFO: Run Behavior\ReadHtmlCacheBehavior [ RunTime:0.001000s ]
INFO: [ app_begin ] --END-- [ RunTime:0.001000s ]
SQL: SHOW COLUMNS FROM `group_category` [ RunTime:0.0040s ]
NOTIC: [8] Undefined index: validate F:\xampp\htdocs\shopping\ThinkPHP\Library\Think\Model.class.php 第 1185 行.
NOTIC: [8] Undefined index: auto F:\xampp\htdocs\shopping\ThinkPHP\Library\Think\Model.class.php 第 1128 行.
SQL: INSERT INTO `group_category` (`cname`,`keywords`,`title`,`description`,`sort`,`display`,`pid`) VALUES ('为全文','而且','额去',' 而且我','0','0','0') [ RunTime:0.1710s ]

[ 2017-03-10T16:37:47+08:00 ] ::1 /shopping/shop/index.php/admin/Category/add
INFO: [ app_begin ] --START--
INFO: Run Behavior\ReadHtmlCacheBehavior [ RunTime:0.001000s ]
INFO: [ app_begin ] --END-- [ RunTime:0.001000s ]
SQL: SHOW COLUMNS FROM `group_category` [ RunTime:0.0030s ]
NOTIC: [8] Undefined index: validate F:\xampp\htdocs\shopping\ThinkPHP\Library\Think\Model.class.php 第 1185 行.
NOTIC: [8] Undefined index: auto F:\xampp\htdocs\shopping\ThinkPHP\Library\Think\Model.class.php 第 1128 行.
SQL: INSERT INTO `group_category` (`cname`,`keywords`,`title`,`description`,`sort`,`display`,`pid`) VALUES ('撒的撒的','ad啊','十大','是按时','0','0','0') [ RunTime:0.1670s ]

[ 2017-03-10T16:39:36+08:00 ] ::1 /shopping/shop/index.php/admin/Category/add
INFO: [ app_begin ] --START--
INFO: Run Behavior\ReadHtmlCacheBehavior [ RunTime:0.000000s ]
INFO: [ app_begin ] --END-- [ RunTime:0.001001s ]
SQL: SHOW COLUMNS FROM `group_category` [ RunTime:0.0040s ]
NOTIC: [8] Undefined index: validate F:\xampp\htdocs\shopping\ThinkPHP\Library\Think\Model.class.php 第 1185 行.
NOTIC: [8] Undefined index: auto F:\xampp\htdocs\shopping\ThinkPHP\Library\Think\Model.class.php 第 1128 行.
SQL: INSERT INTO `group_category` (`cname`,`keywords`,`title`,`description`,`sort`,`display`,`pid`) VALUES ('的哇塞网','我去','的q','的q','1','0','0') [ RunTime:0.0810s ]

[ 2017-03-10T16:52:51+08:00 ] ::1 /shopping/shop/index.php/admin/Category/add
INFO: [ app_begin ] --START--
INFO: Run Behavior\ReadHtmlCacheBehavior [ RunTime:0.001000s ]
INFO: [ app_begin ] --END-- [ RunTime:0.001000s ]
SQL: SHOW COLUMNS FROM `group_category` [ RunTime:0.0040s ]
NOTIC: [8] Undefined index: validate F:\xampp\htdocs\shopping\ThinkPHP\Library\Think\Model.class.php 第 1185 行.
NOTIC: [8] Undefined index: auto F:\xampp\htdocs\shopping\ThinkPHP\Library\Think\Model.class.php 第 1128 行.
ERR: 1062:Duplicate entry '为全文' for key 'cname_UNIQUE'
 [ SQL语句 ] : INSERT INTO `group_category` (`cname`,`keywords`,`title`,`description`,`sort`,`display`,`pid`) VALUES ('为全文','委屈','委屈',' 我','0','0','0')
ERR: 1062:Duplicate entry '为全文' for key 'cname_UNIQUE'
 [ SQL语句 ] : INSERT INTO `group_category` (`cname`,`keywords`,`title`,`description`,`sort`,`display`,`pid`) VALUES ('为全文','委屈','委屈',' 我','0','0','0')

[ 2017-03-10T16:52:53+08:00 ] ::1 /shopping/shop/index.php/admin/Category/add
INFO: [ app_begin ] --START--
INFO: Run Behavior\ReadHtmlCacheBehavior [ RunTime:0.000000s ]
INFO: [ app_begin ] --END-- [ RunTime:0.000000s ]
SQL: SHOW COLUMNS FROM `group_category` [ RunTime:0.0040s ]
NOTIC: [8] Undefined index: validate F:\xampp\htdocs\shopping\ThinkPHP\Library\Think\Model.class.php 第 1185 行.
NOTIC: [8] Undefined index: auto F:\xampp\htdocs\shopping\ThinkPHP\Library\Think\Model.class.php 第 1128 行.
ERR: 1062:Duplicate entry '为全文' for key 'cname_UNIQUE'
 [ SQL语句 ] : INSERT INTO `group_category` (`cname`,`keywords`,`title`,`description`,`sort`,`display`,`pid`) VALUES ('为全文','委屈','委屈',' 我','0','0','0')
ERR: 1062:Duplicate entry '为全文' for key 'cname_UNIQUE'
 [ SQL语句 ] : INSERT INTO `group_category` (`cname`,`keywords`,`title`,`description`,`sort`,`display`,`pid`) VALUES ('为全文','委屈','委屈',' 我','0','0','0')

[ 2017-03-10T16:52:56+08:00 ] ::1 /shopping/shop/index.php/admin/Category/add
INFO: [ app_begin ] --START--
INFO: Run Behavior\ReadHtmlCacheBehavior [ RunTime:0.000000s ]
INFO: [ app_begin ] --END-- [ RunTime:0.000000s ]
SQL: SHOW COLUMNS FROM `group_category` [ RunTime:0.0030s ]
NOTIC: [8] Undefined index: validate F:\xampp\htdocs\shopping\ThinkPHP\Library\Think\Model.class.php 第 1185 行.
NOTIC: [8] Undefined index: auto F:\xampp\htdocs\shopping\ThinkPHP\Library\Think\Model.class.php 第 1128 行.
ERR: 1062:Duplicate entry '为全文' for key 'cname_UNIQUE'
 [ SQL语句 ] : INSERT INTO `group_category` (`cname`,`keywords`,`title`,`description`,`sort`,`display`,`pid`) VALUES ('为全文','委屈','委屈',' 我','0','0','0')
ERR: 1062:Duplicate entry '为全文' for key 'cname_UNIQUE'
 [ SQL语句 ] : INSERT INTO `group_category` (`cname`,`keywords`,`title`,`description`,`sort`,`display`,`pid`) VALUES ('为全文','委屈','委屈',' 我','0','0','0')

[ 2017-03-10T16:53:01+08:00 ] ::1 /shopping/shop/index.php/admin/Category/add
INFO: [ app_begin ] --START--
INFO: Run Behavior\ReadHtmlCacheBehavior [ RunTime:0.000000s ]
INFO: [ app_begin ] --END-- [ RunTime:0.001000s ]
SQL: SHOW COLUMNS FROM `group_category` [ RunTime:0.0040s ]
NOTIC: [8] Undefined index: validate F:\xampp\htdocs\shopping\ThinkPHP\Library\Think\Model.class.php 第 1185 行.
NOTIC: [8] Undefined index: auto F:\xampp\htdocs\shopping\ThinkPHP\Library\Think\Model.class.php 第 1128 行.
ERR: 1062:Duplicate entry '为全文' for key 'cname_UNIQUE'
 [ SQL语句 ] : INSERT INTO `group_category` (`cname`,`keywords`,`title`,`description`,`sort`,`display`,`pid`) VALUES ('为全文','委屈','委屈',' 我','0','0','0')
ERR: 1062:Duplicate entry '为全文' for key 'cname_UNIQUE'
 [ SQL语句 ] : INSERT INTO `group_category` (`cname`,`keywords`,`title`,`description`,`sort`,`display`,`pid`) VALUES ('为全文','委屈','委屈',' 我','0','0','0')

[ 2017-03-10T16:53:01+08:00 ] ::1 /shopping/shop/index.php/admin/Category/add
INFO: [ app_begin ] --START--
INFO: Run Behavior\ReadHtmlCacheBehavior [ RunTime:0.000000s ]
INFO: [ app_begin ] --END-- [ RunTime:0.001000s ]
SQL: SHOW COLUMNS FROM `group_category` [ RunTime:0.0030s ]
NOTIC: [8] Undefined index: validate F:\xampp\htdocs\shopping\ThinkPHP\Library\Think\Model.class.php 第 1185 行.
NOTIC: [8] Undefined index: auto F:\xampp\htdocs\shopping\ThinkPHP\Library\Think\Model.class.php 第 1128 行.
ERR: 1062:Duplicate entry '为全文' for key 'cname_UNIQUE'
 [ SQL语句 ] : INSERT INTO `group_category` (`cname`,`keywords`,`title`,`description`,`sort`,`display`,`pid`) VALUES ('为全文','委屈','委屈',' 我','0','0','0')
ERR: 1062:Duplicate entry '为全文' for key 'cname_UNIQUE'
 [ SQL语句 ] : INSERT INTO `group_category` (`cname`,`keywords`,`title`,`description`,`sort`,`display`,`pid`) VALUES ('为全文','委屈','委屈',' 我','0','0','0')

[ 2017-03-10T16:53:01+08:00 ] ::1 /shopping/shop/index.php/admin/Category/add
INFO: [ app_begin ] --START--
INFO: Run Behavior\ReadHtmlCacheBehavior [ RunTime:0.000000s ]
INFO: [ app_begin ] --END-- [ RunTime:0.001000s ]
SQL: SHOW COLUMNS FROM `group_category` [ RunTime:0.0060s ]
NOTIC: [8] Undefined index: validate F:\xampp\htdocs\shopping\ThinkPHP\Library\Think\Model.class.php 第 1185 行.
NOTIC: [8] Undefined index: auto F:\xampp\htdocs\shopping\ThinkPHP\Library\Think\Model.class.php 第 1128 行.
ERR: 1062:Duplicate entry '为全文' for key 'cname_UNIQUE'
 [ SQL语句 ] : INSERT INTO `group_category` (`cname`,`keywords`,`title`,`description`,`sort`,`display`,`pid`) VALUES ('为全文','委屈','委屈',' 我','0','0','0')
ERR: 1062:Duplicate entry '为全文' for key 'cname_UNIQUE'
 [ SQL语句 ] : INSERT INTO `group_category` (`cname`,`keywords`,`title`,`description`,`sort`,`display`,`pid`) VALUES ('为全文','委屈','委屈',' 我','0','0','0')

[ 2017-03-10T16:58:14+08:00 ] ::1 /shopping/shop/index.php/admin/Category/add
INFO: [ app_begin ] --START--
INFO: Run Behavior\ReadHtmlCacheBehavior [ RunTime:0.001000s ]
INFO: [ app_begin ] --END-- [ RunTime:0.001000s ]
SQL: SHOW COLUMNS FROM `group_category` [ RunTime:0.0040s ]
NOTIC: [8] Undefined index: validate F:\xampp\htdocs\shopping\ThinkPHP\Library\Think\Model.class.php 第 1185 行.
NOTIC: [8] Undefined index: auto F:\xampp\htdocs\shopping\ThinkPHP\Library\Think\Model.class.php 第 1128 行.
ERR: 1062:Duplicate entry '为全文' for key 'cname_UNIQUE'
 [ SQL语句 ] : INSERT INTO `group_category` (`cname`,`keywords`,`title`,`description`,`sort`,`display`,`pid`) VALUES ('为全文','委屈','委屈',' 我','0','0','0')
ERR: 1062:Duplicate entry '为全文' for key 'cname_UNIQUE'
 [ SQL语句 ] : INSERT INTO `group_category` (`cname`,`keywords`,`title`,`description`,`sort`,`display`,`pid`) VALUES ('为全文','委屈','委屈',' 我','0','0','0')

[ 2017-03-10T16:58:15+08:00 ] ::1 /shopping/shop/index.php/admin/Category/add
INFO: [ app_begin ] --START--
INFO: Run Behavior\ReadHtmlCacheBehavior [ RunTime:0.001000s ]
INFO: [ app_begin ] --END-- [ RunTime:0.001000s ]
SQL: SHOW COLUMNS FROM `group_category` [ RunTime:0.0030s ]
NOTIC: [8] Undefined index: validate F:\xampp\htdocs\shopping\ThinkPHP\Library\Think\Model.class.php 第 1185 行.
NOTIC: [8] Undefined index: auto F:\xampp\htdocs\shopping\ThinkPHP\Library\Think\Model.class.php 第 1128 行.
ERR: 1062:Duplicate entry '为全文' for key 'cname_UNIQUE'
 [ SQL语句 ] : INSERT INTO `group_category` (`cname`,`keywords`,`title`,`description`,`sort`,`display`,`pid`) VALUES ('为全文','委屈','委屈',' 我','0','0','0')
ERR: 1062:Duplicate entry '为全文' for key 'cname_UNIQUE'
 [ SQL语句 ] : INSERT INTO `group_category` (`cname`,`keywords`,`title`,`description`,`sort`,`display`,`pid`) VALUES ('为全文','委屈','委屈',' 我','0','0','0')

[ 2017-03-10T17:03:29+08:00 ] ::1 /shopping/shop/index.php/admin/Category/add
INFO: [ app_begin ] --START--
INFO: Run Behavior\ReadHtmlCacheBehavior [ RunTime:0.000000s ]
INFO: [ app_begin ] --END-- [ RunTime:0.001000s ]
SQL: SHOW COLUMNS FROM `group_category` [ RunTime:0.0030s ]
NOTIC: [8] Undefined index: validate F:\xampp\htdocs\shopping\ThinkPHP\Library\Think\Model.class.php 第 1185 行.
NOTIC: [8] Undefined index: auto F:\xampp\htdocs\shopping\ThinkPHP\Library\Think\Model.class.php 第 1128 行.
SQL: INSERT INTO `group_category` (`cname`,`keywords`,`title`,`description`,`sort`,`display`,`pid`) VALUES ('sad','大厦','是大','十大','0','0','0') [ RunTime:0.0720s ]

[ 2017-03-10T17:03:51+08:00 ] ::1 /shopping/shop/index.php/admin/Category/add
INFO: [ app_begin ] --START--
INFO: Run Behavior\ReadHtmlCacheBehavior [ RunTime:0.000000s ]
INFO: [ app_begin ] --END-- [ RunTime:0.001000s ]
SQL: SHOW COLUMNS FROM `group_category` [ RunTime:0.0030s ]
NOTIC: [8] Undefined index: validate F:\xampp\htdocs\shopping\ThinkPHP\Library\Think\Model.class.php 第 1185 行.
NOTIC: [8] Undefined index: auto F:\xampp\htdocs\shopping\ThinkPHP\Library\Think\Model.class.php 第 1128 行.
SQL: INSERT INTO `group_category` (`cname`,`keywords`,`title`,`description`,`sort`,`display`,`pid`) VALUES ('权威的','的','  sad','大','0','0','0') [ RunTime:0.1850s ]

[ 2017-03-10T17:07:47+08:00 ] ::1 /shopping/shop/index.php/admin/Category/add
INFO: [ app_begin ] --START--
INFO: Run Behavior\ReadHtmlCacheBehavior [ RunTime:0.000000s ]
INFO: [ app_begin ] --END-- [ RunTime:0.000000s ]
SQL: SHOW COLUMNS FROM `group_category` [ RunTime:0.0040s ]
NOTIC: [8] Undefined index: validate F:\xampp\htdocs\shopping\ThinkPHP\Library\Think\Model.class.php 第 1185 行.
NOTIC: [8] Undefined index: auto F:\xampp\htdocs\shopping\ThinkPHP\Library\Think\Model.class.php 第 1128 行.
SQL: INSERT INTO `group_category` (`cname`,`keywords`,`title`,`description`,`sort`,`display`,`pid`) VALUES ('我申请额','请问',' 请问q','的我去','0','0','0') [ RunTime:0.2340s ]

[ 2017-03-10T17:09:41+08:00 ] ::1 /shopping/shop/index.php/admin/Category/add
INFO: [ app_begin ] --START--
INFO: Run Behavior\ReadHtmlCacheBehavior [ RunTime:0.000000s ]
INFO: [ app_begin ] --END-- [ RunTime:0.001000s ]
SQL: SHOW COLUMNS FROM `group_category` [ RunTime:0.0030s ]
NOTIC: [8] Undefined index: validate F:\xampp\htdocs\shopping\ThinkPHP\Library\Think\Model.class.php 第 1185 行.
NOTIC: [8] Undefined index: auto F:\xampp\htdocs\shopping\ThinkPHP\Library\Think\Model.class.php 第 1128 行.
SQL: INSERT INTO `group_category` (`cname`,`keywords`,`title`,`description`,`sort`,`display`,`pid`) VALUES ('撒','撒','是','是','0','0','0') [ RunTime:0.0610s ]

[ 2017-03-10T17:20:51+08:00 ] ::1 /shopping/shop/index.php/admin/Category/add
INFO: [ app_begin ] --START--
INFO: Run Behavior\ReadHtmlCacheBehavior [ RunTime:0.000000s ]
INFO: [ app_begin ] --END-- [ RunTime:0.001000s ]
SQL: SHOW COLUMNS FROM `group_category` [ RunTime:0.0040s ]
NOTIC: [8] Undefined index: validate F:\xampp\htdocs\shopping\ThinkPHP\Library\Think\Model.class.php 第 1185 行.
NOTIC: [8] Undefined index: auto F:\xampp\htdocs\shopping\ThinkPHP\Library\Think\Model.class.php 第 1128 行.
SQL: INSERT INTO `group_category` (`cname`,`keywords`,`title`,`description`,`sort`,`display`,`pid`) VALUES ('飒飒','撒','是','是','0','0','2') [ RunTime:0.1590s ]

[ 2017-03-10T17:21:37+08:00 ] ::1 /shopping/shop/index.php/admin/Category/add
INFO: [ app_begin ] --START--
INFO: Run Behavior\ReadHtmlCacheBehavior [ RunTime:0.000000s ]
INFO: [ app_begin ] --END-- [ RunTime:0.000000s ]
SQL: SHOW COLUMNS FROM `group_category` [ RunTime:0.0030s ]
NOTIC: [8] Undefined index: validate F:\xampp\htdocs\shopping\ThinkPHP\Library\Think\Model.class.php 第 1185 行.
NOTIC: [8] Undefined index: auto F:\xampp\htdocs\shopping\ThinkPHP\Library\Think\Model.class.php 第 1128 行.
SQL: INSERT INTO `group_category` (`cname`,`keywords`,`title`,`description`,`sort`,`display`,`pid`) VALUES ('撒撒','撒','撒','撒','0','0','14') [ RunTime:0.0800s ]

[ 2017-03-10T17:23:36+08:00 ] ::1 /shopping/shop/index.php/admin/Category/add
INFO: [ app_begin ] --START--
INFO: Run Behavior\ReadHtmlCacheBehavior [ RunTime:0.000000s ]
INFO: [ app_begin ] --END-- [ RunTime:0.001000s ]
SQL: SHOW COLUMNS FROM `group_category` [ RunTime:0.0030s ]
NOTIC: [8] Undefined index: validate F:\xampp\htdocs\shopping\ThinkPHP\Library\Think\Model.class.php 第 1185 行.
NOTIC: [8] Undefined index: auto F:\xampp\htdocs\shopping\ThinkPHP\Library\Think\Model.class.php 第 1128 行.
SQL: INSERT INTO `group_category` (`cname`,`keywords`,`title`,`description`,`sort`,`display`,`pid`) VALUES ('啊啊啊啊','啊啊','啊','啊','0','0','4') [ RunTime:0.0580s ]

[ 2017-03-10T17:34:17+08:00 ] ::1 /shopping/shop/index.php/admin/User/delete
INFO: [ app_begin ] --START--
INFO: Run Behavior\ReadHtmlCacheBehavior [ RunTime:0.000000s ]
INFO: [ app_begin ] --END-- [ RunTime:0.000000s ]
NOTIC: [8] Undefined index: uid F:\xampp\htdocs\shopping\shop\Admin\Controller\UserController.class.php 第 63 行.
SQL: SHOW COLUMNS FROM `group_user` [ RunTime:0.0040s ]
SQL: DELETE FROM `group_user` WHERE `uid` = null [ RunTime:0.0010s ]

