[ 2017-03-03T09:23:56+08:00 ] ::1 /shopping/shop/index.php/admin/Login/login
INFO: [ app_begin ] --START--
INFO: Run Behavior\ReadHtmlCacheBehavior [ RunTime:0.001000s ]
INFO: [ app_begin ] --END-- [ RunTime:0.001000s ]
SQL: SHOW COLUMNS FROM `group_user` [ RunTime:0.0120s ]
SQL: SELECT * FROM `group_user` WHERE `uname` = 'admin' AND `password` = 'e10adc3949ba59abbe56e057f20f883e' LIMIT 1   [ RunTime:0.0010s ]

[ 2017-03-03T09:23:59+08:00 ] ::1 /shopping/shop/index.php/admin/Login/login
INFO: [ app_begin ] --START--
INFO: Run Behavior\ReadHtmlCacheBehavior [ RunTime:0.000000s ]
INFO: [ app_begin ] --END-- [ RunTime:0.000000s ]
SQL: SHOW COLUMNS FROM `group_user` [ RunTime:0.0030s ]
SQL: SELECT * FROM `group_user` WHERE `uname` = 'admin' AND `password` = 'e10adc3949ba59abbe56e057f20f883e' LIMIT 1   [ RunTime:0.0010s ]

[ 2017-03-03T09:23:59+08:00 ] ::1 /shopping/shop/index.php/admin/Login/login
INFO: [ app_begin ] --START--
INFO: Run Behavior\ReadHtmlCacheBehavior [ RunTime:0.000000s ]
INFO: [ app_begin ] --END-- [ RunTime:0.001000s ]
SQL: SHOW COLUMNS FROM `group_user` [ RunTime:0.0040s ]
SQL: SELECT * FROM `group_user` WHERE `uname` = 'admin' AND `password` = 'e10adc3949ba59abbe56e057f20f883e' LIMIT 1   [ RunTime:0.0010s ]

[ 2017-03-03T09:24:03+08:00 ] ::1 /shopping/shop/index.php/admin/Login/login
INFO: [ app_begin ] --START--
INFO: Run Behavior\ReadHtmlCacheBehavior [ RunTime:0.000000s ]
INFO: [ app_begin ] --END-- [ RunTime:0.000000s ]
SQL: SHOW COLUMNS FROM `group_user` [ RunTime:0.0040s ]
SQL: SELECT * FROM `group_user` WHERE `uname` = 'admin' AND `password` = 'e10adc3949ba59abbe56e057f20f883e' LIMIT 1   [ RunTime:0.0010s ]

[ 2017-03-03T09:26:19+08:00 ] ::1 /shopping/shop/index.php/admin/Login/login
INFO: [ app_begin ] --START--
INFO: Run Behavior\ReadHtmlCacheBehavior [ RunTime:0.000000s ]
INFO: [ app_begin ] --END-- [ RunTime:0.000000s ]
SQL: SHOW COLUMNS FROM `group_user` [ RunTime:0.0060s ]
SQL: SELECT * FROM `group_user` WHERE `uname` = 'admin' AND `password` = 'e10adc3949ba59abbe56e057f20f883e' LIMIT 1   [ RunTime:0.0010s ]

[ 2017-03-03T09:29:36+08:00 ] ::1 /shopping/shop/index.php/admin/Login/login
INFO: [ app_begin ] --START--
INFO: Run Behavior\ReadHtmlCacheBehavior [ RunTime:0.000000s ]
INFO: [ app_begin ] --END-- [ RunTime:0.000000s ]
SQL: SHOW COLUMNS FROM `group_user` [ RunTime:0.0030s ]
SQL: SELECT * FROM `group_user` WHERE `uname` = '' AND `password` = 'd41d8cd98f00b204e9800998ecf8427e' LIMIT 1   [ RunTime:0.0000s ]

[ 2017-03-03T09:30:54+08:00 ] ::1 /shopping/shop/index.php/admin/Login/login
INFO: [ app_begin ] --START--
INFO: Run Behavior\ReadHtmlCacheBehavior [ RunTime:0.000000s ]
INFO: [ app_begin ] --END-- [ RunTime:0.000000s ]
SQL: SHOW COLUMNS FROM `group_user` [ RunTime:0.0030s ]
SQL: SELECT * FROM `group_user` WHERE `uname` = '' AND `password` = 'd41d8cd98f00b204e9800998ecf8427e' LIMIT 1   [ RunTime:0.0000s ]

[ 2017-03-03T09:30:59+08:00 ] ::1 /shopping/shop/index.php/admin/Login/login
INFO: [ app_begin ] --START--
INFO: Run Behavior\ReadHtmlCacheBehavior [ RunTime:0.000000s ]
INFO: [ app_begin ] --END-- [ RunTime:0.001000s ]
SQL: SHOW COLUMNS FROM `group_user` [ RunTime:0.0030s ]
SQL: SELECT * FROM `group_user` WHERE `uname` = '' AND `password` = 'd41d8cd98f00b204e9800998ecf8427e' LIMIT 1   [ RunTime:0.0000s ]

[ 2017-03-03T09:31:01+08:00 ] ::1 /shopping/shop/index.php/admin/Login/login
INFO: [ app_begin ] --START--
INFO: Run Behavior\ReadHtmlCacheBehavior [ RunTime:0.000000s ]
INFO: [ app_begin ] --END-- [ RunTime:0.000000s ]
SQL: SHOW COLUMNS FROM `group_user` [ RunTime:0.0030s ]
SQL: SELECT * FROM `group_user` WHERE `uname` = '' AND `password` = 'd41d8cd98f00b204e9800998ecf8427e' LIMIT 1   [ RunTime:0.0010s ]

[ 2017-03-03T09:31:28+08:00 ] ::1 /shopping/shop/index.php/admin/Login/login
INFO: [ app_begin ] --START--
INFO: Run Behavior\ReadHtmlCacheBehavior [ RunTime:0.001000s ]
INFO: [ app_begin ] --END-- [ RunTime:0.001000s ]
SQL: SHOW COLUMNS FROM `group_user` [ RunTime:0.0030s ]
SQL: SELECT * FROM `group_user` WHERE `uname` = '' AND `password` = 'd41d8cd98f00b204e9800998ecf8427e' LIMIT 1   [ RunTime:0.0010s ]

[ 2017-03-03T09:31:46+08:00 ] ::1 /shopping/shop/index.php/admin/Login/login
INFO: [ app_begin ] --START--
INFO: Run Behavior\ReadHtmlCacheBehavior [ RunTime:0.000000s ]
INFO: [ app_begin ] --END-- [ RunTime:0.001000s ]
SQL: SHOW COLUMNS FROM `group_user` [ RunTime:0.0030s ]
SQL: SELECT * FROM `group_user` WHERE `uname` = '' AND `password` = 'd41d8cd98f00b204e9800998ecf8427e' LIMIT 1   [ RunTime:0.0010s ]

[ 2017-03-03T12:21:03+08:00 ] ::1 /shopping/shop/index.php/admin/Login/login
INFO: [ app_begin ] --START--
INFO: Run Behavior\ReadHtmlCacheBehavior [ RunTime:0.000000s ]
INFO: [ app_begin ] --END-- [ RunTime:0.000000s ]
SQL: SHOW COLUMNS FROM `group_user` [ RunTime:0.0040s ]
SQL: SELECT * FROM `group_user` WHERE `uname` = 'admin' AND `password` = 'e10adc3949ba59abbe56e057f20f883e' LIMIT 1   [ RunTime:0.0010s ]

[ 2017-03-03T12:22:17+08:00 ] ::1 /shopping/shop/index.php/admin/Login/login
INFO: [ app_begin ] --START--
INFO: Run Behavior\ReadHtmlCacheBehavior [ RunTime:0.000000s ]
INFO: [ app_begin ] --END-- [ RunTime:0.000000s ]
SQL: SHOW COLUMNS FROM `group_user` [ RunTime:0.0050s ]
SQL: SELECT * FROM `group_user` WHERE `uname` = '' AND `password` = 'd41d8cd98f00b204e9800998ecf8427e' LIMIT 1   [ RunTime:0.0010s ]

[ 2017-03-03T12:22:41+08:00 ] ::1 /shopping/shop/index.php/admin/Login/login
INFO: [ app_begin ] --START--
INFO: Run Behavior\ReadHtmlCacheBehavior [ RunTime:0.001001s ]
INFO: [ app_begin ] --END-- [ RunTime:0.001001s ]
SQL: SHOW COLUMNS FROM `group_user` [ RunTime:0.0030s ]
SQL: SELECT * FROM `group_user` WHERE `uname` = '' AND `password` = 'd41d8cd98f00b204e9800998ecf8427e' LIMIT 1   [ RunTime:0.0000s ]

[ 2017-03-03T12:27:18+08:00 ] ::1 /shopping/shop/index.php/admin/Login/login
INFO: [ app_begin ] --START--
INFO: Run Behavior\ReadHtmlCacheBehavior [ RunTime:0.001000s ]
INFO: [ app_begin ] --END-- [ RunTime:0.001000s ]
SQL: SHOW COLUMNS FROM `group_user` [ RunTime:0.0030s ]
SQL: SELECT * FROM `group_user` WHERE `uname` = '' AND `password` = 'd41d8cd98f00b204e9800998ecf8427e' LIMIT 1   [ RunTime:0.0000s ]

[ 2017-03-03T12:28:07+08:00 ] ::1 /shopping/shop/index.php/admin/Login/login
INFO: [ app_begin ] --START--
INFO: Run Behavior\ReadHtmlCacheBehavior [ RunTime:0.000000s ]
INFO: [ app_begin ] --END-- [ RunTime:0.001000s ]
SQL: SHOW COLUMNS FROM `group_user` [ RunTime:0.0030s ]
SQL: SELECT * FROM `group_user` WHERE `uname` = '' AND `password` = 'd41d8cd98f00b204e9800998ecf8427e' LIMIT 1   [ RunTime:0.0000s ]

[ 2017-03-03T12:57:12+08:00 ] ::1 /shopping/shop/index.php/admin/Login/login
INFO: [ app_begin ] --START--
INFO: Run Behavior\ReadHtmlCacheBehavior [ RunTime:0.001000s ]
INFO: [ app_begin ] --END-- [ RunTime:0.001000s ]
SQL: SHOW COLUMNS FROM `group_user` [ RunTime:0.0030s ]
SQL: SELECT * FROM `group_user` WHERE `uname` = '' AND `password` = 'd41d8cd98f00b204e9800998ecf8427e' LIMIT 1   [ RunTime:0.0000s ]

[ 2017-03-03T14:13:39+08:00 ] ::1 /shopping/shop/index.php/admin/Login/login
INFO: [ app_begin ] --START--
INFO: Run Behavior\ReadHtmlCacheBehavior [ RunTime:0.001000s ]
INFO: [ app_begin ] --END-- [ RunTime:0.001000s ]
SQL: SHOW COLUMNS FROM `group_user` [ RunTime:0.0050s ]
SQL: SELECT * FROM `group_user` WHERE `uname` = '' AND `password` = 'd41d8cd98f00b204e9800998ecf8427e' LIMIT 1   [ RunTime:0.0000s ]

[ 2017-03-03T14:14:32+08:00 ] ::1 /shopping/shop/index.php/admin/Login/login
INFO: [ app_begin ] --START--
INFO: Run Behavior\ReadHtmlCacheBehavior [ RunTime:0.000000s ]
INFO: [ app_begin ] --END-- [ RunTime:0.000000s ]
SQL: SHOW COLUMNS FROM `group_user` [ RunTime:0.0040s ]
SQL: SELECT * FROM `group_user` WHERE `uname` = '' AND `password` = 'd41d8cd98f00b204e9800998ecf8427e' LIMIT 1   [ RunTime:0.0010s ]

[ 2017-03-03T14:14:42+08:00 ] ::1 /shopping/shop/index.php/Admin/Index/code
ERR: 非法操作:code

[ 2017-03-03T14:16:13+08:00 ] ::1 /shopping/shop/index.php/Admin/Index/code
ERR: 非法操作:code

[ 2017-03-03T14:16:15+08:00 ] ::1 /shopping/shop/index.php/admin/Login/login
INFO: [ app_begin ] --START--
INFO: Run Behavior\ReadHtmlCacheBehavior [ RunTime:0.000000s ]
INFO: [ app_begin ] --END-- [ RunTime:0.001000s ]
SQL: SHOW COLUMNS FROM `group_user` [ RunTime:0.0030s ]
SQL: SELECT * FROM `group_user` WHERE `uname` = '' AND `password` = 'd41d8cd98f00b204e9800998ecf8427e' LIMIT 1   [ RunTime:0.0000s ]

[ 2017-03-03T14:16:31+08:00 ] ::1 /shopping/shop/index.php/Admin/Index/code
ERR: 非法操作:code

[ 2017-03-03T14:16:31+08:00 ] ::1 /shopping/shop/index.php/Admin/Index/code
ERR: 非法操作:code

[ 2017-03-03T14:17:08+08:00 ] ::1 /shopping/shop/index.php/Admin/Index/code
ERR: 非法操作:code

[ 2017-03-03T14:17:08+08:00 ] ::1 /shopping/shop/index.php/Admin/Index/code
ERR: 非法操作:code

[ 2017-03-03T14:17:09+08:00 ] ::1 /shopping/shop/index.php/Admin/Index/code
ERR: 非法操作:code

[ 2017-03-03T14:17:25+08:00 ] ::1 /shopping/shop/index.php/Admin/Login/index
ERR: 无法加载控制器:Login

[ 2017-03-03T14:17:28+08:00 ] ::1 /shopping/shop/index.php/Admin/Login/index
ERR: 无法加载控制器:Login

[ 2017-03-03T14:17:44+08:00 ] ::1 /shopping/shop/index.php/Admin/Login/index
ERR: 非法操作:index

[ 2017-03-03T14:17:45+08:00 ] ::1 /shopping/shop/index.php/Admin/Login/index
ERR: 非法操作:index

[ 2017-03-03T14:17:46+08:00 ] ::1 /shopping/shop/index.php/Admin/Login/index
ERR: 非法操作:index

[ 2017-03-03T14:17:46+08:00 ] ::1 /shopping/shop/index.php/Admin/Login/index
ERR: 非法操作:index

[ 2017-03-03T14:17:46+08:00 ] ::1 /shopping/shop/index.php/Admin/Login/index
ERR: 非法操作:index

[ 2017-03-03T14:17:46+08:00 ] ::1 /shopping/shop/index.php/Admin/Login/index
ERR: 非法操作:index

[ 2017-03-03T14:18:10+08:00 ] ::1 /shopping/shop/index.php/admin/Login/login
INFO: [ app_begin ] --START--
INFO: Run Behavior\ReadHtmlCacheBehavior [ RunTime:0.001000s ]
INFO: [ app_begin ] --END-- [ RunTime:0.001000s ]
SQL: SHOW COLUMNS FROM `group_user` [ RunTime:0.0030s ]
SQL: SELECT * FROM `group_user` WHERE `uname` = '' AND `password` = 'd41d8cd98f00b204e9800998ecf8427e' LIMIT 1   [ RunTime:0.0010s ]

[ 2017-03-03T14:21:25+08:00 ] ::1 /shopping/shop/index.php/admin/Login/login
INFO: [ app_begin ] --START--
INFO: Run Behavior\ReadHtmlCacheBehavior [ RunTime:0.001000s ]
INFO: [ app_begin ] --END-- [ RunTime:0.001000s ]

[ 2017-03-03T14:22:39+08:00 ] ::1 /shopping/shop/index.php/Admin/Index/code
ERR: 非法操作:code

[ 2017-03-03T14:22:40+08:00 ] ::1 /shopping/shop/index.php/Admin/Index/code
ERR: 非法操作:code

[ 2017-03-03T14:22:45+08:00 ] ::1 /shopping/shop/index.php/Admin/Index/code
ERR: 非法操作:code

[ 2017-03-03T14:24:23+08:00 ] ::1 /shopping/shop/index.php/Admin/Index/code
ERR: 非法操作:code

[ 2017-03-03T14:24:24+08:00 ] ::1 /shopping/shop/index.php/Admin/Index/code
ERR: 非法操作:code

[ 2017-03-03T14:24:25+08:00 ] ::1 /shopping/shop/index.php/Admin/Index/code
ERR: 非法操作:code

[ 2017-03-03T14:24:32+08:00 ] ::1 /shopping/shop/index.php/Admin/Index/code
ERR: 非法操作:code

[ 2017-03-03T14:24:36+08:00 ] ::1 /shopping/shop/index.php/Admin/Index/code
ERR: 非法操作:code

[ 2017-03-03T14:24:37+08:00 ] ::1 /shopping/shop/index.php/Admin/Index/code
ERR: 非法操作:code

[ 2017-03-03T14:24:37+08:00 ] ::1 /shopping/shop/index.php/Admin/Index/code
ERR: 非法操作:code

[ 2017-03-03T14:24:45+08:00 ] ::1 /shopping/shop/index.php/Admin/Index/code
ERR: 非法操作:code

[ 2017-03-03T14:24:45+08:00 ] ::1 /shopping/shop/index.php/Admin/Index/code
ERR: 非法操作:code

[ 2017-03-03T14:24:58+08:00 ] ::1 /shopping/shop/index.php/Admin/Login/index
ERR: 非法操作:index

[ 2017-03-03T14:25:09+08:00 ] ::1 /shopping/shop/index.php/Admin/Login/index
ERR: 非法操作:index

[ 2017-03-03T14:25:16+08:00 ] ::1 /shopping/shop/index.php/admin/Login/login
INFO: [ app_begin ] --START--
INFO: Run Behavior\ReadHtmlCacheBehavior [ RunTime:0.000000s ]
INFO: [ app_begin ] --END-- [ RunTime:0.000000s ]

[ 2017-03-03T14:25:58+08:00 ] ::1 /shopping/shop/index.php/Admin/Login/index
ERR: 非法操作:index

[ 2017-03-03T14:26:44+08:00 ] ::1 /shopping/shop/index.php/Admin/Login/index
ERR: 非法操作:index

[ 2017-03-03T14:26:52+08:00 ] ::1 /shopping/shop/index.php/admin/Login/login
INFO: [ app_begin ] --START--
INFO: Run Behavior\ReadHtmlCacheBehavior [ RunTime:0.000000s ]
INFO: [ app_begin ] --END-- [ RunTime:0.000000s ]

[ 2017-03-03T14:27:06+08:00 ] ::1 /shopping/shop/index.php/admin/Login/login
INFO: [ app_begin ] --START--
INFO: Run Behavior\ReadHtmlCacheBehavior [ RunTime:0.001000s ]
INFO: [ app_begin ] --END-- [ RunTime:0.001000s ]

[ 2017-03-03T14:27:19+08:00 ] ::1 /shopping/shop/index.php/admin/Login/login
INFO: [ app_begin ] --START--
INFO: Run Behavior\ReadHtmlCacheBehavior [ RunTime:0.000000s ]
INFO: [ app_begin ] --END-- [ RunTime:0.000000s ]
SQL: SHOW COLUMNS FROM `group_user` [ RunTime:0.0030s ]
SQL: SELECT * FROM `group_user` WHERE `uname` = 'admin' AND `password` = '289ebaabe21687d8eaf6c1e5627bb749' LIMIT 1   [ RunTime:0.0000s ]

[ 2017-03-03T14:27:46+08:00 ] ::1 /shopping/shop/index.php/admin/Login/login
INFO: [ app_begin ] --START--
INFO: Run Behavior\ReadHtmlCacheBehavior [ RunTime:0.000000s ]
INFO: [ app_begin ] --END-- [ RunTime:0.000000s ]
SQL: SHOW COLUMNS FROM `group_user` [ RunTime:0.0030s ]
SQL: SELECT * FROM `group_user` WHERE `uname` = 'admin' AND `password` = 'e10adc3949ba59abbe56e057f20f883e' LIMIT 1   [ RunTime:0.0010s ]

[ 2017-03-03T14:28:01+08:00 ] ::1 /shopping/shop/index.php/Admin/Index/code
ERR: 非法操作:code

[ 2017-03-03T14:28:11+08:00 ] ::1 /shopping/shop/index.php/Admin/Index/code
ERR: 非法操作:code

[ 2017-03-03T14:29:57+08:00 ] ::1 /shopping/shop/index.php/Admin/Login/loginout
INFO: [ app_begin ] --START--
INFO: Run Behavior\ReadHtmlCacheBehavior [ RunTime:0.000000s ]
INFO: [ app_begin ] --END-- [ RunTime:0.001000s ]

[ 2017-03-03T14:30:38+08:00 ] ::1 /shopping/shop/index.php/admin/Login/login
INFO: [ app_begin ] --START--
INFO: Run Behavior\ReadHtmlCacheBehavior [ RunTime:0.000000s ]
INFO: [ app_begin ] --END-- [ RunTime:0.001000s ]

[ 2017-03-03T14:33:34+08:00 ] ::1 /shopping/shop/index.php/admin/Login/login
INFO: [ app_begin ] --START--
INFO: Run Behavior\ReadHtmlCacheBehavior [ RunTime:0.000000s ]
INFO: [ app_begin ] --END-- [ RunTime:0.001000s ]

[ 2017-03-03T14:33:50+08:00 ] ::1 /shopping/shop/index.php/admin/Login/login
INFO: [ app_begin ] --START--
INFO: Run Behavior\ReadHtmlCacheBehavior [ RunTime:0.000000s ]
INFO: [ app_begin ] --END-- [ RunTime:0.000000s ]
SQL: SHOW COLUMNS FROM `group_user` [ RunTime:0.0040s ]
SQL: SELECT * FROM `group_user` WHERE `uname` = 'admin' AND `password` = 'e10adc3949ba59abbe56e057f20f883e' LIMIT 1   [ RunTime:0.0020s ]

[ 2017-03-03T14:45:31+08:00 ] ::1 /shopping/shop/index.php/Admin/Login/loginout
INFO: [ app_begin ] --START--
INFO: Run Behavior\ReadHtmlCacheBehavior [ RunTime:0.000000s ]
INFO: [ app_begin ] --END-- [ RunTime:0.001000s ]

[ 2017-03-03T14:46:08+08:00 ] ::1 /shopping/shop/index.php/admin/Login/login
INFO: [ app_begin ] --START--
INFO: Run Behavior\ReadHtmlCacheBehavior [ RunTime:0.000000s ]
INFO: [ app_begin ] --END-- [ RunTime:0.002000s ]

[ 2017-03-03T14:46:14+08:00 ] ::1 /shopping/shop/index.php/admin/Login/login
INFO: [ app_begin ] --START--
INFO: Run Behavior\ReadHtmlCacheBehavior [ RunTime:0.000000s ]
INFO: [ app_begin ] --END-- [ RunTime:0.000000s ]
SQL: SHOW COLUMNS FROM `group_user` [ RunTime:0.0050s ]
SQL: SELECT * FROM `group_user` WHERE `uname` = 'admin' AND `password` = 'e10adc3949ba59abbe56e057f20f883e' LIMIT 1   [ RunTime:0.0010s ]

[ 2017-03-03T14:46:16+08:00 ] ::1 /shopping/shop/index.php/Admin/Login/loginout
INFO: [ app_begin ] --START--
INFO: Run Behavior\ReadHtmlCacheBehavior [ RunTime:0.000000s ]
INFO: [ app_begin ] --END-- [ RunTime:0.000000s ]

[ 2017-03-03T14:46:30+08:00 ] ::1 /shopping/shop/index.php/admin/Login/login
INFO: [ app_begin ] --START--
INFO: Run Behavior\ReadHtmlCacheBehavior [ RunTime:0.000000s ]
INFO: [ app_begin ] --END-- [ RunTime:0.000000s ]

[ 2017-03-03T14:46:39+08:00 ] ::1 /shopping/shop/index.php/admin/Login/login
INFO: [ app_begin ] --START--
INFO: Run Behavior\ReadHtmlCacheBehavior [ RunTime:0.000000s ]
INFO: [ app_begin ] --END-- [ RunTime:0.001000s ]
SQL: SHOW COLUMNS FROM `group_user` [ RunTime:0.0040s ]
SQL: SELECT * FROM `group_user` WHERE `uname` = 'admin' AND `password` = 'e10adc3949ba59abbe56e057f20f883e' LIMIT 1   [ RunTime:0.0010s ]

[ 2017-03-03T14:47:21+08:00 ] ::1 /shopping/shop/index.php/Admin/Login/loginout
INFO: [ app_begin ] --START--
INFO: Run Behavior\ReadHtmlCacheBehavior [ RunTime:0.001000s ]
INFO: [ app_begin ] --END-- [ RunTime:0.001000s ]

[ 2017-03-03T14:48:51+08:00 ] ::1 /shopping/shop/index.php/admin/Login/login
INFO: [ app_begin ] --START--
INFO: Run Behavior\ReadHtmlCacheBehavior [ RunTime:0.000000s ]
INFO: [ app_begin ] --END-- [ RunTime:0.000000s ]
SQL: SHOW COLUMNS FROM `group_user` [ RunTime:0.0050s ]
SQL: SELECT * FROM `group_user` WHERE `uname` = 'admin' AND `password` = 'e10adc3949ba59abbe56e057f20f883e' LIMIT 1   [ RunTime:0.0000s ]

[ 2017-03-03T14:48:54+08:00 ] ::1 /shopping/shop/index.php/Admin/Login/loginout
INFO: [ app_begin ] --START--
INFO: Run Behavior\ReadHtmlCacheBehavior [ RunTime:0.001000s ]
INFO: [ app_begin ] --END-- [ RunTime:0.001000s ]

[ 2017-03-03T14:51:41+08:00 ] ::1 /shopping/shop/index.php/admin/Login/login
INFO: [ app_begin ] --START--
INFO: Run Behavior\ReadHtmlCacheBehavior [ RunTime:0.000000s ]
INFO: [ app_begin ] --END-- [ RunTime:0.000000s ]
SQL: SHOW COLUMNS FROM `group_user` [ RunTime:0.0030s ]
SQL: SELECT * FROM `group_user` WHERE `uname` = 'admin' AND `password` = 'e10adc3949ba59abbe56e057f20f883e' LIMIT 1   [ RunTime:0.0010s ]

[ 2017-03-03T14:51:42+08:00 ] ::1 /shopping/shop/index.php/Admin/Login/loginout
INFO: [ app_begin ] --START--
INFO: Run Behavior\ReadHtmlCacheBehavior [ RunTime:0.000000s ]
INFO: [ app_begin ] --END-- [ RunTime:0.000000s ]

[ 2017-03-03T14:53:00+08:00 ] ::1 /shopping/shop/index.php/admin/Login/login
INFO: [ app_begin ] --START--
INFO: Run Behavior\ReadHtmlCacheBehavior [ RunTime:0.001000s ]
INFO: [ app_begin ] --END-- [ RunTime:0.001000s ]
SQL: SHOW COLUMNS FROM `group_user` [ RunTime:0.0040s ]
SQL: SELECT * FROM `group_user` WHERE `uname` = 'admin' AND `password` = 'e10adc3949ba59abbe56e057f20f883e' LIMIT 1   [ RunTime:0.0010s ]

[ 2017-03-03T14:53:01+08:00 ] ::1 /shopping/shop/index.php/Admin/Login/loginout
INFO: [ app_begin ] --START--
INFO: Run Behavior\ReadHtmlCacheBehavior [ RunTime:0.001001s ]
INFO: [ app_begin ] --END-- [ RunTime:0.001001s ]

[ 2017-03-03T14:58:15+08:00 ] ::1 /shopping/shop/index.php/admin/Login/login
INFO: [ app_begin ] --START--
INFO: Run Behavior\ReadHtmlCacheBehavior [ RunTime:0.000000s ]
INFO: [ app_begin ] --END-- [ RunTime:0.001000s ]
SQL: SHOW COLUMNS FROM `group_user` [ RunTime:0.0040s ]
SQL: SELECT * FROM `group_user` WHERE `uname` = 'admin' AND `password` = 'e10adc3949ba59abbe56e057f20f883e' LIMIT 1   [ RunTime:0.0000s ]

[ 2017-03-03T14:58:17+08:00 ] ::1 /shopping/shop/index.php/Admin/Login/loginout
INFO: [ app_begin ] --START--
INFO: Run Behavior\ReadHtmlCacheBehavior [ RunTime:0.001000s ]
INFO: [ app_begin ] --END-- [ RunTime:0.001000s ]

[ 2017-03-03T14:58:24+08:00 ] ::1 /shopping/shop/index.php/Admin/Login/loginout
INFO: [ app_begin ] --START--
INFO: Run Behavior\ReadHtmlCacheBehavior [ RunTime:0.001000s ]
INFO: [ app_begin ] --END-- [ RunTime:0.001000s ]

[ 2017-03-03T14:58:25+08:00 ] ::1 /shopping/shop/index.php/Admin/Login/loginout
INFO: [ app_begin ] --START--
INFO: Run Behavior\ReadHtmlCacheBehavior [ RunTime:0.000000s ]
INFO: [ app_begin ] --END-- [ RunTime:0.001000s ]

[ 2017-03-03T14:58:32+08:00 ] ::1 /shopping/shop/index.php/admin/Login/login
INFO: [ app_begin ] --START--
INFO: Run Behavior\ReadHtmlCacheBehavior [ RunTime:0.000000s ]
INFO: [ app_begin ] --END-- [ RunTime:0.000000s ]
SQL: SHOW COLUMNS FROM `group_user` [ RunTime:0.0050s ]
SQL: SELECT * FROM `group_user` WHERE `uname` = 'admin' AND `password` = 'e10adc3949ba59abbe56e057f20f883e' LIMIT 1   [ RunTime:0.0000s ]

[ 2017-03-03T14:58:38+08:00 ] ::1 /shopping/shop/index.php/Admin/Login/loginout
INFO: [ app_begin ] --START--
INFO: Run Behavior\ReadHtmlCacheBehavior [ RunTime:0.000000s ]
INFO: [ app_begin ] --END-- [ RunTime:0.000000s ]

[ 2017-03-03T15:02:25+08:00 ] ::1 /shopping/shop/index.php/Admin/Login/loginout
INFO: [ app_begin ] --START--
INFO: Run Behavior\ReadHtmlCacheBehavior [ RunTime:0.000000s ]
INFO: [ app_begin ] --END-- [ RunTime:0.001000s ]

[ 2017-03-03T15:05:24+08:00 ] ::1 /shopping/shop/index.php/admin/Login/login
INFO: [ app_begin ] --START--
INFO: Run Behavior\ReadHtmlCacheBehavior [ RunTime:0.001000s ]
INFO: [ app_begin ] --END-- [ RunTime:0.001000s ]
SQL: SHOW COLUMNS FROM `group_user` [ RunTime:0.0040s ]
SQL: SELECT * FROM `group_user` WHERE `uname` = 'admin' AND `password` = 'e10adc3949ba59abbe56e057f20f883e' LIMIT 1   [ RunTime:0.0010s ]

[ 2017-03-03T15:06:00+08:00 ] ::1 /shopping/shop/index.php/Admin/Login/loginout
INFO: [ app_begin ] --START--
INFO: Run Behavior\ReadHtmlCacheBehavior [ RunTime:0.000000s ]
INFO: [ app_begin ] --END-- [ RunTime:0.001000s ]

[ 2017-03-03T15:06:27+08:00 ] ::1 /shopping/shop/index.php/admin/Login/login
INFO: [ app_begin ] --START--
INFO: Run Behavior\ReadHtmlCacheBehavior [ RunTime:0.000000s ]
INFO: [ app_begin ] --END-- [ RunTime:0.000000s ]
SQL: SHOW COLUMNS FROM `group_user` [ RunTime:0.0040s ]
SQL: SELECT * FROM `group_user` WHERE `uname` = 'admin' AND `password` = 'e10adc3949ba59abbe56e057f20f883e' LIMIT 1   [ RunTime:0.0010s ]

[ 2017-03-03T15:12:50+08:00 ] ::1 /shopping/shop/index.php/Admin/Login/loginout
INFO: [ app_begin ] --START--
INFO: Run Behavior\ReadHtmlCacheBehavior [ RunTime:0.000000s ]
INFO: [ app_begin ] --END-- [ RunTime:0.000000s ]

[ 2017-03-03T15:13:08+08:00 ] ::1 /shopping/shop/index.php/admin/Login/login
INFO: [ app_begin ] --START--
INFO: Run Behavior\ReadHtmlCacheBehavior [ RunTime:0.000000s ]
INFO: [ app_begin ] --END-- [ RunTime:0.001000s ]
SQL: SHOW COLUMNS FROM `group_user` [ RunTime:0.0050s ]
SQL: SELECT * FROM `group_user` WHERE `uname` = 'admin' AND `password` = 'e10adc3949ba59abbe56e057f20f883e' LIMIT 1   [ RunTime:0.0000s ]

[ 2017-03-03T15:14:16+08:00 ] ::1 /shopping/shop/index.php/Admin/Index/info.html
ERR: 非法操作:info

[ 2017-03-03T15:20:02+08:00 ] ::1 /shopping/shop/index.php/Admin/Index/list.html
ERR: 非法操作:list

[ 2017-03-03T15:20:23+08:00 ] ::1 /shopping/shop/index.php/Admin/Index/list.html
ERR: 非法操作:list

[ 2017-03-03T16:02:11+08:00 ] ::1 /shopping/shop/index.php/Admin/User/add
ERR: 1062:Duplicate entry 'admin' for key 'uname_UNIQUE'
 [ SQL语句 ] : INSERT INTO `group_user` (`email`,`uname`,`password`,`phone`) VALUES ('','admin','e10adc3949ba59abbe56e057f20f883e','')

[ 2017-03-03T16:02:38+08:00 ] ::1 /shopping/shop/index.php/admin/User/add
INFO: [ app_begin ] --START--
INFO: Run Behavior\ReadHtmlCacheBehavior [ RunTime:0.001000s ]
INFO: [ app_begin ] --END-- [ RunTime:0.001000s ]
SQL: SHOW COLUMNS FROM `group_user` [ RunTime:0.0070s ]
ERR: 1062:Duplicate entry '' for key 'uname_UNIQUE'
 [ SQL语句 ] : INSERT INTO `group_user` (`email`,`uname`,`password`,`phone`) VALUES ('','','d41d8cd98f00b204e9800998ecf8427e','')
ERR: 1062:Duplicate entry '' for key 'uname_UNIQUE'
 [ SQL语句 ] : INSERT INTO `group_user` (`email`,`uname`,`password`,`phone`) VALUES ('','','d41d8cd98f00b204e9800998ecf8427e','')

[ 2017-03-03T16:02:38+08:00 ] ::1 /shopping/shop/index.php/Admin/User/add
ERR: 1062:Duplicate entry 'admin' for key 'uname_UNIQUE'
 [ SQL语句 ] : INSERT INTO `group_user` (`email`,`uname`,`password`,`phone`) VALUES ('','admin','e10adc3949ba59abbe56e057f20f883e','')

[ 2017-03-03T16:03:10+08:00 ] ::1 /shopping/shop/index.php/admin/User/add
INFO: [ app_begin ] --START--
INFO: Run Behavior\ReadHtmlCacheBehavior [ RunTime:0.000000s ]
INFO: [ app_begin ] --END-- [ RunTime:0.001000s ]
SQL: SHOW COLUMNS FROM `group_user` [ RunTime:0.0030s ]
ERR: 1062:Duplicate entry '' for key 'uname_UNIQUE'
 [ SQL语句 ] : INSERT INTO `group_user` (`email`,`uname`,`password`,`phone`) VALUES ('','','d41d8cd98f00b204e9800998ecf8427e','')
ERR: 1062:Duplicate entry '' for key 'uname_UNIQUE'
 [ SQL语句 ] : INSERT INTO `group_user` (`email`,`uname`,`password`,`phone`) VALUES ('','','d41d8cd98f00b204e9800998ecf8427e','')

[ 2017-03-03T16:11:45+08:00 ] ::1 /shopping/shop/index.php/admin/User/add
INFO: [ app_begin ] --START--
INFO: Run Behavior\ReadHtmlCacheBehavior [ RunTime:0.001000s ]
INFO: [ app_begin ] --END-- [ RunTime:0.002000s ]

[ 2017-03-03T16:12:46+08:00 ] ::1 /shopping/shop/index.php/admin/User/add
INFO: [ app_begin ] --START--
INFO: Run Behavior\ReadHtmlCacheBehavior [ RunTime:0.000000s ]
INFO: [ app_begin ] --END-- [ RunTime:0.000000s ]
SQL: SHOW COLUMNS FROM `group_user` [ RunTime:0.0050s ]
ERR: 1062:Duplicate entry '' for key 'uname_UNIQUE'
 [ SQL语句 ] : INSERT INTO `group_user` (`email`,`uname`,`password`,`phone`) VALUES ('','','d41d8cd98f00b204e9800998ecf8427e','')
ERR: 1062:Duplicate entry '' for key 'uname_UNIQUE'
 [ SQL语句 ] : INSERT INTO `group_user` (`email`,`uname`,`password`,`phone`) VALUES ('','','d41d8cd98f00b204e9800998ecf8427e','')

[ 2017-03-03T16:13:44+08:00 ] ::1 /shopping/shop/index.php/admin/User/add
INFO: [ app_begin ] --START--
INFO: Run Behavior\ReadHtmlCacheBehavior [ RunTime:0.000000s ]
INFO: [ app_begin ] --END-- [ RunTime:0.000000s ]
SQL: SHOW COLUMNS FROM `group_user` [ RunTime:0.0030s ]
ERR: 1062:Duplicate entry '' for key 'uname_UNIQUE'
 [ SQL语句 ] : INSERT INTO `group_user` (`email`,`uname`,`password`,`phone`) VALUES ('','','d41d8cd98f00b204e9800998ecf8427e','')
ERR: 1062:Duplicate entry '' for key 'uname_UNIQUE'
 [ SQL语句 ] : INSERT INTO `group_user` (`email`,`uname`,`password`,`phone`) VALUES ('','','d41d8cd98f00b204e9800998ecf8427e','')

[ 2017-03-03T16:15:12+08:00 ] ::1 /shopping/shop/index.php/admin/User/add
INFO: [ app_begin ] --START--
INFO: Run Behavior\ReadHtmlCacheBehavior [ RunTime:0.000000s ]
INFO: [ app_begin ] --END-- [ RunTime:0.001000s ]
SQL: SHOW COLUMNS FROM `group_user` [ RunTime:0.0040s ]
ERR: 1062:Duplicate entry '' for key 'uname_UNIQUE'
 [ SQL语句 ] : INSERT INTO `group_user` (`email`,`uname`,`password`,`phone`) VALUES ('','','d41d8cd98f00b204e9800998ecf8427e','')
ERR: 1062:Duplicate entry '' for key 'uname_UNIQUE'
 [ SQL语句 ] : INSERT INTO `group_user` (`email`,`uname`,`password`,`phone`) VALUES ('','','d41d8cd98f00b204e9800998ecf8427e','')

[ 2017-03-03T16:15:54+08:00 ] ::1 /shopping/shop/index.php/admin/Login/login
INFO: [ app_begin ] --START--
INFO: Run Behavior\ReadHtmlCacheBehavior [ RunTime:0.001000s ]
INFO: [ app_begin ] --END-- [ RunTime:0.001000s ]
SQL: SHOW COLUMNS FROM `group_user` [ RunTime:0.0070s ]
SQL: SELECT * FROM `group_user` WHERE `uname` = 'admin' AND `password` = 'e10adc3949ba59abbe56e057f20f883e' LIMIT 1   [ RunTime:0.0000s ]

[ 2017-03-03T16:16:00+08:00 ] ::1 /shopping/shop/index.php/admin/User/add
INFO: [ app_begin ] --START--
INFO: Run Behavior\ReadHtmlCacheBehavior [ RunTime:0.001000s ]
INFO: [ app_begin ] --END-- [ RunTime:0.001000s ]
SQL: SHOW COLUMNS FROM `group_user` [ RunTime:0.0030s ]
ERR: 1062:Duplicate entry '' for key 'uname_UNIQUE'
 [ SQL语句 ] : INSERT INTO `group_user` (`email`,`uname`,`password`,`phone`) VALUES ('','','d41d8cd98f00b204e9800998ecf8427e','')
ERR: 1062:Duplicate entry '' for key 'uname_UNIQUE'
 [ SQL语句 ] : INSERT INTO `group_user` (`email`,`uname`,`password`,`phone`) VALUES ('','','d41d8cd98f00b204e9800998ecf8427e','')

[ 2017-03-03T16:23:18+08:00 ] ::1 /shopping/shop/index.php/Admin/User/__CONSTROLLER__/add
INFO: [ app_begin ] --START--
INFO: Run Behavior\ReadHtmlCacheBehavior [ RunTime:0.001000s ]
INFO: [ app_begin ] --END-- [ RunTime:0.001000s ]
ERR: 非法操作:__CONSTROLLER__

[ 2017-03-03T16:23:50+08:00 ] ::1 /shopping/shop/index.php/Admin/User/add
INFO: [ app_begin ] --START--
INFO: Run Behavior\ReadHtmlCacheBehavior [ RunTime:0.000000s ]
INFO: [ app_begin ] --END-- [ RunTime:0.000000s ]
SQL: SHOW COLUMNS FROM `group_user` [ RunTime:0.0030s ]
ERR: 1062:Duplicate entry '' for key 'uname_UNIQUE'
 [ SQL语句 ] : INSERT INTO `group_user` (`email`,`uname`,`password`,`phone`) VALUES ('','','d41d8cd98f00b204e9800998ecf8427e','')
ERR: 1062:Duplicate entry '' for key 'uname_UNIQUE'
 [ SQL语句 ] : INSERT INTO `group_user` (`email`,`uname`,`password`,`phone`) VALUES ('','','d41d8cd98f00b204e9800998ecf8427e','')

[ 2017-03-03T16:26:09+08:00 ] ::1 /shopping/shop/index.php/admin/User/add
INFO: [ app_begin ] --START--
INFO: Run Behavior\ReadHtmlCacheBehavior [ RunTime:0.000000s ]
INFO: [ app_begin ] --END-- [ RunTime:0.000000s ]
SQL: SHOW COLUMNS FROM `group_user` [ RunTime:0.0050s ]
ERR: 1062:Duplicate entry '' for key 'uname_UNIQUE'
 [ SQL语句 ] : INSERT INTO `group_user` (`email`,`uname`,`password`,`phone`) VALUES ('','','d41d8cd98f00b204e9800998ecf8427e','')
ERR: 1062:Duplicate entry '' for key 'uname_UNIQUE'
 [ SQL语句 ] : INSERT INTO `group_user` (`email`,`uname`,`password`,`phone`) VALUES ('','','d41d8cd98f00b204e9800998ecf8427e','')

[ 2017-03-03T16:26:19+08:00 ] ::1 /shopping/shop/index.php/admin/User/add
INFO: [ app_begin ] --START--
INFO: Run Behavior\ReadHtmlCacheBehavior [ RunTime:0.001001s ]
INFO: [ app_begin ] --END-- [ RunTime:0.001001s ]
SQL: SHOW COLUMNS FROM `group_user` [ RunTime:0.0040s ]
ERR: 1062:Duplicate entry '' for key 'uname_UNIQUE'
 [ SQL语句 ] : INSERT INTO `group_user` (`email`,`uname`,`password`,`phone`) VALUES ('','','d41d8cd98f00b204e9800998ecf8427e','')
ERR: 1062:Duplicate entry '' for key 'uname_UNIQUE'
 [ SQL语句 ] : INSERT INTO `group_user` (`email`,`uname`,`password`,`phone`) VALUES ('','','d41d8cd98f00b204e9800998ecf8427e','')

[ 2017-03-03T16:27:24+08:00 ] ::1 /shopping/shop/index.php/admin/User/add
INFO: [ app_begin ] --START--
INFO: Run Behavior\ReadHtmlCacheBehavior [ RunTime:0.001000s ]
INFO: [ app_begin ] --END-- [ RunTime:0.001000s ]
SQL: SHOW COLUMNS FROM `group_user` [ RunTime:0.0040s ]
ERR: 1062:Duplicate entry '' for key 'uname_UNIQUE'
 [ SQL语句 ] : INSERT INTO `group_user` (`email`,`uname`,`password`,`phone`) VALUES ('','','d41d8cd98f00b204e9800998ecf8427e','')
ERR: 1062:Duplicate entry '' for key 'uname_UNIQUE'
 [ SQL语句 ] : INSERT INTO `group_user` (`email`,`uname`,`password`,`phone`) VALUES ('','','d41d8cd98f00b204e9800998ecf8427e','')

[ 2017-03-03T16:27:30+08:00 ] ::1 /shopping/shop/index.php/admin/User/add
INFO: [ app_begin ] --START--
INFO: Run Behavior\ReadHtmlCacheBehavior [ RunTime:0.001000s ]
INFO: [ app_begin ] --END-- [ RunTime:0.001000s ]
SQL: SHOW COLUMNS FROM `group_user` [ RunTime:0.0030s ]
ERR: 1062:Duplicate entry '' for key 'uname_UNIQUE'
 [ SQL语句 ] : INSERT INTO `group_user` (`email`,`uname`,`password`,`phone`) VALUES ('','','d41d8cd98f00b204e9800998ecf8427e','')
ERR: 1062:Duplicate entry '' for key 'uname_UNIQUE'
 [ SQL语句 ] : INSERT INTO `group_user` (`email`,`uname`,`password`,`phone`) VALUES ('','','d41d8cd98f00b204e9800998ecf8427e','')

[ 2017-03-03T16:30:00+08:00 ] ::1 /shopping/shop/index.php/admin/User/add
INFO: [ app_begin ] --START--
INFO: Run Behavior\ReadHtmlCacheBehavior [ RunTime:0.000000s ]
INFO: [ app_begin ] --END-- [ RunTime:0.001000s ]
SQL: SHOW COLUMNS FROM `group_user` [ RunTime:0.0030s ]
ERR: 1062:Duplicate entry '' for key 'uname_UNIQUE'
 [ SQL语句 ] : INSERT INTO `group_user` (`email`,`uname`,`password`,`phone`) VALUES ('','','d41d8cd98f00b204e9800998ecf8427e','')
ERR: 1062:Duplicate entry '' for key 'uname_UNIQUE'
 [ SQL语句 ] : INSERT INTO `group_user` (`email`,`uname`,`password`,`phone`) VALUES ('','','d41d8cd98f00b204e9800998ecf8427e','')

[ 2017-03-03T16:30:35+08:00 ] ::1 /shopping/shop/index.php/admin/User/add
INFO: [ app_begin ] --START--
INFO: Run Behavior\ReadHtmlCacheBehavior [ RunTime:0.001000s ]
INFO: [ app_begin ] --END-- [ RunTime:0.001000s ]
SQL: SHOW COLUMNS FROM `group_user` [ RunTime:0.0040s ]
ERR: 1062:Duplicate entry '' for key 'uname_UNIQUE'
 [ SQL语句 ] : INSERT INTO `group_user` (`email`,`uname`,`password`,`phone`) VALUES ('','','d41d8cd98f00b204e9800998ecf8427e','')
ERR: 1062:Duplicate entry '' for key 'uname_UNIQUE'
 [ SQL语句 ] : INSERT INTO `group_user` (`email`,`uname`,`password`,`phone`) VALUES ('','','d41d8cd98f00b204e9800998ecf8427e','')

[ 2017-03-03T16:31:38+08:00 ] ::1 /shopping/shop/index.php/admin/User/add
INFO: [ app_begin ] --START--
INFO: Run Behavior\ReadHtmlCacheBehavior [ RunTime:0.000000s ]
INFO: [ app_begin ] --END-- [ RunTime:0.000000s ]
SQL: SHOW COLUMNS FROM `group_user` [ RunTime:0.0040s ]
ERR: 1062:Duplicate entry 'admin' for key 'uname_UNIQUE'
 [ SQL语句 ] : INSERT INTO `group_user` (`email`,`uname`,`password`,`phone`) VALUES ('','admin','d41d8cd98f00b204e9800998ecf8427e','')
ERR: 1062:Duplicate entry 'admin' for key 'uname_UNIQUE'
 [ SQL语句 ] : INSERT INTO `group_user` (`email`,`uname`,`password`,`phone`) VALUES ('','admin','d41d8cd98f00b204e9800998ecf8427e','')

[ 2017-03-03T16:32:36+08:00 ] ::1 /shopping/shop/index.php/Admin/User/add
INFO: [ app_begin ] --START--
INFO: Run Behavior\ReadHtmlCacheBehavior [ RunTime:0.000000s ]
INFO: [ app_begin ] --END-- [ RunTime:0.000000s ]
SQL: SHOW COLUMNS FROM `group_user` [ RunTime:0.0040s ]
ERR: 1062:Duplicate entry 'admin' for key 'uname_UNIQUE'
 [ SQL语句 ] : INSERT INTO `group_user` (`email`,`uname`,`password`,`phone`) VALUES ('','admin','e10adc3949ba59abbe56e057f20f883e','')
ERR: 1062:Duplicate entry 'admin' for key 'uname_UNIQUE'
 [ SQL语句 ] : INSERT INTO `group_user` (`email`,`uname`,`password`,`phone`) VALUES ('','admin','e10adc3949ba59abbe56e057f20f883e','')

[ 2017-03-03T16:33:10+08:00 ] ::1 /shopping/shop/index.php/admin/Login/login
INFO: [ app_begin ] --START--
INFO: Run Behavior\ReadHtmlCacheBehavior [ RunTime:0.001000s ]
INFO: [ app_begin ] --END-- [ RunTime:0.001000s ]
SQL: SHOW COLUMNS FROM `group_user` [ RunTime:0.0050s ]
SQL: SELECT * FROM `group_user` WHERE `uname` = 'admin' AND `password` = 'e10adc3949ba59abbe56e057f20f883e' LIMIT 1   [ RunTime:0.0010s ]

[ 2017-03-03T16:33:20+08:00 ] ::1 /shopping/shop/index.php/admin/User/add
INFO: [ app_begin ] --START--
INFO: Run Behavior\ReadHtmlCacheBehavior [ RunTime:0.000000s ]
INFO: [ app_begin ] --END-- [ RunTime:0.001000s ]
SQL: SHOW COLUMNS FROM `group_user` [ RunTime:0.0030s ]
ERR: 1062:Duplicate entry 'admin' for key 'uname_UNIQUE'
 [ SQL语句 ] : INSERT INTO `group_user` (`email`,`uname`,`password`,`phone`) VALUES ('','admin','d41d8cd98f00b204e9800998ecf8427e','')
ERR: 1062:Duplicate entry 'admin' for key 'uname_UNIQUE'
 [ SQL语句 ] : INSERT INTO `group_user` (`email`,`uname`,`password`,`phone`) VALUES ('','admin','d41d8cd98f00b204e9800998ecf8427e','')

[ 2017-03-03T16:33:38+08:00 ] ::1 /shopping/shop/index.php/admin/User/add
INFO: [ app_begin ] --START--
INFO: Run Behavior\ReadHtmlCacheBehavior [ RunTime:0.001000s ]
INFO: [ app_begin ] --END-- [ RunTime:0.001000s ]
SQL: SHOW COLUMNS FROM `group_user` [ RunTime:0.0040s ]
ERR: 1062:Duplicate entry 'admin' for key 'uname_UNIQUE'
 [ SQL语句 ] : INSERT INTO `group_user` (`email`,`uname`,`password`,`phone`) VALUES ('','admin','d41d8cd98f00b204e9800998ecf8427e','')
ERR: 1062:Duplicate entry 'admin' for key 'uname_UNIQUE'
 [ SQL语句 ] : INSERT INTO `group_user` (`email`,`uname`,`password`,`phone`) VALUES ('','admin','d41d8cd98f00b204e9800998ecf8427e','')

[ 2017-03-03T16:35:01+08:00 ] ::1 /shopping/shop/index.php/Admin/User/add
INFO: [ app_begin ] --START--
INFO: Run Behavior\ReadHtmlCacheBehavior [ RunTime:0.001000s ]
INFO: [ app_begin ] --END-- [ RunTime:0.001000s ]
SQL: SHOW COLUMNS FROM `group_user` [ RunTime:0.0030s ]
ERR: 1062:Duplicate entry 'admin' for key 'uname_UNIQUE'
 [ SQL语句 ] : INSERT INTO `group_user` (`email`,`uname`,`password`,`phone`) VALUES ('','admin','e10adc3949ba59abbe56e057f20f883e','')
ERR: 1062:Duplicate entry 'admin' for key 'uname_UNIQUE'
 [ SQL语句 ] : INSERT INTO `group_user` (`email`,`uname`,`password`,`phone`) VALUES ('','admin','e10adc3949ba59abbe56e057f20f883e','')

[ 2017-03-03T16:35:13+08:00 ] ::1 /shopping/shop/index.php/Admin/User/aa
INFO: [ app_begin ] --START--
INFO: Run Behavior\ReadHtmlCacheBehavior [ RunTime:0.000000s ]
INFO: [ app_begin ] --END-- [ RunTime:0.000000s ]
ERR: 非法操作:aa

[ 2017-03-03T16:37:49+08:00 ] ::1 /shopping/shop/index.php/Admin/User/%7BU('Admin/User/add')%7D
INFO: [ app_begin ] --START--
INFO: Run Behavior\ReadHtmlCacheBehavior [ RunTime:0.001000s ]
INFO: [ app_begin ] --END-- [ RunTime:0.001000s ]
ERR: 非法操作:{U('Admin

[ 2017-03-03T16:38:13+08:00 ] ::1 /shopping/shop/index.php/Admin/User/add
INFO: [ app_begin ] --START--
INFO: Run Behavior\ReadHtmlCacheBehavior [ RunTime:0.001000s ]
INFO: [ app_begin ] --END-- [ RunTime:0.001000s ]
SQL: SHOW COLUMNS FROM `group_user` [ RunTime:0.0040s ]
ERR: 1062:Duplicate entry 'admin' for key 'uname_UNIQUE'
 [ SQL语句 ] : INSERT INTO `group_user` (`email`,`uname`,`password`,`phone`) VALUES ('','admin','e10adc3949ba59abbe56e057f20f883e','')
ERR: 1062:Duplicate entry 'admin' for key 'uname_UNIQUE'
 [ SQL语句 ] : INSERT INTO `group_user` (`email`,`uname`,`password`,`phone`) VALUES ('','admin','e10adc3949ba59abbe56e057f20f883e','')

[ 2017-03-03T16:38:26+08:00 ] ::1 /shopping/shop/index.php/Admin/User/add
INFO: [ app_begin ] --START--
INFO: Run Behavior\ReadHtmlCacheBehavior [ RunTime:0.000000s ]
INFO: [ app_begin ] --END-- [ RunTime:0.001000s ]
SQL: SHOW COLUMNS FROM `group_user` [ RunTime:0.0040s ]
ERR: 1062:Duplicate entry 'admin' for key 'uname_UNIQUE'
 [ SQL语句 ] : INSERT INTO `group_user` (`email`,`uname`,`password`,`phone`) VALUES ('','admin','e10adc3949ba59abbe56e057f20f883e','')
ERR: 1062:Duplicate entry 'admin' for key 'uname_UNIQUE'
 [ SQL语句 ] : INSERT INTO `group_user` (`email`,`uname`,`password`,`phone`) VALUES ('','admin','e10adc3949ba59abbe56e057f20f883e','')

[ 2017-03-03T16:39:36+08:00 ] ::1 /shopping/shop/index.php/Admin/User/tianjia
INFO: [ app_begin ] --START--
INFO: Run Behavior\ReadHtmlCacheBehavior [ RunTime:0.000000s ]
INFO: [ app_begin ] --END-- [ RunTime:0.000000s ]
SQL: SHOW COLUMNS FROM `group_user` [ RunTime:0.0030s ]
ERR: 1062:Duplicate entry 'admin' for key 'uname_UNIQUE'
 [ SQL语句 ] : INSERT INTO `group_user` (`email`,`uname`,`password`,`phone`) VALUES ('','admin','e10adc3949ba59abbe56e057f20f883e','')
ERR: 1062:Duplicate entry 'admin' for key 'uname_UNIQUE'
 [ SQL语句 ] : INSERT INTO `group_user` (`email`,`uname`,`password`,`phone`) VALUES ('','admin','e10adc3949ba59abbe56e057f20f883e','')

[ 2017-03-03T16:39:43+08:00 ] ::1 /shopping/shop/index.php/Admin/User/tianjia
INFO: [ app_begin ] --START--
INFO: Run Behavior\ReadHtmlCacheBehavior [ RunTime:0.000000s ]
INFO: [ app_begin ] --END-- [ RunTime:0.001000s ]
SQL: SHOW COLUMNS FROM `group_user` [ RunTime:0.0040s ]
ERR: 1062:Duplicate entry 'admin' for key 'uname_UNIQUE'
 [ SQL语句 ] : INSERT INTO `group_user` (`email`,`uname`,`password`,`phone`) VALUES ('','admin','e10adc3949ba59abbe56e057f20f883e','')
ERR: 1062:Duplicate entry 'admin' for key 'uname_UNIQUE'
 [ SQL语句 ] : INSERT INTO `group_user` (`email`,`uname`,`password`,`phone`) VALUES ('','admin','e10adc3949ba59abbe56e057f20f883e','')

[ 2017-03-03T16:40:56+08:00 ] ::1 /shopping/shop/index.php/Admin/User/add
INFO: [ app_begin ] --START--
INFO: Run Behavior\ReadHtmlCacheBehavior [ RunTime:0.000000s ]
INFO: [ app_begin ] --END-- [ RunTime:0.000000s ]
SQL: SHOW COLUMNS FROM `group_user` [ RunTime:0.0030s ]
ERR: 1062:Duplicate entry 'admin' for key 'uname_UNIQUE'
 [ SQL语句 ] : INSERT INTO `group_user` (`email`,`uname`,`password`,`phone`) VALUES ('','admin','e10adc3949ba59abbe56e057f20f883e','')
ERR: 1062:Duplicate entry 'admin' for key 'uname_UNIQUE'
 [ SQL语句 ] : INSERT INTO `group_user` (`email`,`uname`,`password`,`phone`) VALUES ('','admin','e10adc3949ba59abbe56e057f20f883e','')

[ 2017-03-03T16:41:10+08:00 ] ::1 /shopping/shop/index.php/Admin/Login/loginout
INFO: [ app_begin ] --START--
INFO: Run Behavior\ReadHtmlCacheBehavior [ RunTime:0.000000s ]
INFO: [ app_begin ] --END-- [ RunTime:0.000000s ]

[ 2017-03-03T16:41:12+08:00 ] ::1 /shopping/shop/index.php/admin/Login/login
INFO: [ app_begin ] --START--
INFO: Run Behavior\ReadHtmlCacheBehavior [ RunTime:0.000000s ]
INFO: [ app_begin ] --END-- [ RunTime:0.001000s ]

[ 2017-03-03T16:42:12+08:00 ] ::1 /shopping/shop/index.php/admin/Login/login
INFO: [ app_begin ] --START--
INFO: Run Behavior\ReadHtmlCacheBehavior [ RunTime:0.000000s ]
INFO: [ app_begin ] --END-- [ RunTime:0.000000s ]

[ 2017-03-03T16:42:14+08:00 ] ::1 /shopping/shop/index.php/admin/Login/login
INFO: [ app_begin ] --START--
INFO: Run Behavior\ReadHtmlCacheBehavior [ RunTime:0.000000s ]
INFO: [ app_begin ] --END-- [ RunTime:0.000000s ]

[ 2017-03-03T16:42:14+08:00 ] ::1 /shopping/shop/index.php/admin/Login/login
INFO: [ app_begin ] --START--
INFO: Run Behavior\ReadHtmlCacheBehavior [ RunTime:0.000000s ]
INFO: [ app_begin ] --END-- [ RunTime:0.001000s ]

[ 2017-03-03T16:42:14+08:00 ] ::1 /shopping/shop/index.php/admin/Login/login
INFO: [ app_begin ] --START--
INFO: Run Behavior\ReadHtmlCacheBehavior [ RunTime:0.000000s ]
INFO: [ app_begin ] --END-- [ RunTime:0.000000s ]

[ 2017-03-03T16:44:47+08:00 ] ::1 /shopping/shop/index.php/admin/Login/login
INFO: [ app_begin ] --START--
INFO: Run Behavior\ReadHtmlCacheBehavior [ RunTime:0.000000s ]
INFO: [ app_begin ] --END-- [ RunTime:0.001000s ]
SQL: SHOW COLUMNS FROM `group_user` [ RunTime:0.0070s ]
SQL: SELECT * FROM `group_user` WHERE `uname` = 'admin' AND `password` = 'e10adc3949ba59abbe56e057f20f883e' LIMIT 1   [ RunTime:0.0010s ]

[ 2017-03-03T16:46:59+08:00 ] ::1 /shopping/shop/index.php/Admin/User/add
INFO: [ app_begin ] --START--
INFO: Run Behavior\ReadHtmlCacheBehavior [ RunTime:0.000000s ]
INFO: [ app_begin ] --END-- [ RunTime:0.001000s ]

[ 2017-03-03T16:48:12+08:00 ] ::1 /shopping/shop/index.php/Admin/User/add
INFO: [ app_begin ] --START--
INFO: Run Behavior\ReadHtmlCacheBehavior [ RunTime:0.001000s ]
INFO: [ app_begin ] --END-- [ RunTime:0.001000s ]
SQL: SHOW COLUMNS FROM `group_user` [ RunTime:0.0030s ]
ERR: 1062:Duplicate entry 'admin' for key 'uname_UNIQUE'
 [ SQL语句 ] : INSERT INTO `group_user` (`email`,`uname`,`password`,`phone`) VALUES ('','admin','e10adc3949ba59abbe56e057f20f883e','')
ERR: 1062:Duplicate entry 'admin' for key 'uname_UNIQUE'
 [ SQL语句 ] : INSERT INTO `group_user` (`email`,`uname`,`password`,`phone`) VALUES ('','admin','e10adc3949ba59abbe56e057f20f883e','')

[ 2017-03-03T16:59:39+08:00 ] ::1 /shopping/shop/index.php/Admin/User/add?email=24322432%40221&uname=ewqeqw&password=eqweqwe&phone=21321312
INFO: [ app_begin ] --START--
INFO: Run Behavior\ReadHtmlCacheBehavior [ RunTime:0.000000s ]
INFO: [ app_begin ] --END-- [ RunTime:0.001000s ]
SQL: SHOW COLUMNS FROM `group_user` [ RunTime:0.0060s ]
SQL: INSERT INTO `group_user` (`email`,`uname`,`password`,`phone`) VALUES ('24322432@221','ewqeqw','eqweqwe','21321312') [ RunTime:0.0860s ]
INFO: [ view_parse ] --START--
INFO: [ template_filter ] --START--
INFO: Run Behavior\ContentReplaceBehavior [ RunTime:0.000000s ]
INFO: [ template_filter ] --END-- [ RunTime:0.000000s ]
INFO: Run Behavior\ParseTemplateBehavior [ RunTime:0.006000s ]
INFO: [ view_parse ] --END-- [ RunTime:0.006000s ]
INFO: [ view_filter ] --START--
INFO: Run Behavior\WriteHtmlCacheBehavior [ RunTime:0.000000s ]
INFO: [ view_filter ] --END-- [ RunTime:0.000000s ]
INFO: [ app_end ] --START--
INFO: Run Behavior\ShowPageTraceBehavior [ RunTime:0.001000s ]
INFO: [ app_end ] --END-- [ RunTime:0.001000s ]

[ 2017-03-03T16:59:43+08:00 ] ::1 /shopping/shop/index.php/Admin/User/add?email=24322432%40221&uname=ewqeqw&password=eqweqwe&phone=21321312
INFO: [ app_begin ] --START--
INFO: Run Behavior\ReadHtmlCacheBehavior [ RunTime:0.001000s ]
INFO: [ app_begin ] --END-- [ RunTime:0.001000s ]
SQL: SHOW COLUMNS FROM `group_user` [ RunTime:0.0040s ]
ERR: 1062:Duplicate entry '24322432@221' for key 'email_UNIQUE'
 [ SQL语句 ] : INSERT INTO `group_user` (`email`,`uname`,`password`,`phone`) VALUES ('24322432@221','ewqeqw','eqweqwe','21321312')
ERR: 1062:Duplicate entry '24322432@221' for key 'email_UNIQUE'
 [ SQL语句 ] : INSERT INTO `group_user` (`email`,`uname`,`password`,`phone`) VALUES ('24322432@221','ewqeqw','eqweqwe','21321312')

[ 2017-03-03T16:59:43+08:00 ] ::1 /shopping/shop/index.php/Admin/User/add?email=24322432%40221&uname=ewqeqw&password=eqweqwe&phone=21321312
INFO: [ app_begin ] --START--
INFO: Run Behavior\ReadHtmlCacheBehavior [ RunTime:0.000000s ]
INFO: [ app_begin ] --END-- [ RunTime:0.001000s ]
SQL: SHOW COLUMNS FROM `group_user` [ RunTime:0.0040s ]
ERR: 1062:Duplicate entry '24322432@221' for key 'email_UNIQUE'
 [ SQL语句 ] : INSERT INTO `group_user` (`email`,`uname`,`password`,`phone`) VALUES ('24322432@221','ewqeqw','eqweqwe','21321312')
ERR: 1062:Duplicate entry '24322432@221' for key 'email_UNIQUE'
 [ SQL语句 ] : INSERT INTO `group_user` (`email`,`uname`,`password`,`phone`) VALUES ('24322432@221','ewqeqw','eqweqwe','21321312')

[ 2017-03-03T17:02:03+08:00 ] ::1 /shopping/shop/index.php/Admin/User/add?email=weqwewqe&uname=qwewqeqe&password=qweqweqw&phone=21312312
INFO: [ app_begin ] --START--
INFO: Run Behavior\ReadHtmlCacheBehavior [ RunTime:0.001000s ]
INFO: [ app_begin ] --END-- [ RunTime:0.001000s ]
SQL: SHOW COLUMNS FROM `group_user` [ RunTime:0.0040s ]
SQL: INSERT INTO `group_user` (`email`,`uname`,`password`,`phone`) VALUES ('weqwewqe','qwewqeqe','qweqweqw','21312312') [ RunTime:0.0870s ]
INFO: [ view_parse ] --START--
INFO: [ template_filter ] --START--
INFO: Run Behavior\ContentReplaceBehavior [ RunTime:0.000000s ]
INFO: [ template_filter ] --END-- [ RunTime:0.000000s ]
INFO: Run Behavior\ParseTemplateBehavior [ RunTime:0.006000s ]
INFO: [ view_parse ] --END-- [ RunTime:0.006000s ]
INFO: [ view_filter ] --START--
INFO: Run Behavior\WriteHtmlCacheBehavior [ RunTime:0.000000s ]
INFO: [ view_filter ] --END-- [ RunTime:0.000000s ]
INFO: [ app_end ] --START--
INFO: Run Behavior\ShowPageTraceBehavior [ RunTime:0.001000s ]
INFO: [ app_end ] --END-- [ RunTime:0.001000s ]

[ 2017-03-03T17:02:11+08:00 ] ::1 /shopping/shop/index.php/Admin/User/add?email=weqwewqe&uname=qwewqeqe&password=qweqweqw&phone=21312312
INFO: [ app_begin ] --START--
INFO: Run Behavior\ReadHtmlCacheBehavior [ RunTime:0.000000s ]
INFO: [ app_begin ] --END-- [ RunTime:0.000000s ]
SQL: SHOW COLUMNS FROM `group_user` [ RunTime:0.0030s ]
ERR: 1062:Duplicate entry 'weqwewqe' for key 'email_UNIQUE'
 [ SQL语句 ] : INSERT INTO `group_user` (`email`,`uname`,`password`,`phone`) VALUES ('weqwewqe','qwewqeqe','qweqweqw','21312312')
ERR: 1062:Duplicate entry 'weqwewqe' for key 'email_UNIQUE'
 [ SQL语句 ] : INSERT INTO `group_user` (`email`,`uname`,`password`,`phone`) VALUES ('weqwewqe','qwewqeqe','qweqweqw','21312312')

[ 2017-03-03T17:02:25+08:00 ] ::1 /shopping/shop/index.php/Admin/User/add?email=weqwewqe&uname=qwewqeqe&password=qweqweqw&phone=21312312
INFO: [ app_begin ] --START--
INFO: Run Behavior\ReadHtmlCacheBehavior [ RunTime:0.000000s ]
INFO: [ app_begin ] --END-- [ RunTime:0.001000s ]
SQL: SHOW COLUMNS FROM `group_user` [ RunTime:0.0060s ]
ERR: 1062:Duplicate entry 'weqwewqe' for key 'email_UNIQUE'
 [ SQL语句 ] : INSERT INTO `group_user` (`email`,`uname`,`password`,`phone`) VALUES ('weqwewqe','qwewqeqe','qweqweqw','21312312')
ERR: 1062:Duplicate entry 'weqwewqe' for key 'email_UNIQUE'
 [ SQL语句 ] : INSERT INTO `group_user` (`email`,`uname`,`password`,`phone`) VALUES ('weqwewqe','qwewqeqe','qweqweqw','21312312')

[ 2017-03-03T17:03:28+08:00 ] ::1 /shopping/shop/index.php/Admin/User/add?email=we3123&uname=412321&password=2131231&phone=321312321
INFO: [ app_begin ] --START--
INFO: Run Behavior\ReadHtmlCacheBehavior [ RunTime:0.001000s ]
INFO: [ app_begin ] --END-- [ RunTime:0.001000s ]
SQL: SHOW COLUMNS FROM `group_user` [ RunTime:0.0040s ]
SQL: INSERT INTO `group_user` (`email`,`uname`,`password`,`phone`) VALUES ('we3123','412321','2131231','321312321') [ RunTime:0.0820s ]
INFO: [ view_parse ] --START--
INFO: [ template_filter ] --START--
INFO: Run Behavior\ContentReplaceBehavior [ RunTime:0.000000s ]
INFO: [ template_filter ] --END-- [ RunTime:0.000000s ]
INFO: Run Behavior\ParseTemplateBehavior [ RunTime:0.005000s ]
INFO: [ view_parse ] --END-- [ RunTime:0.005000s ]
INFO: [ view_filter ] --START--
INFO: Run Behavior\WriteHtmlCacheBehavior [ RunTime:0.000000s ]
INFO: [ view_filter ] --END-- [ RunTime:0.000000s ]
INFO: [ app_end ] --START--
INFO: Run Behavior\ShowPageTraceBehavior [ RunTime:0.000000s ]
INFO: [ app_end ] --END-- [ RunTime:0.000000s ]

[ 2017-03-03T17:03:29+08:00 ] ::1 /shopping/shop/index.php/Admin/User/add?email=we3123&uname=412321&password=2131231&phone=321312321
INFO: [ app_begin ] --START--
INFO: Run Behavior\ReadHtmlCacheBehavior [ RunTime:0.001000s ]
INFO: [ app_begin ] --END-- [ RunTime:0.001000s ]
SQL: SHOW COLUMNS FROM `group_user` [ RunTime:0.0050s ]
ERR: 1062:Duplicate entry 'we3123' for key 'email_UNIQUE'
 [ SQL语句 ] : INSERT INTO `group_user` (`email`,`uname`,`password`,`phone`) VALUES ('we3123','412321','2131231','321312321')
ERR: 1062:Duplicate entry 'we3123' for key 'email_UNIQUE'
 [ SQL语句 ] : INSERT INTO `group_user` (`email`,`uname`,`password`,`phone`) VALUES ('we3123','412321','2131231','321312321')

[ 2017-03-03T17:06:48+08:00 ] ::1 /shopping/shop/index.php/Admin/User/add?email=23123&uname=121312&password=21312&phone=312
INFO: [ app_begin ] --START--
INFO: Run Behavior\ReadHtmlCacheBehavior [ RunTime:0.001000s ]
INFO: [ app_begin ] --END-- [ RunTime:0.001000s ]
SQL: SHOW COLUMNS FROM `group_user` [ RunTime:0.0060s ]
SQL: INSERT INTO `group_user` (`email`,`uname`,`password`,`phone`) VALUES ('23123','121312','21312','312') [ RunTime:0.0980s ]
INFO: [ view_parse ] --START--
INFO: [ template_filter ] --START--
INFO: Run Behavior\ContentReplaceBehavior [ RunTime:0.000000s ]
INFO: [ template_filter ] --END-- [ RunTime:0.000000s ]
INFO: Run Behavior\ParseTemplateBehavior [ RunTime:0.005000s ]
INFO: [ view_parse ] --END-- [ RunTime:0.005000s ]
INFO: [ view_filter ] --START--
INFO: Run Behavior\WriteHtmlCacheBehavior [ RunTime:0.001000s ]
INFO: [ view_filter ] --END-- [ RunTime:0.001000s ]
INFO: [ app_end ] --START--
INFO: Run Behavior\ShowPageTraceBehavior [ RunTime:0.000000s ]
INFO: [ app_end ] --END-- [ RunTime:0.000000s ]

[ 2017-03-03T17:06:50+08:00 ] ::1 /shopping/shop/index.php/Admin/User/add?email=23123&uname=121312&password=21312&phone=312
INFO: [ app_begin ] --START--
INFO: Run Behavior\ReadHtmlCacheBehavior [ RunTime:0.000000s ]
INFO: [ app_begin ] --END-- [ RunTime:0.000000s ]
SQL: SHOW COLUMNS FROM `group_user` [ RunTime:0.0030s ]
ERR: 1062:Duplicate entry '23123' for key 'email_UNIQUE'
 [ SQL语句 ] : INSERT INTO `group_user` (`email`,`uname`,`password`,`phone`) VALUES ('23123','121312','21312','312')
ERR: 1062:Duplicate entry '23123' for key 'email_UNIQUE'
 [ SQL语句 ] : INSERT INTO `group_user` (`email`,`uname`,`password`,`phone`) VALUES ('23123','121312','21312','312')

[ 2017-03-03T17:06:52+08:00 ] ::1 /shopping/shop/index.php/Admin/User/add?email=23123&uname=121312&password=21312&phone=312
INFO: [ app_begin ] --START--
INFO: Run Behavior\ReadHtmlCacheBehavior [ RunTime:0.001000s ]
INFO: [ app_begin ] --END-- [ RunTime:0.001000s ]
SQL: SHOW COLUMNS FROM `group_user` [ RunTime:0.0030s ]
ERR: 1062:Duplicate entry '23123' for key 'email_UNIQUE'
 [ SQL语句 ] : INSERT INTO `group_user` (`email`,`uname`,`password`,`phone`) VALUES ('23123','121312','21312','312')
ERR: 1062:Duplicate entry '23123' for key 'email_UNIQUE'
 [ SQL语句 ] : INSERT INTO `group_user` (`email`,`uname`,`password`,`phone`) VALUES ('23123','121312','21312','312')

[ 2017-03-03T17:06:52+08:00 ] ::1 /shopping/shop/index.php/Admin/User/add?email=23123&uname=121312&password=21312&phone=312
INFO: [ app_begin ] --START--
INFO: Run Behavior\ReadHtmlCacheBehavior [ RunTime:0.001000s ]
INFO: [ app_begin ] --END-- [ RunTime:0.001000s ]
SQL: SHOW COLUMNS FROM `group_user` [ RunTime:0.0040s ]
ERR: 1062:Duplicate entry '23123' for key 'email_UNIQUE'
 [ SQL语句 ] : INSERT INTO `group_user` (`email`,`uname`,`password`,`phone`) VALUES ('23123','121312','21312','312')
ERR: 1062:Duplicate entry '23123' for key 'email_UNIQUE'
 [ SQL语句 ] : INSERT INTO `group_user` (`email`,`uname`,`password`,`phone`) VALUES ('23123','121312','21312','312')

[ 2017-03-03T17:06:52+08:00 ] ::1 /shopping/shop/index.php/Admin/User/add?email=23123&uname=121312&password=21312&phone=312
INFO: [ app_begin ] --START--
INFO: Run Behavior\ReadHtmlCacheBehavior [ RunTime:0.000000s ]
INFO: [ app_begin ] --END-- [ RunTime:0.000000s ]
SQL: SHOW COLUMNS FROM `group_user` [ RunTime:0.0030s ]
ERR: 1062:Duplicate entry '23123' for key 'email_UNIQUE'
 [ SQL语句 ] : INSERT INTO `group_user` (`email`,`uname`,`password`,`phone`) VALUES ('23123','121312','21312','312')
ERR: 1062:Duplicate entry '23123' for key 'email_UNIQUE'
 [ SQL语句 ] : INSERT INTO `group_user` (`email`,`uname`,`password`,`phone`) VALUES ('23123','121312','21312','312')

[ 2017-03-03T17:20:31+08:00 ] ::1 /shopping/shop/index.php/Admin/User/add?email=&uname=admin&password=&phone=
INFO: [ app_begin ] --START--
INFO: Run Behavior\ReadHtmlCacheBehavior [ RunTime:0.001000s ]
INFO: [ app_begin ] --END-- [ RunTime:0.001000s ]
SQL: SHOW COLUMNS FROM `group_user` [ RunTime:0.0150s ]
ERR: 1062:Duplicate entry 'admin' for key 'uname_UNIQUE'
 [ SQL语句 ] : INSERT INTO `group_user` (`email`,`uname`,`password`,`phone`) VALUES ('','admin','','')
ERR: 1062:Duplicate entry 'admin' for key 'uname_UNIQUE'
 [ SQL语句 ] : INSERT INTO `group_user` (`email`,`uname`,`password`,`phone`) VALUES ('','admin','','')

[ 2017-03-03T17:21:16+08:00 ] ::1 /shopping/shop/index.php/Admin/User/add?email=213213213&uname=123123123&password=123123123&phone=32131231321
INFO: [ app_begin ] --START--
INFO: Run Behavior\ReadHtmlCacheBehavior [ RunTime:0.001000s ]
INFO: [ app_begin ] --END-- [ RunTime:0.001000s ]
SQL: SHOW COLUMNS FROM `group_user` [ RunTime:0.0040s ]
SQL: INSERT INTO `group_user` (`email`,`uname`,`password`,`phone`) VALUES ('213213213','123123123','123123123','32131231321') [ RunTime:0.3560s ]
INFO: [ view_parse ] --START--
INFO: [ template_filter ] --START--
INFO: Run Behavior\ContentReplaceBehavior [ RunTime:0.000000s ]
INFO: [ template_filter ] --END-- [ RunTime:0.000000s ]
INFO: Run Behavior\ParseTemplateBehavior [ RunTime:0.007000s ]
INFO: [ view_parse ] --END-- [ RunTime:0.007000s ]
INFO: [ view_filter ] --START--
INFO: Run Behavior\WriteHtmlCacheBehavior [ RunTime:0.000000s ]
INFO: [ view_filter ] --END-- [ RunTime:0.000000s ]
INFO: [ app_end ] --START--
INFO: Run Behavior\ShowPageTraceBehavior [ RunTime:0.001000s ]
INFO: [ app_end ] --END-- [ RunTime:0.001000s ]

[ 2017-03-03T17:21:17+08:00 ] ::1 /shopping/shop/index.php/Admin/User/add?email=213213213&uname=123123123&password=123123123&phone=32131231321
INFO: [ app_begin ] --START--
INFO: Run Behavior\ReadHtmlCacheBehavior [ RunTime:0.000000s ]
INFO: [ app_begin ] --END-- [ RunTime:0.001000s ]
SQL: SHOW COLUMNS FROM `group_user` [ RunTime:0.0040s ]
ERR: 1062:Duplicate entry '213213213' for key 'email_UNIQUE'
 [ SQL语句 ] : INSERT INTO `group_user` (`email`,`uname`,`password`,`phone`) VALUES ('213213213','123123123','123123123','32131231321')
ERR: 1062:Duplicate entry '213213213' for key 'email_UNIQUE'
 [ SQL语句 ] : INSERT INTO `group_user` (`email`,`uname`,`password`,`phone`) VALUES ('213213213','123123123','123123123','32131231321')

