[ 2017-02-10T10:19:34+08:00 ] ::1 /shop/index.php?s=/admin/category/index
ERR: 非法操作:index

[ 2017-02-10T10:19:40+08:00 ] ::1 /shop/index.php?s=/admin/category/show
ERR: SQLSTATE[HY000] [1049] Unknown database 'hdgroup'

[ 2017-02-10T13:38:56+08:00 ] ::1 /shop/index.php/admin/index/css/pintuer.css
ERR: 非法操作:css

[ 2017-02-10T13:38:56+08:00 ] ::1 /shop/index.php/admin/index/js/jquery.js
ERR: 非法操作:js

[ 2017-02-10T13:38:56+08:00 ] ::1 /shop/index.php/admin/index/css/admin.css
ERR: 非法操作:css

[ 2017-02-10T13:38:56+08:00 ] ::1 /shop/index.php/admin/index/js/pintuer.js
ERR: 非法操作:js

[ 2017-02-10T13:44:24+08:00 ] ::1 /shop/index.php/admin/index/css/pintuer.css
ERR: 非法操作:css

[ 2017-02-10T13:44:24+08:00 ] ::1 /shop/index.php/admin/index/css/admin.css
ERR: 非法操作:css

[ 2017-02-10T13:44:24+08:00 ] ::1 /shop/index.php/admin/index/js/jquery.js
ERR: 非法操作:js

[ 2017-02-10T13:44:24+08:00 ] ::1 /shop/index.php/admin/index/js/pintuer.js
ERR: 非法操作:js

[ 2017-02-10T13:47:16+08:00 ] ::1 /shop/index.php/admin/index/css/pintuer.css
ERR: 非法操作:css

[ 2017-02-10T13:47:16+08:00 ] ::1 /shop/index.php/admin/index/js/jquery.js
ERR: 非法操作:js

[ 2017-02-10T13:47:16+08:00 ] ::1 /shop/index.php/admin/index/js/pintuer.js
ERR: 非法操作:js

[ 2017-02-10T13:47:16+08:00 ] ::1 /shop/index.php/admin/index/css/admin.css
ERR: 非法操作:css

[ 2017-02-10T13:47:18+08:00 ] ::1 /shop/index.php/admin/index/css/pintuer.css
ERR: 非法操作:css

[ 2017-02-10T13:47:18+08:00 ] ::1 /shop/index.php/admin/index/css/admin.css
ERR: 非法操作:css

[ 2017-02-10T13:47:18+08:00 ] ::1 /shop/index.php/admin/index/js/jquery.js
ERR: 非法操作:js

[ 2017-02-10T13:47:18+08:00 ] ::1 /shop/index.php/admin/index/js/pintuer.js
ERR: 非法操作:js

[ 2017-02-10T13:47:31+08:00 ] ::1 /shop/index.php/admin/index/css/pintuer.css
ERR: 非法操作:css

[ 2017-02-10T13:47:31+08:00 ] ::1 /shop/index.php/admin/index/css/admin.css
ERR: 非法操作:css

[ 2017-02-10T13:50:37+08:00 ] ::1 /shop/index.php/admin/index/css/pintuer.css
ERR: 非法操作:css

[ 2017-02-10T13:50:37+08:00 ] ::1 /shop/index.php/admin/index/js/pintuer.js
ERR: 非法操作:js

[ 2017-02-10T13:50:37+08:00 ] ::1 /shop/index.php/admin/index/js/jquery.js
ERR: 非法操作:js

[ 2017-02-10T13:50:37+08:00 ] ::1 /shop/index.php/admin/index/css/admin.css
ERR: 非法操作:css

[ 2017-02-10T13:56:28+08:00 ] ::1 /shop/index.php/admin/index/css/pintuer.css
ERR: 非法操作:css

[ 2017-02-10T13:56:28+08:00 ] ::1 /shop/index.php/admin/index/js/jquery.js
ERR: 非法操作:js

[ 2017-02-10T13:56:28+08:00 ] ::1 /shop/index.php/admin/index/css/admin.css
ERR: 非法操作:css

[ 2017-02-10T13:56:28+08:00 ] ::1 /shop/index.php/admin/index/js/pintuer.js
ERR: 非法操作:js

[ 2017-02-10T13:56:29+08:00 ] ::1 /shop/index.php/admin/index/js/jquery.js
ERR: 非法操作:js

[ 2017-02-10T13:56:29+08:00 ] ::1 /shop/index.php/admin/index/css/pintuer.css
ERR: 非法操作:css

[ 2017-02-10T13:56:29+08:00 ] ::1 /shop/index.php/admin/index/js/pintuer.js
ERR: 非法操作:js

[ 2017-02-10T13:56:29+08:00 ] ::1 /shop/index.php/admin/index/css/admin.css
ERR: 非法操作:css

[ 2017-02-10T13:56:30+08:00 ] ::1 /shop/index.php/admin/index/css/pintuer.css
ERR: 非法操作:css

[ 2017-02-10T13:56:30+08:00 ] ::1 /shop/index.php/admin/index/js/pintuer.js
ERR: 非法操作:js

[ 2017-02-10T13:56:30+08:00 ] ::1 /shop/index.php/admin/index/css/admin.css
ERR: 非法操作:css

[ 2017-02-10T13:56:30+08:00 ] ::1 /shop/index.php/admin/index/js/jquery.js
ERR: 非法操作:js

[ 2017-02-10T14:04:22+08:00 ] ::1 /shop/index.php/admin/index/css/pintuer.css
ERR: 非法操作:css

[ 2017-02-10T14:04:22+08:00 ] ::1 /shop/index.php/admin/index/js/jquery.js
ERR: 非法操作:js

[ 2017-02-10T14:04:22+08:00 ] ::1 /shop/index.php/admin/index/css/admin.css
ERR: 非法操作:css

[ 2017-02-10T14:04:22+08:00 ] ::1 /shop/index.php/admin/index/js/pintuer.js
ERR: 非法操作:js

[ 2017-02-10T16:25:50+08:00 ] ::1 /shop/index.php/admin/index/js/jquery.js
ERR: 非法操作:js

[ 2017-02-10T16:25:50+08:00 ] ::1 /shop/index.php/admin/index/css/pintuer.css
ERR: 非法操作:css

[ 2017-02-10T16:25:50+08:00 ] ::1 /shop/index.php/admin/index/js/pintuer.js
ERR: 非法操作:js

[ 2017-02-10T16:25:50+08:00 ] ::1 /shop/index.php/admin/index/css/admin.css
ERR: 非法操作:css

[ 2017-02-10T16:25:56+08:00 ] ::1 /shop/index.php/admin/index/js/jquery.js
ERR: 非法操作:js

[ 2017-02-10T16:25:56+08:00 ] ::1 /shop/index.php/admin/index/js/pintuer.js
ERR: 非法操作:js

[ 2017-02-10T16:25:56+08:00 ] ::1 /shop/index.php/admin/index/css/pintuer.css
ERR: 非法操作:css

[ 2017-02-10T16:25:56+08:00 ] ::1 /shop/index.php/admin/index/css/admin.css
ERR: 非法操作:css

[ 2017-02-10T16:28:13+08:00 ] ::1 /shop/index.php/admin/index/css/pintuer.css
ERR: 非法操作:css

[ 2017-02-10T16:28:13+08:00 ] ::1 /shop/index.php/admin/index/js/jquery.js
ERR: 非法操作:js

[ 2017-02-10T16:28:13+08:00 ] ::1 /shop/index.php/admin/index/js/pintuer.js
ERR: 非法操作:js

[ 2017-02-10T16:28:13+08:00 ] ::1 /shop/index.php/admin/index/css/admin.css
ERR: 非法操作:css

[ 2017-02-10T16:37:47+08:00 ] ::1 /shop/index.php/admin/index/css/pintuer.css
ERR: 非法操作:css

[ 2017-02-10T16:37:47+08:00 ] ::1 /shop/index.php/admin/index/js/pintuer.js
ERR: 非法操作:js

[ 2017-02-10T16:37:47+08:00 ] ::1 /shop/index.php/admin/index/css/admin.css
ERR: 非法操作:css

[ 2017-02-10T16:37:47+08:00 ] ::1 /shop/index.php/admin/index/js/jquery.js
ERR: 非法操作:js

[ 2017-02-10T16:38:45+08:00 ] ::1 /shop/index.php/admin/index/css/pintuer.css
ERR: 非法操作:css

[ 2017-02-10T16:38:45+08:00 ] ::1 /shop/index.php/admin/index/js/pintuer.js
ERR: 非法操作:js

[ 2017-02-10T16:38:45+08:00 ] ::1 /shop/index.php/admin/index/js/jquery.js
ERR: 非法操作:js

[ 2017-02-10T16:38:45+08:00 ] ::1 /shop/index.php/admin/index/css/admin.css
ERR: 非法操作:css

[ 2017-02-10T16:38:54+08:00 ] ::1 /shop/index.php/admin/index/css/admin.css
ERR: 非法操作:css

[ 2017-02-10T16:38:54+08:00 ] ::1 /shop/index.php/admin/index/css/pintuer.css
ERR: 非法操作:css

[ 2017-02-10T16:38:54+08:00 ] ::1 /shop/index.php/admin/index/js/jquery.js
ERR: 非法操作:js

[ 2017-02-10T16:38:54+08:00 ] ::1 /shop/index.php/admin/index/js/pintuer.js
ERR: 非法操作:js

[ 2017-02-10T16:38:57+08:00 ] ::1 /shop/index.php/admin/index/js/jquery.js
ERR: 非法操作:js

[ 2017-02-10T16:38:57+08:00 ] ::1 /shop/index.php/admin/index/js/pintuer.js
ERR: 非法操作:js

[ 2017-02-10T16:38:57+08:00 ] ::1 /shop/index.php/admin/index/css/admin.css
ERR: 非法操作:css

[ 2017-02-10T16:38:57+08:00 ] ::1 /shop/index.php/admin/index/css/pintuer.css
ERR: 非法操作:css

[ 2017-02-10T16:39:00+08:00 ] ::1 /shop/index.php/admin/index/js/pintuer.js
ERR: 非法操作:js

[ 2017-02-10T16:39:00+08:00 ] ::1 /shop/index.php/admin/index/js/jquery.js
ERR: 非法操作:js

[ 2017-02-10T16:39:00+08:00 ] ::1 /shop/index.php/admin/index/css/admin.css
ERR: 非法操作:css

[ 2017-02-10T16:39:00+08:00 ] ::1 /shop/index.php/admin/index/css/pintuer.css
ERR: 非法操作:css

[ 2017-02-10T16:39:01+08:00 ] ::1 /shop/index.php/admin/index/js/pintuer.js
ERR: 非法操作:js

[ 2017-02-10T16:39:01+08:00 ] ::1 /shop/index.php/admin/index/js/jquery.js
ERR: 非法操作:js

[ 2017-02-10T16:39:01+08:00 ] ::1 /shop/index.php/admin/index/css/pintuer.css
ERR: 非法操作:css

[ 2017-02-10T16:39:01+08:00 ] ::1 /shop/index.php/admin/index/css/admin.css
ERR: 非法操作:css

[ 2017-02-10T16:39:08+08:00 ] ::1 /shop/index.php/admin/index/css/pintuer.css
ERR: 非法操作:css

[ 2017-02-10T16:39:08+08:00 ] ::1 /shop/index.php/admin/index/css/admin.css
ERR: 非法操作:css

[ 2017-02-10T16:39:08+08:00 ] ::1 /shop/index.php/admin/index/js/jquery.js
ERR: 非法操作:js

[ 2017-02-10T16:39:08+08:00 ] ::1 /shop/index.php/admin/index/js/pintuer.js
ERR: 非法操作:js

[ 2017-02-10T16:46:14+08:00 ] ::1 /shop/index.php/admin/index/css/pintuer.css
ERR: 非法操作:css

[ 2017-02-10T16:46:14+08:00 ] ::1 /shop/index.php/admin/index/js/jquery.js
ERR: 非法操作:js

[ 2017-02-10T16:46:14+08:00 ] ::1 /shop/index.php/admin/index/css/admin.css
ERR: 非法操作:css

[ 2017-02-10T16:46:14+08:00 ] ::1 /shop/index.php/admin/index/js/pintuer.js
ERR: 非法操作:js

[ 2017-02-10T16:49:24+08:00 ] ::1 /shop/index.php/admin/index/css/pintuer.css
ERR: 非法操作:css

[ 2017-02-10T16:49:24+08:00 ] ::1 /shop/index.php/admin/index/css/admin.css
ERR: 非法操作:css

[ 2017-02-10T16:49:24+08:00 ] ::1 /shop/index.php/admin/index/js/pintuer.js
ERR: 非法操作:js

[ 2017-02-10T16:49:24+08:00 ] ::1 /shop/index.php/admin/index/js/jquery.js
ERR: 非法操作:js

[ 2017-02-10T16:49:59+08:00 ] ::1 /shop/index.php/admin/index/js/pintuer.js
ERR: 非法操作:js

[ 2017-02-10T16:49:59+08:00 ] ::1 /shop/index.php/admin/index/css/admin.css
ERR: 非法操作:css

[ 2017-02-10T16:49:59+08:00 ] ::1 /shop/index.php/admin/index/js/jquery.js
ERR: 非法操作:js

[ 2017-02-10T16:49:59+08:00 ] ::1 /shop/index.php/admin/index/css/pintuer.css
ERR: 非法操作:css

[ 2017-02-10T16:50:00+08:00 ] ::1 /shop/index.php/admin/index/css/admin.css
ERR: 非法操作:css

[ 2017-02-10T16:50:00+08:00 ] ::1 /shop/index.php/admin/index/js/pintuer.js
ERR: 非法操作:js

[ 2017-02-10T16:50:00+08:00 ] ::1 /shop/index.php/admin/index/js/jquery.js
ERR: 非法操作:js

[ 2017-02-10T16:50:00+08:00 ] ::1 /shop/index.php/admin/index/css/pintuer.css
ERR: 非法操作:css

[ 2017-02-10T16:50:01+08:00 ] ::1 /shop/index.php/admin/index/css/pintuer.css
ERR: 非法操作:css

[ 2017-02-10T16:50:01+08:00 ] ::1 /shop/index.php/admin/index/js/pintuer.js
ERR: 非法操作:js

[ 2017-02-10T16:50:01+08:00 ] ::1 /shop/index.php/admin/index/js/jquery.js
ERR: 非法操作:js

[ 2017-02-10T16:50:01+08:00 ] ::1 /shop/index.php/admin/index/css/admin.css
ERR: 非法操作:css

[ 2017-02-10T17:55:18+08:00 ] ::1 /shop/index.php/admin/index/angularjs/angularrouter.js
ERR: 非法操作:angularjs

[ 2017-02-10T17:55:18+08:00 ] ::1 /shop/index.php/admin/index/angularjs/angular.min.js
ERR: 非法操作:angularjs

[ 2017-02-10T17:55:27+08:00 ] ::1 /shop/index.php/admin/index/angularjs/angularrouter.js
ERR: 非法操作:angularjs

[ 2017-02-10T17:55:27+08:00 ] ::1 /shop/index.php/admin/index/angularjs/angular.min.js
ERR: 非法操作:angularjs

[ 2017-02-10T17:56:17+08:00 ] ::1 /shop/index.php/admin/index/angularjs/angular.min.js
ERR: 非法操作:angularjs

[ 2017-02-10T17:56:17+08:00 ] ::1 /shop/index.php/admin/index/angularjs/angularrouter.js
ERR: 非法操作:angularjs

[ 2017-02-10T17:56:49+08:00 ] ::1 /shop/index.php/admin/index/angularjs/angularrouter.js
ERR: 非法操作:angularjs

[ 2017-02-10T17:56:49+08:00 ] ::1 /shop/index.php/admin/index/angularjs/angular.min.js
ERR: 非法操作:angularjs

[ 2017-02-10T17:56:50+08:00 ] ::1 /shop/index.php/admin/index/angularjs/angularrouter.js
ERR: 非法操作:angularjs

[ 2017-02-10T17:56:50+08:00 ] ::1 /shop/index.php/admin/index/angularjs/angular.min.js
ERR: 非法操作:angularjs

[ 2017-02-10T17:57:33+08:00 ] ::1 /shop/index.php/admin/index/angularjs/angular.min.js
ERR: 非法操作:angularjs

[ 2017-02-10T17:57:33+08:00 ] ::1 /shop/index.php/admin/index/angularjs/angularrouter.js
ERR: 非法操作:angularjs

[ 2017-02-10T17:58:37+08:00 ] ::1 /shop/index.php/admin/index/angularjs/angularrouter.js
ERR: 非法操作:angularjs

[ 2017-02-10T17:58:37+08:00 ] ::1 /shop/index.php/admin/index/angularjs/angular.min.js
ERR: 非法操作:angularjs

[ 2017-02-10T17:58:49+08:00 ] ::1 /shop/index.php/admin/index/angularjs/angular.min.js
ERR: 非法操作:angularjs

[ 2017-02-10T17:58:49+08:00 ] ::1 /shop/index.php/admin/index/angularjs/angularrouter.js
ERR: 非法操作:angularjs

[ 2017-02-10T17:58:56+08:00 ] ::1 /shop/index.php/admin/index/angularjs/angularrouter.js
ERR: 非法操作:angularjs

[ 2017-02-10T17:58:56+08:00 ] ::1 /shop/index.php/admin/index/angularjs/angular.min.js
ERR: 非法操作:angularjs

[ 2017-02-10T17:59:03+08:00 ] ::1 /shop/index.php/admin/index/angularjs/angular.min.js
ERR: 非法操作:angularjs

[ 2017-02-10T17:59:03+08:00 ] ::1 /shop/index.php/admin/index/angularjs/angularrouter.js
ERR: 非法操作:angularjs

[ 2017-02-10T17:59:24+08:00 ] ::1 /shop/index.php/admin/index/angularjs/angularrouter.js
ERR: 非法操作:angularjs

[ 2017-02-10T17:59:24+08:00 ] ::1 /shop/index.php/admin/index/angularjs/angular.min.js
ERR: 非法操作:angularjs

[ 2017-02-10T17:59:29+08:00 ] ::1 /shop/index.php/admin/index/angularjs/angular.min.js
ERR: 非法操作:angularjs

[ 2017-02-10T17:59:29+08:00 ] ::1 /shop/index.php/admin/index/angularjs/angularrouter.js
ERR: 非法操作:angularjs

[ 2017-02-10T17:59:37+08:00 ] ::1 /shop/index.php/admin/index/angularjs/angular.min.js
ERR: 非法操作:angularjs

[ 2017-02-10T17:59:37+08:00 ] ::1 /shop/index.php/admin/index/angularjs/angularrouter.js
ERR: 非法操作:angularjs

[ 2017-02-10T17:59:53+08:00 ] ::1 /shop/index.php/admin/index/angularjs/angular.min.js
ERR: 非法操作:angularjs

[ 2017-02-10T17:59:53+08:00 ] ::1 /shop/index.php/admin/index/angularjs/angularrouter.js
ERR: 非法操作:angularjs

[ 2017-02-10T18:01:46+08:00 ] ::1 /shop/index.php/admin/index/css/admin.css
ERR: 非法操作:css

[ 2017-02-10T18:01:46+08:00 ] ::1 /shop/index.php/admin/index/css/pintuer.css
ERR: 非法操作:css

[ 2017-02-10T18:01:46+08:00 ] ::1 /shop/index.php/admin/index/js/pintuer.js
ERR: 非法操作:js

[ 2017-02-10T18:01:46+08:00 ] ::1 /shop/index.php/admin/index/js/jquery.js
ERR: 非法操作:js

[ 2017-02-10T18:02:37+08:00 ] ::1 /shop/index.php/admin/index/css/admin.css
ERR: 非法操作:css

[ 2017-02-10T18:02:37+08:00 ] ::1 /shop/index.php/admin/index/css/pintuer.css
ERR: 非法操作:css

[ 2017-02-10T18:02:37+08:00 ] ::1 /shop/index.php/admin/index/js/jquery.js
ERR: 非法操作:js

[ 2017-02-10T18:02:37+08:00 ] ::1 /shop/index.php/admin/index/js/pintuer.js
ERR: 非法操作:js

