[ 2017-02-23T12:27:38+08:00 ] ::1 /myshop/shop/index.php/admin/User/add
INFO: [ app_begin ] --START--
INFO: Run Behavior\ReadHtmlCacheBehavior [ RunTime:0.000000s ]
INFO: [ app_begin ] --END-- [ RunTime:0.001000s ]
NOTIC: [2048] Declaration of Admin\Controller\UserController::show() should be compatible with Think\Controller::show($content, $charset = '', $contentType = '', $prefix = '') F:\xampp\htdocs\myshop\shop\Admin\Controller\UserController.class.php 第 25 行.
SQL: SHOW COLUMNS FROM `group_user` [ RunTime:0.0190s ]
ERR: 1062:Duplicate entry '0' for key 'email_UNIQUE'
 [ SQL语句 ] : INSERT INTO `group_user` (`email`,`uname`,`password`,`phone`) VALUES ('0','21312','2313','')
ERR: 1062:Duplicate entry '0' for key 'email_UNIQUE'
 [ SQL语句 ] : INSERT INTO `group_user` (`email`,`uname`,`password`,`phone`) VALUES ('0','21312','2313','')

[ 2017-02-23T12:27:40+08:00 ] ::1 /myshop/shop/index.php/admin/User/add
INFO: [ app_begin ] --START--
INFO: Run Behavior\ReadHtmlCacheBehavior [ RunTime:0.001000s ]
INFO: [ app_begin ] --END-- [ RunTime:0.001000s ]
NOTIC: [2048] Declaration of Admin\Controller\UserController::show() should be compatible with Think\Controller::show($content, $charset = '', $contentType = '', $prefix = '') F:\xampp\htdocs\myshop\shop\Admin\Controller\UserController.class.php 第 25 行.
SQL: SHOW COLUMNS FROM `group_user` [ RunTime:0.0040s ]
ERR: 1062:Duplicate entry '0' for key 'email_UNIQUE'
 [ SQL语句 ] : INSERT INTO `group_user` (`email`,`uname`,`password`,`phone`) VALUES ('0','21312','2313','')
ERR: 1062:Duplicate entry '0' for key 'email_UNIQUE'
 [ SQL语句 ] : INSERT INTO `group_user` (`email`,`uname`,`password`,`phone`) VALUES ('0','21312','2313','')

[ 2017-02-23T12:28:10+08:00 ] ::1 /myshop/shop/index.php/admin/User/add
INFO: [ app_begin ] --START--
INFO: Run Behavior\ReadHtmlCacheBehavior [ RunTime:0.000000s ]
INFO: [ app_begin ] --END-- [ RunTime:0.000000s ]
NOTIC: [2048] Declaration of Admin\Controller\UserController::show() should be compatible with Think\Controller::show($content, $charset = '', $contentType = '', $prefix = '') F:\xampp\htdocs\myshop\shop\Admin\Controller\UserController.class.php 第 25 行.
SQL: SHOW COLUMNS FROM `group_user` [ RunTime:0.0030s ]
SQL: INSERT INTO `group_user` (`email`,`uname`,`password`,`phone`) VALUES ('222222@qq.com','12121','212121','121212') [ RunTime:0.0830s ]

[ 2017-02-23T12:28:46+08:00 ] ::1 /myshop/shop/index.php/admin/User/add
INFO: [ app_begin ] --START--
INFO: Run Behavior\ReadHtmlCacheBehavior [ RunTime:0.001000s ]
INFO: [ app_begin ] --END-- [ RunTime:0.001000s ]
NOTIC: [2048] Declaration of Admin\Controller\UserController::show() should be compatible with Think\Controller::show($content, $charset = '', $contentType = '', $prefix = '') F:\xampp\htdocs\myshop\shop\Admin\Controller\UserController.class.php 第 25 行.
SQL: SHOW COLUMNS FROM `group_user` [ RunTime:0.0060s ]
SQL: INSERT INTO `group_user` (`email`,`uname`,`password`,`phone`) VALUES ('111111@qq.com','wwww','212121','121212') [ RunTime:0.0910s ]

[ 2017-02-23T12:42:47+08:00 ] ::1 /myshop/shop/index.php/Admin/Login/login
ERR: 无法加载控制器:Login

[ 2017-02-23T12:44:34+08:00 ] ::1 /myshop/shop/index.php/Admin/Login/login
ERR: 非法操作:login

[ 2017-02-23T12:44:55+08:00 ] ::1 /myshop/shop/index.php/Admin/Login/login
ERR: 非法操作:login

[ 2017-02-23T12:44:56+08:00 ] ::1 /myshop/shop/index.php/Admin/Login/login
ERR: 非法操作:login

[ 2017-02-23T12:44:56+08:00 ] ::1 /myshop/shop/index.php/Admin/Login/login
ERR: 非法操作:login

[ 2017-02-23T12:44:56+08:00 ] ::1 /myshop/shop/index.php/Admin/Login/login
ERR: 非法操作:login

[ 2017-02-23T12:45:29+08:00 ] ::1 /myshop/shop/index.php/Admin/Login/login
ERR: 非法操作:login

[ 2017-02-23T12:46:01+08:00 ] ::1 /myshop/shop/index.php/Admin/Login/login
ERR: 模板不存在:F:/xampp/htdocs/myshop/shop/Admin/View/Login/loginindex.html

[ 2017-02-23T12:46:13+08:00 ] ::1 /myshop/shop/index.php/Admin/Login/login
ERR: 模板不存在:F:/xampp/htdocs/myshop/shop/Admin/View/Login/login.html

[ 2017-02-23T15:59:36+08:00 ] ::1 /myshop/shop/index.php/Admin/Login/login
ERR: 1146:Table 'hdgroup.group_admin' doesn't exist
 [ SQL语句 ] : SHOW COLUMNS FROM `group_admin`

[ 2017-02-23T16:02:18+08:00 ] ::1 /myshop/shop/index.php/Admin/Login/login
ERR: Think\Model:checkUser方法不存在！

[ 2017-02-23T16:16:09+08:00 ] ::1 /myshop/shop/index.php/Admin/Index/code
ERR: 非法操作:code

[ 2017-02-23T16:16:12+08:00 ] ::1 /myshop/shop/index.php/Admin/Index/code
ERR: 非法操作:code

[ 2017-02-23T16:16:13+08:00 ] ::1 /myshop/shop/index.php/Admin/Index/code
ERR: 非法操作:code

[ 2017-02-23T16:16:14+08:00 ] ::1 /myshop/shop/index.php/Admin/Index/code
ERR: 非法操作:code

[ 2017-02-23T16:16:14+08:00 ] ::1 /myshop/shop/index.php/Admin/Index/code
ERR: 非法操作:code

[ 2017-02-23T16:16:14+08:00 ] ::1 /myshop/shop/index.php/Admin/Index/code
ERR: 非法操作:code

[ 2017-02-23T16:16:19+08:00 ] ::1 /myshop/shop/index.php/Admin/Index/code
ERR: 非法操作:code

[ 2017-02-23T16:16:19+08:00 ] ::1 /myshop/shop/index.php/Admin/Index/code
ERR: 非法操作:code

[ 2017-02-23T16:16:20+08:00 ] ::1 /myshop/shop/index.php/Admin/Index/code
ERR: 非法操作:code

[ 2017-02-23T16:16:28+08:00 ] ::1 /myshop/shop/index.php/Admin/Index/code/0.05780897494654047
ERR: 非法操作:code

[ 2017-02-23T16:16:29+08:00 ] ::1 /myshop/shop/index.php/Admin/Index/code
ERR: 非法操作:code

[ 2017-02-23T16:16:30+08:00 ] ::1 /myshop/shop/index.php/Admin/Index/code
ERR: 非法操作:code

[ 2017-02-23T16:24:08+08:00 ] ::1 /myshop/shop/index.php/admin/User/add
INFO: [ app_begin ] --START--
INFO: Run Behavior\ReadHtmlCacheBehavior [ RunTime:0.001000s ]
INFO: [ app_begin ] --END-- [ RunTime:0.001000s ]
NOTIC: [2048] Declaration of Admin\Controller\UserController::show() should be compatible with Think\Controller::show($content, $charset = '', $contentType = '', $prefix = '') F:\xampp\htdocs\myshop\shop\Admin\Controller\UserController.class.php 第 25 行.
SQL: SHOW COLUMNS FROM `group_user` [ RunTime:0.0090s ]
ERR: 1062:Duplicate entry '244291788@qq.com' for key 'email_UNIQUE'
 [ SQL语句 ] : INSERT INTO `group_user` (`email`,`uname`,`password`,`phone`) VALUES ('244291788@qq.com','wangan','e10adc3949ba59abbe56e057f20f883e','13503921619')
ERR: 1062:Duplicate entry '244291788@qq.com' for key 'email_UNIQUE'
 [ SQL语句 ] : INSERT INTO `group_user` (`email`,`uname`,`password`,`phone`) VALUES ('244291788@qq.com','wangan','e10adc3949ba59abbe56e057f20f883e','13503921619')

[ 2017-02-23T16:24:27+08:00 ] ::1 /myshop/shop/index.php/admin/User/add
INFO: [ app_begin ] --START--
INFO: Run Behavior\ReadHtmlCacheBehavior [ RunTime:0.000000s ]
INFO: [ app_begin ] --END-- [ RunTime:0.000000s ]
NOTIC: [2048] Declaration of Admin\Controller\UserController::show() should be compatible with Think\Controller::show($content, $charset = '', $contentType = '', $prefix = '') F:\xampp\htdocs\myshop\shop\Admin\Controller\UserController.class.php 第 25 行.
SQL: SHOW COLUMNS FROM `group_user` [ RunTime:0.0050s ]
ERR: 1062:Duplicate entry '244291788@qq.com' for key 'email_UNIQUE'
 [ SQL语句 ] : INSERT INTO `group_user` (`email`,`uname`,`password`,`phone`) VALUES ('244291788@qq.com','admin','e10adc3949ba59abbe56e057f20f883e','15539287722')
ERR: 1062:Duplicate entry '244291788@qq.com' for key 'email_UNIQUE'
 [ SQL语句 ] : INSERT INTO `group_user` (`email`,`uname`,`password`,`phone`) VALUES ('244291788@qq.com','admin','e10adc3949ba59abbe56e057f20f883e','15539287722')

[ 2017-02-23T16:26:51+08:00 ] ::1 /myshop/shop/index.php/admin/User/add
INFO: [ app_begin ] --START--
INFO: Run Behavior\ReadHtmlCacheBehavior [ RunTime:0.000000s ]
INFO: [ app_begin ] --END-- [ RunTime:0.001000s ]
NOTIC: [2048] Declaration of Admin\Controller\UserController::show() should be compatible with Think\Controller::show($content, $charset = '', $contentType = '', $prefix = '') F:\xampp\htdocs\myshop\shop\Admin\Controller\UserController.class.php 第 25 行.
SQL: SHOW COLUMNS FROM `group_user` [ RunTime:0.0060s ]
SQL: INSERT INTO `group_user` (`email`,`uname`,`password`,`phone`) VALUES ('wangning@cmstop.com','admin','e10adc3949ba59abbe56e057f20f883e','15539287722') [ RunTime:0.0860s ]

[ 2017-02-23T16:50:35+08:00 ] ::1 /myshop/shop/index.php/admin/User/add
INFO: [ app_begin ] --START--
INFO: Run Behavior\ReadHtmlCacheBehavior [ RunTime:0.000000s ]
INFO: [ app_begin ] --END-- [ RunTime:0.001000s ]
NOTIC: [2048] Declaration of Admin\Controller\UserController::show() should be compatible with Think\Controller::show($content, $charset = '', $contentType = '', $prefix = '') F:\xampp\htdocs\myshop\shop\Admin\Controller\UserController.class.php 第 25 行.
SQL: SHOW COLUMNS FROM `group_user` [ RunTime:0.0060s ]
SQL: INSERT INTO `group_user` (`email`,`uname`,`password`,`phone`) VALUES ('1111','1111','b59c67bf196a4758191e42f76670ceba','1111') [ RunTime:0.2340s ]

[ 2017-02-23T16:53:28+08:00 ] ::1 /myshop/shop/index.php/admin/User/add
INFO: [ app_begin ] --START--
INFO: Run Behavior\ReadHtmlCacheBehavior [ RunTime:0.001000s ]
INFO: [ app_begin ] --END-- [ RunTime:0.001000s ]
NOTIC: [2048] Declaration of Admin\Controller\UserController::show() should be compatible with Think\Controller::show($content, $charset = '', $contentType = '', $prefix = '') F:\xampp\htdocs\myshop\shop\Admin\Controller\UserController.class.php 第 25 行.
SQL: SHOW COLUMNS FROM `group_user` [ RunTime:0.0040s ]
ERR: 1062:Duplicate entry '1111' for key 'uname_UNIQUE'
 [ SQL语句 ] : INSERT INTO `group_user` (`email`,`uname`,`password`,`phone`) VALUES ('1222','1111','b59c67bf196a4758191e42f76670ceba','111')
ERR: 1062:Duplicate entry '1111' for key 'uname_UNIQUE'
 [ SQL语句 ] : INSERT INTO `group_user` (`email`,`uname`,`password`,`phone`) VALUES ('1222','1111','b59c67bf196a4758191e42f76670ceba','111')

[ 2017-02-23T16:53:45+08:00 ] ::1 /myshop/shop/index.php/admin/User/add
INFO: [ app_begin ] --START--
INFO: Run Behavior\ReadHtmlCacheBehavior [ RunTime:0.001000s ]
INFO: [ app_begin ] --END-- [ RunTime:0.001000s ]
NOTIC: [2048] Declaration of Admin\Controller\UserController::show() should be compatible with Think\Controller::show($content, $charset = '', $contentType = '', $prefix = '') F:\xampp\htdocs\myshop\shop\Admin\Controller\UserController.class.php 第 25 行.
SQL: SHOW COLUMNS FROM `group_user` [ RunTime:0.0040s ]
SQL: INSERT INTO `group_user` (`email`,`uname`,`password`,`phone`) VALUES ('1222','22222','934b535800b1cba8f96a5d72f72f1611','22222') [ RunTime:0.0970s ]
INFO: [ app_end ] --START--
INFO: Run Behavior\ShowPageTraceBehavior [ RunTime:0.000000s ]
INFO: [ app_end ] --END-- [ RunTime:0.000000s ]

[ 2017-02-23T16:56:19+08:00 ] ::1 /myshop/shop/index.php/admin/User/add
INFO: [ app_begin ] --START--
INFO: Run Behavior\ReadHtmlCacheBehavior [ RunTime:0.000000s ]
INFO: [ app_begin ] --END-- [ RunTime:0.000000s ]
NOTIC: [2048] Declaration of Admin\Controller\UserController::show() should be compatible with Think\Controller::show($content, $charset = '', $contentType = '', $prefix = '') F:\xampp\htdocs\myshop\shop\Admin\Controller\UserController.class.php 第 26 行.
SQL: SHOW COLUMNS FROM `group_user` [ RunTime:0.0070s ]
SQL: INSERT INTO `group_user` (`email`,`uname`,`password`,`phone`) VALUES ('34343','43434','a2b45e7eaa7a1376c3fb1b13fd31620b','12133') [ RunTime:0.0980s ]
NOTIC: [8] Undefined variable: msg F:\xampp\htdocs\myshop\shop\Admin\Controller\UserController.class.php 第 18 行.
INFO: [ app_end ] --START--
INFO: Run Behavior\ShowPageTraceBehavior [ RunTime:0.000000s ]
INFO: [ app_end ] --END-- [ RunTime:0.000000s ]

[ 2017-02-23T17:11:30+08:00 ] ::1 /myshop/shop/index.php/admin/User/add
INFO: [ app_begin ] --START--
INFO: Run Behavior\ReadHtmlCacheBehavior [ RunTime:0.000000s ]
INFO: [ app_begin ] --END-- [ RunTime:0.001000s ]
NOTIC: [2048] Declaration of Admin\Controller\UserController::show() should be compatible with Think\Controller::show($content, $charset = '', $contentType = '', $prefix = '') F:\xampp\htdocs\myshop\shop\Admin\Controller\UserController.class.php 第 34 行.
SQL: SHOW COLUMNS FROM `group_user` [ RunTime:0.0050s ]
SQL: INSERT INTO `group_user` (`email`,`uname`,`password`,`phone`) VALUES ('11112','213123123','fa61f827f0f5373133b11cc20d835a79','1231123') [ RunTime:0.1130s ]

[ 2017-02-23T17:12:19+08:00 ] ::1 /myshop/shop/index.php/admin/User/add
INFO: [ app_begin ] --START--
INFO: Run Behavior\ReadHtmlCacheBehavior [ RunTime:0.001000s ]
INFO: [ app_begin ] --END-- [ RunTime:0.001000s ]
NOTIC: [2048] Declaration of Admin\Controller\UserController::show() should be compatible with Think\Controller::show($content, $charset = '', $contentType = '', $prefix = '') F:\xampp\htdocs\myshop\shop\Admin\Controller\UserController.class.php 第 34 行.
SQL: SHOW COLUMNS FROM `group_user` [ RunTime:0.0050s ]
SQL: INSERT INTO `group_user` (`email`,`uname`,`password`,`phone`) VALUES ('ewqewqewe','ewqeqweqw','76d66c5a5356104a8fc6784e007d9c33','eewqe') [ RunTime:0.0780s ]

[ 2017-02-23T17:14:38+08:00 ] ::1 /myshop/shop/index.php/admin/User/add
INFO: [ app_begin ] --START--
INFO: Run Behavior\ReadHtmlCacheBehavior [ RunTime:0.000000s ]
INFO: [ app_begin ] --END-- [ RunTime:0.001000s ]
NOTIC: [2048] Declaration of Admin\Controller\UserController::show() should be compatible with Think\Controller::show($content, $charset = '', $contentType = '', $prefix = '') F:\xampp\htdocs\myshop\shop\Admin\Controller\UserController.class.php 第 34 行.
SQL: SHOW COLUMNS FROM `group_user` [ RunTime:0.0100s ]
ERR: 1062:Duplicate entry '43434' for key 'uname_UNIQUE'
 [ SQL语句 ] : INSERT INTO `group_user` (`email`,`uname`,`password`,`phone`) VALUES ('0dasdasda','43434','a2b45e7eaa7a1376c3fb1b13fd31620b','dasdsad')
ERR: 1062:Duplicate entry '43434' for key 'uname_UNIQUE'
 [ SQL语句 ] : INSERT INTO `group_user` (`email`,`uname`,`password`,`phone`) VALUES ('0dasdasda','43434','a2b45e7eaa7a1376c3fb1b13fd31620b','dasdsad')

[ 2017-02-23T17:17:02+08:00 ] ::1 /myshop/shop/index.php/admin/User/add
INFO: [ app_begin ] --START--
INFO: Run Behavior\ReadHtmlCacheBehavior [ RunTime:0.001000s ]
INFO: [ app_begin ] --END-- [ RunTime:0.001000s ]
NOTIC: [2048] Declaration of Admin\Controller\UserController::show() should be compatible with Think\Controller::show($content, $charset = '', $contentType = '', $prefix = '') F:\xampp\htdocs\myshop\shop\Admin\Controller\UserController.class.php 第 34 行.
SQL: SHOW COLUMNS FROM `group_user` [ RunTime:0.0060s ]
SQL: INSERT INTO `group_user` (`email`,`uname`,`password`,`phone`) VALUES ('0dsasad','43434dsadsa','a2b45e7eaa7a1376c3fb1b13fd31620b','dasdsadas') [ RunTime:0.0530s ]

[ 2017-02-23T17:17:52+08:00 ] ::1 /myshop/shop/index.php/admin/User/add
INFO: [ app_begin ] --START--
INFO: Run Behavior\ReadHtmlCacheBehavior [ RunTime:0.001000s ]
INFO: [ app_begin ] --END-- [ RunTime:0.001000s ]
NOTIC: [2048] Declaration of Admin\Controller\UserController::show() should be compatible with Think\Controller::show($content, $charset = '', $contentType = '', $prefix = '') F:\xampp\htdocs\myshop\shop\Admin\Controller\UserController.class.php 第 34 行.
SQL: SHOW COLUMNS FROM `group_user` [ RunTime:0.0040s ]
SQL: INSERT INTO `group_user` (`email`,`uname`,`password`,`phone`) VALUES ('0dsadsadsadsf','43434asdfafdfd','397a417db57cb26f3ac41ae1ff20b99f','12e3123123') [ RunTime:0.0750s ]

[ 2017-02-23T17:18:17+08:00 ] ::1 /myshop/shop/index.php/admin/User/add
INFO: [ app_begin ] --START--
INFO: Run Behavior\ReadHtmlCacheBehavior [ RunTime:0.000000s ]
INFO: [ app_begin ] --END-- [ RunTime:0.001000s ]
NOTIC: [2048] Declaration of Admin\Controller\UserController::show() should be compatible with Think\Controller::show($content, $charset = '', $contentType = '', $prefix = '') F:\xampp\htdocs\myshop\shop\Admin\Controller\UserController.class.php 第 34 行.
SQL: SHOW COLUMNS FROM `group_user` [ RunTime:0.0050s ]
SQL: INSERT INTO `group_user` (`email`,`uname`,`password`,`phone`) VALUES ('0sdasda','43434dsadasdas','a2b45e7eaa7a1376c3fb1b13fd31620b','dasdasdas') [ RunTime:0.1050s ]

[ 2017-02-23T18:03:34+08:00 ] ::1 /myshop/shop/index.php/admin/User/add
INFO: [ app_begin ] --START--
INFO: Run Behavior\ReadHtmlCacheBehavior [ RunTime:0.000000s ]
INFO: [ app_begin ] --END-- [ RunTime:0.001000s ]
NOTIC: [2048] Declaration of Admin\Controller\UserController::show() should be compatible with Think\Controller::show($content, $charset = '', $contentType = '', $prefix = '') F:\xampp\htdocs\myshop\shop\Admin\Controller\UserController.class.php 第 34 行.
SQL: SHOW COLUMNS FROM `group_user` [ RunTime:0.0070s ]
ERR: 1062:Duplicate entry '0' for key 'email_UNIQUE'
 [ SQL语句 ] : INSERT INTO `group_user` (`email`,`uname`,`password`,`phone`) VALUES ('0','43434','a2b45e7eaa7a1376c3fb1b13fd31620b','带我去的')
ERR: 1062:Duplicate entry '0' for key 'email_UNIQUE'
 [ SQL语句 ] : INSERT INTO `group_user` (`email`,`uname`,`password`,`phone`) VALUES ('0','43434','a2b45e7eaa7a1376c3fb1b13fd31620b','带我去的')

[ 2017-02-23T18:03:45+08:00 ] ::1 /myshop/shop/index.php/admin/User/add
INFO: [ app_begin ] --START--
INFO: Run Behavior\ReadHtmlCacheBehavior [ RunTime:0.000000s ]
INFO: [ app_begin ] --END-- [ RunTime:0.000000s ]
NOTIC: [2048] Declaration of Admin\Controller\UserController::show() should be compatible with Think\Controller::show($content, $charset = '', $contentType = '', $prefix = '') F:\xampp\htdocs\myshop\shop\Admin\Controller\UserController.class.php 第 34 行.
SQL: SHOW COLUMNS FROM `group_user` [ RunTime:0.0040s ]
SQL: INSERT INTO `group_user` (`email`,`uname`,`password`,`phone`) VALUES ('21321323','321312312','287d2db78621a7fb5bdffbebe3d65697','3123123312') [ RunTime:0.0630s ]

[ 2017-02-23T18:03:45+08:00 ] ::1 /myshop/shop/index.php/Admin/Index/undefined
ERR: 非法操作:undefined

[ 2017-02-23T18:05:12+08:00 ] ::1 /myshop/shop/index.php/Admin/Index/undefined
ERR: 非法操作:undefined

[ 2017-02-23T18:05:13+08:00 ] ::1 /myshop/shop/index.php/Admin/Index/undefined
ERR: 非法操作:undefined

[ 2017-02-23T18:05:14+08:00 ] ::1 /myshop/shop/index.php/Admin/Index/undefined
ERR: 非法操作:undefined

[ 2017-02-23T18:05:34+08:00 ] ::1 /myshop/shop/index.php/admin/User/add
INFO: [ app_begin ] --START--
INFO: Run Behavior\ReadHtmlCacheBehavior [ RunTime:0.000000s ]
INFO: [ app_begin ] --END-- [ RunTime:0.001000s ]
NOTIC: [2048] Declaration of Admin\Controller\UserController::show() should be compatible with Think\Controller::show($content, $charset = '', $contentType = '', $prefix = '') F:\xampp\htdocs\myshop\shop\Admin\Controller\UserController.class.php 第 34 行.
SQL: SHOW COLUMNS FROM `group_user` [ RunTime:0.0040s ]
SQL: INSERT INTO `group_user` (`email`,`uname`,`password`,`phone`) VALUES ('1321312312','2312312','116b1789424407d40146b88635cb9a44','23424134') [ RunTime:0.0560s ]

[ 2017-02-23T18:05:34+08:00 ] ::1 /myshop/shop/index.php/admin/index/undefined
ERR: 非法操作:undefined

[ 2017-02-23T18:07:00+08:00 ] ::1 /myshop/shop/index.php/admin/User/add
INFO: [ app_begin ] --START--
INFO: Run Behavior\ReadHtmlCacheBehavior [ RunTime:0.000000s ]
INFO: [ app_begin ] --END-- [ RunTime:0.001000s ]
NOTIC: [2048] Declaration of Admin\Controller\UserController::show() should be compatible with Think\Controller::show($content, $charset = '', $contentType = '', $prefix = '') F:\xampp\htdocs\myshop\shop\Admin\Controller\UserController.class.php 第 34 行.
SQL: SHOW COLUMNS FROM `group_user` [ RunTime:0.0070s ]
ERR: 1062:Duplicate entry '43434' for key 'uname_UNIQUE'
 [ SQL语句 ] : INSERT INTO `group_user` (`email`,`uname`,`password`,`phone`) VALUES ('3213123','43434','a2b45e7eaa7a1376c3fb1b13fd31620b','123123123')
ERR: 1062:Duplicate entry '43434' for key 'uname_UNIQUE'
 [ SQL语句 ] : INSERT INTO `group_user` (`email`,`uname`,`password`,`phone`) VALUES ('3213123','43434','a2b45e7eaa7a1376c3fb1b13fd31620b','123123123')

[ 2017-02-23T18:07:42+08:00 ] ::1 /myshop/shop/index.php/admin/User/add
INFO: [ app_begin ] --START--
INFO: Run Behavior\ReadHtmlCacheBehavior [ RunTime:0.000000s ]
INFO: [ app_begin ] --END-- [ RunTime:0.000000s ]
NOTIC: [2048] Declaration of Admin\Controller\UserController::show() should be compatible with Think\Controller::show($content, $charset = '', $contentType = '', $prefix = '') F:\xampp\htdocs\myshop\shop\Admin\Controller\UserController.class.php 第 34 行.
SQL: SHOW COLUMNS FROM `group_user` [ RunTime:0.0050s ]
ERR: 1062:Duplicate entry '43434' for key 'uname_UNIQUE'
 [ SQL语句 ] : INSERT INTO `group_user` (`email`,`uname`,`password`,`phone`) VALUES ('12312312','43434','a2b45e7eaa7a1376c3fb1b13fd31620b','2313123')
ERR: 1062:Duplicate entry '43434' for key 'uname_UNIQUE'
 [ SQL语句 ] : INSERT INTO `group_user` (`email`,`uname`,`password`,`phone`) VALUES ('12312312','43434','a2b45e7eaa7a1376c3fb1b13fd31620b','2313123')

[ 2017-02-23T18:09:13+08:00 ] ::1 /myshop/shop/index.php/admin/User/add
INFO: [ app_begin ] --START--
INFO: Run Behavior\ReadHtmlCacheBehavior [ RunTime:0.002000s ]
INFO: [ app_begin ] --END-- [ RunTime:0.002000s ]
NOTIC: [2048] Declaration of Admin\Controller\UserController::show() should be compatible with Think\Controller::show($content, $charset = '', $contentType = '', $prefix = '') F:\xampp\htdocs\myshop\shop\Admin\Controller\UserController.class.php 第 34 行.
SQL: SHOW COLUMNS FROM `group_user` [ RunTime:0.0100s ]
SQL: INSERT INTO `group_user` (`email`,`uname`,`password`,`phone`) VALUES ('32131232','31231231','6a9f1ef3226490305d7da1ad0028231a','3123123') [ RunTime:0.1540s ]

[ 2017-02-23T18:09:44+08:00 ] ::1 /myshop/shop/index.php/admin/User/add
INFO: [ app_begin ] --START--
INFO: Run Behavior\ReadHtmlCacheBehavior [ RunTime:0.000000s ]
INFO: [ app_begin ] --END-- [ RunTime:0.001000s ]
NOTIC: [2048] Declaration of Admin\Controller\UserController::show() should be compatible with Think\Controller::show($content, $charset = '', $contentType = '', $prefix = '') F:\xampp\htdocs\myshop\shop\Admin\Controller\UserController.class.php 第 34 行.
SQL: SHOW COLUMNS FROM `group_user` [ RunTime:0.0090s ]
SQL: INSERT INTO `group_user` (`email`,`uname`,`password`,`phone`) VALUES ('123123123123','123124134134','1d113fd00236fa648e5f60ac63c4b763','135135135') [ RunTime:0.0720s ]

[ 2017-02-23T18:09:56+08:00 ] ::1 /myshop/shop/index.php/admin/User/add
INFO: [ app_begin ] --START--
INFO: Run Behavior\ReadHtmlCacheBehavior [ RunTime:0.000000s ]
INFO: [ app_begin ] --END-- [ RunTime:0.000000s ]
NOTIC: [2048] Declaration of Admin\Controller\UserController::show() should be compatible with Think\Controller::show($content, $charset = '', $contentType = '', $prefix = '') F:\xampp\htdocs\myshop\shop\Admin\Controller\UserController.class.php 第 34 行.
SQL: SHOW COLUMNS FROM `group_user` [ RunTime:0.0040s ]
ERR: 1062:Duplicate entry '123123123123' for key 'email_UNIQUE'
 [ SQL语句 ] : INSERT INTO `group_user` (`email`,`uname`,`password`,`phone`) VALUES ('123123123123','123124134134','1d113fd00236fa648e5f60ac63c4b763','135135135')
ERR: 1062:Duplicate entry '123123123123' for key 'email_UNIQUE'
 [ SQL语句 ] : INSERT INTO `group_user` (`email`,`uname`,`password`,`phone`) VALUES ('123123123123','123124134134','1d113fd00236fa648e5f60ac63c4b763','135135135')

[ 2017-02-23T18:10:05+08:00 ] ::1 /myshop/shop/index.php/admin/User/add
INFO: [ app_begin ] --START--
INFO: Run Behavior\ReadHtmlCacheBehavior [ RunTime:0.001000s ]
INFO: [ app_begin ] --END-- [ RunTime:0.001000s ]
NOTIC: [2048] Declaration of Admin\Controller\UserController::show() should be compatible with Think\Controller::show($content, $charset = '', $contentType = '', $prefix = '') F:\xampp\htdocs\myshop\shop\Admin\Controller\UserController.class.php 第 34 行.
SQL: SHOW COLUMNS FROM `group_user` [ RunTime:0.0060s ]
SQL: INSERT INTO `group_user` (`email`,`uname`,`password`,`phone`) VALUES ('123123123323','12541353243','420dd470fbdd9c05190d99e2e69030a0','5135315135') [ RunTime:0.1040s ]

[ 2017-02-23T18:11:47+08:00 ] ::1 /myshop/shop/index.php/admin/User/add
INFO: [ app_begin ] --START--
INFO: Run Behavior\ReadHtmlCacheBehavior [ RunTime:0.001000s ]
INFO: [ app_begin ] --END-- [ RunTime:0.001000s ]
NOTIC: [2048] Declaration of Admin\Controller\UserController::show() should be compatible with Think\Controller::show($content, $charset = '', $contentType = '', $prefix = '') F:\xampp\htdocs\myshop\shop\Admin\Controller\UserController.class.php 第 34 行.
SQL: SHOW COLUMNS FROM `group_user` [ RunTime:0.0080s ]
SQL: INSERT INTO `group_user` (`email`,`uname`,`password`,`phone`) VALUES ('21431431','5351531','147fd6304d4235e7398a1b0ff7d0446e','5312531') [ RunTime:0.0470s ]

[ 2017-02-23T18:12:57+08:00 ] ::1 /myshop/shop/index.php/admin/User/add
INFO: [ app_begin ] --START--
INFO: Run Behavior\ReadHtmlCacheBehavior [ RunTime:0.000000s ]
INFO: [ app_begin ] --END-- [ RunTime:0.000000s ]
NOTIC: [2048] Declaration of Admin\Controller\UserController::show() should be compatible with Think\Controller::show($content, $charset = '', $contentType = '', $prefix = '') F:\xampp\htdocs\myshop\shop\Admin\Controller\UserController.class.php 第 34 行.
SQL: SHOW COLUMNS FROM `group_user` [ RunTime:0.0080s ]
SQL: INSERT INTO `group_user` (`email`,`uname`,`password`,`phone`) VALUES ('2313421413','134134','4601adff41933f23b8b19f3b3679bd42','4314134') [ RunTime:0.0720s ]

[ 2017-02-23T18:13:22+08:00 ] ::1 /myshop/shop/index.php/admin/User/add
INFO: [ app_begin ] --START--
INFO: Run Behavior\ReadHtmlCacheBehavior [ RunTime:0.001001s ]
INFO: [ app_begin ] --END-- [ RunTime:0.001001s ]
NOTIC: [2048] Declaration of Admin\Controller\UserController::show() should be compatible with Think\Controller::show($content, $charset = '', $contentType = '', $prefix = '') F:\xampp\htdocs\myshop\shop\Admin\Controller\UserController.class.php 第 34 行.
SQL: SHOW COLUMNS FROM `group_user` [ RunTime:0.0050s ]
SQL: INSERT INTO `group_user` (`email`,`uname`,`password`,`phone`) VALUES ('234135413413','4134314','c5901b9d4264066fb9b92b3cb10d4434','4314134') [ RunTime:0.0540s ]

[ 2017-02-23T18:13:22+08:00 ] ::1 /myshop/shop/index.php/admin/index/undefined
ERR: 非法操作:undefined

[ 2017-02-23T18:13:38+08:00 ] ::1 /myshop/shop/index.php/admin/index/undefined
ERR: 非法操作:undefined

[ 2017-02-23T18:13:48+08:00 ] ::1 /myshop/shop/index.php/admin/User/add
INFO: [ app_begin ] --START--
INFO: Run Behavior\ReadHtmlCacheBehavior [ RunTime:0.001000s ]
INFO: [ app_begin ] --END-- [ RunTime:0.001000s ]
NOTIC: [2048] Declaration of Admin\Controller\UserController::show() should be compatible with Think\Controller::show($content, $charset = '', $contentType = '', $prefix = '') F:\xampp\htdocs\myshop\shop\Admin\Controller\UserController.class.php 第 34 行.
SQL: SHOW COLUMNS FROM `group_user` [ RunTime:0.0100s ]
SQL: INSERT INTO `group_user` (`email`,`uname`,`password`,`phone`) VALUES ('21312312312','13413513','16dd8a1f7b096f03f5a02193fce72b1d','51351354135') [ RunTime:0.0530s ]

[ 2017-02-23T18:13:48+08:00 ] ::1 /myshop/shop/index.php/admin/index/undefined
ERR: 非法操作:undefined

[ 2017-02-23T18:14:25+08:00 ] ::1 /myshop/shop/index.php/admin/User/add
INFO: [ app_begin ] --START--
INFO: Run Behavior\ReadHtmlCacheBehavior [ RunTime:0.000000s ]
INFO: [ app_begin ] --END-- [ RunTime:0.000000s ]
NOTIC: [2048] Declaration of Admin\Controller\UserController::show() should be compatible with Think\Controller::show($content, $charset = '', $contentType = '', $prefix = '') F:\xampp\htdocs\myshop\shop\Admin\Controller\UserController.class.php 第 34 行.
SQL: SHOW COLUMNS FROM `group_user` [ RunTime:0.0080s ]
SQL: INSERT INTO `group_user` (`email`,`uname`,`password`,`phone`) VALUES ('412412341','3141341','aa9b53dca45dad0a1d81e7462d8d573f','34141341') [ RunTime:0.1580s ]

[ 2017-02-23T18:15:44+08:00 ] ::1 /myshop/shop/index.php/admin/User/add
INFO: [ app_begin ] --START--
INFO: Run Behavior\ReadHtmlCacheBehavior [ RunTime:0.001000s ]
INFO: [ app_begin ] --END-- [ RunTime:0.001000s ]
NOTIC: [2048] Declaration of Admin\Controller\UserController::show() should be compatible with Think\Controller::show($content, $charset = '', $contentType = '', $prefix = '') F:\xampp\htdocs\myshop\shop\Admin\Controller\UserController.class.php 第 34 行.
SQL: SHOW COLUMNS FROM `group_user` [ RunTime:0.0060s ]
SQL: INSERT INTO `group_user` (`email`,`uname`,`password`,`phone`) VALUES ('2413535','31513513','984ed9a0c06affbc368ef32c66f2d88a','315153151') [ RunTime:0.1000s ]

[ 2017-02-23T18:16:09+08:00 ] ::1 /myshop/shop/index.php/admin/User/add
INFO: [ app_begin ] --START--
INFO: Run Behavior\ReadHtmlCacheBehavior [ RunTime:0.001000s ]
INFO: [ app_begin ] --END-- [ RunTime:0.001000s ]
NOTIC: [2048] Declaration of Admin\Controller\UserController::show() should be compatible with Think\Controller::show($content, $charset = '', $contentType = '', $prefix = '') F:\xampp\htdocs\myshop\shop\Admin\Controller\UserController.class.php 第 34 行.
SQL: SHOW COLUMNS FROM `group_user` [ RunTime:0.0070s ]
SQL: INSERT INTO `group_user` (`email`,`uname`,`password`,`phone`) VALUES ('135353515','53153513','2c4b3d8e038f2723facddd007d0431b7','5315351515') [ RunTime:0.0570s ]

[ 2017-02-23T18:18:41+08:00 ] ::1 /myshop/shop/index.php/admin/User/add
INFO: [ app_begin ] --START--
INFO: Run Behavior\ReadHtmlCacheBehavior [ RunTime:0.000000s ]
INFO: [ app_begin ] --END-- [ RunTime:0.001000s ]
NOTIC: [2048] Declaration of Admin\Controller\UserController::show() should be compatible with Think\Controller::show($content, $charset = '', $contentType = '', $prefix = '') F:\xampp\htdocs\myshop\shop\Admin\Controller\UserController.class.php 第 34 行.
SQL: SHOW COLUMNS FROM `group_user` [ RunTime:0.0080s ]
SQL: INSERT INTO `group_user` (`email`,`uname`,`password`,`phone`) VALUES ('412421','12414124','e70c1b57e0d9fe33b56ba3885430c448','24141') [ RunTime:0.0700s ]

[ 2017-02-23T18:19:03+08:00 ] ::1 /myshop/shop/index.php/admin/User/add
INFO: [ app_begin ] --START--
INFO: Run Behavior\ReadHtmlCacheBehavior [ RunTime:0.000000s ]
INFO: [ app_begin ] --END-- [ RunTime:0.000000s ]
NOTIC: [2048] Declaration of Admin\Controller\UserController::show() should be compatible with Think\Controller::show($content, $charset = '', $contentType = '', $prefix = '') F:\xampp\htdocs\myshop\shop\Admin\Controller\UserController.class.php 第 34 行.
SQL: SHOW COLUMNS FROM `group_user` [ RunTime:0.0040s ]
SQL: INSERT INTO `group_user` (`email`,`uname`,`password`,`phone`) VALUES ('02414124124','124141244214','8fab58733b8eb2ab334ffb4aa743e12f','24141') [ RunTime:0.0550s ]

[ 2017-02-23T18:19:33+08:00 ] ::1 /myshop/shop/index.php/admin/User/add
INFO: [ app_begin ] --START--
INFO: Run Behavior\ReadHtmlCacheBehavior [ RunTime:0.001000s ]
INFO: [ app_begin ] --END-- [ RunTime:0.001000s ]
NOTIC: [2048] Declaration of Admin\Controller\UserController::show() should be compatible with Think\Controller::show($content, $charset = '', $contentType = '', $prefix = '') F:\xampp\htdocs\myshop\shop\Admin\Controller\UserController.class.php 第 34 行.
SQL: SHOW COLUMNS FROM `group_user` [ RunTime:0.0050s ]
SQL: INSERT INTO `group_user` (`email`,`uname`,`password`,`phone`) VALUES ('1341341341','1241412442144314','8fab58733b8eb2ab334ffb4aa743e12f','31413413') [ RunTime:0.2510s ]

[ 2017-02-23T18:19:33+08:00 ] ::1 /myshop/shop/index.php/admin/index/undefined
ERR: 非法操作:undefined

[ 2017-02-23T18:20:07+08:00 ] ::1 /myshop/shop/index.php/admin/User/add
INFO: [ app_begin ] --START--
INFO: Run Behavior\ReadHtmlCacheBehavior [ RunTime:0.000000s ]
INFO: [ app_begin ] --END-- [ RunTime:0.001000s ]
NOTIC: [2048] Declaration of Admin\Controller\UserController::show() should be compatible with Think\Controller::show($content, $charset = '', $contentType = '', $prefix = '') F:\xampp\htdocs\myshop\shop\Admin\Controller\UserController.class.php 第 34 行.
SQL: SHOW COLUMNS FROM `group_user` [ RunTime:0.0040s ]
ERR: 1062:Duplicate entry '1241412442144314' for key 'uname_UNIQUE'
 [ SQL语句 ] : INSERT INTO `group_user` (`email`,`uname`,`password`,`phone`) VALUES ('141324134132','1241412442144314413','56ec11947278d8297ce0dd8677ca3f6c','13413')
ERR: 1062:Duplicate entry '1241412442144314' for key 'uname_UNIQUE'
 [ SQL语句 ] : INSERT INTO `group_user` (`email`,`uname`,`password`,`phone`) VALUES ('141324134132','1241412442144314413','56ec11947278d8297ce0dd8677ca3f6c','13413')

[ 2017-02-23T18:20:33+08:00 ] ::1 /myshop/shop/index.php/admin/User/add
INFO: [ app_begin ] --START--
INFO: Run Behavior\ReadHtmlCacheBehavior [ RunTime:0.001000s ]
INFO: [ app_begin ] --END-- [ RunTime:0.001000s ]
NOTIC: [2048] Declaration of Admin\Controller\UserController::show() should be compatible with Think\Controller::show($content, $charset = '', $contentType = '', $prefix = '') F:\xampp\htdocs\myshop\shop\Admin\Controller\UserController.class.php 第 34 行.
SQL: SHOW COLUMNS FROM `group_user` [ RunTime:0.0100s ]
SQL: INSERT INTO `group_user` (`email`,`uname`,`password`,`phone`) VALUES ('141324134132e12','1241','56ec11947278d8297ce0dd8677ca3f6c','13413') [ RunTime:0.1620s ]

[ 2017-02-23T18:21:04+08:00 ] ::1 /myshop/shop/index.php/admin/User/add
INFO: [ app_begin ] --START--
INFO: Run Behavior\ReadHtmlCacheBehavior [ RunTime:0.000000s ]
INFO: [ app_begin ] --END-- [ RunTime:0.001000s ]
NOTIC: [2048] Declaration of Admin\Controller\UserController::show() should be compatible with Think\Controller::show($content, $charset = '', $contentType = '', $prefix = '') F:\xampp\htdocs\myshop\shop\Admin\Controller\UserController.class.php 第 34 行.
SQL: SHOW COLUMNS FROM `group_user` [ RunTime:0.0080s ]
ERR: 1062:Duplicate entry '1241412442144314' for key 'uname_UNIQUE'
 [ SQL语句 ] : INSERT INTO `group_user` (`email`,`uname`,`password`,`phone`) VALUES ('03141341','124141244214431431','1cdaf01562fe6212fdd65691a8e1b199','3141')
ERR: 1062:Duplicate entry '1241412442144314' for key 'uname_UNIQUE'
 [ SQL语句 ] : INSERT INTO `group_user` (`email`,`uname`,`password`,`phone`) VALUES ('03141341','124141244214431431','1cdaf01562fe6212fdd65691a8e1b199','3141')

[ 2017-02-23T18:21:39+08:00 ] ::1 /myshop/shop/index.php/admin/User/add
INFO: [ app_begin ] --START--
INFO: Run Behavior\ReadHtmlCacheBehavior [ RunTime:0.001000s ]
INFO: [ app_begin ] --END-- [ RunTime:0.001000s ]
NOTIC: [2048] Declaration of Admin\Controller\UserController::show() should be compatible with Think\Controller::show($content, $charset = '', $contentType = '', $prefix = '') F:\xampp\htdocs\myshop\shop\Admin\Controller\UserController.class.php 第 34 行.
SQL: SHOW COLUMNS FROM `group_user` [ RunTime:0.0070s ]
ERR: 1062:Duplicate entry '1241412442144314' for key 'uname_UNIQUE'
 [ SQL语句 ] : INSERT INTO `group_user` (`email`,`uname`,`password`,`phone`) VALUES ('031314','1241412442144314341','8fab58733b8eb2ab334ffb4aa743e12f','34134')
ERR: 1062:Duplicate entry '1241412442144314' for key 'uname_UNIQUE'
 [ SQL语句 ] : INSERT INTO `group_user` (`email`,`uname`,`password`,`phone`) VALUES ('031314','1241412442144314341','8fab58733b8eb2ab334ffb4aa743e12f','34134')

[ 2017-02-23T18:22:25+08:00 ] ::1 /myshop/shop/index.php/admin/User/add
INFO: [ app_begin ] --START--
INFO: Run Behavior\ReadHtmlCacheBehavior [ RunTime:0.001000s ]
INFO: [ app_begin ] --END-- [ RunTime:0.001000s ]
NOTIC: [2048] Declaration of Admin\Controller\UserController::show() should be compatible with Think\Controller::show($content, $charset = '', $contentType = '', $prefix = '') F:\xampp\htdocs\myshop\shop\Admin\Controller\UserController.class.php 第 34 行.
SQL: SHOW COLUMNS FROM `group_user` [ RunTime:0.0070s ]
ERR: 1062:Duplicate entry '1241412442144314' for key 'uname_UNIQUE'
 [ SQL语句 ] : INSERT INTO `group_user` (`email`,`uname`,`password`,`phone`) VALUES ('01312','124141244214431431','1cdaf01562fe6212fdd65691a8e1b199','31231')
ERR: 1062:Duplicate entry '1241412442144314' for key 'uname_UNIQUE'
 [ SQL语句 ] : INSERT INTO `group_user` (`email`,`uname`,`password`,`phone`) VALUES ('01312','124141244214431431','1cdaf01562fe6212fdd65691a8e1b199','31231')

[ 2017-02-23T18:22:32+08:00 ] ::1 /myshop/shop/index.php/admin/User/add
INFO: [ app_begin ] --START--
INFO: Run Behavior\ReadHtmlCacheBehavior [ RunTime:0.000000s ]
INFO: [ app_begin ] --END-- [ RunTime:0.002000s ]
NOTIC: [2048] Declaration of Admin\Controller\UserController::show() should be compatible with Think\Controller::show($content, $charset = '', $contentType = '', $prefix = '') F:\xampp\htdocs\myshop\shop\Admin\Controller\UserController.class.php 第 34 行.
SQL: SHOW COLUMNS FROM `group_user` [ RunTime:0.0090s ]
ERR: 1062:Duplicate entry '1241412442144314' for key 'uname_UNIQUE'
 [ SQL语句 ] : INSERT INTO `group_user` (`email`,`uname`,`password`,`phone`) VALUES ('01312312','1241412442144314313213','1cdaf01562fe6212fdd65691a8e1b199','31231231')
ERR: 1062:Duplicate entry '1241412442144314' for key 'uname_UNIQUE'
 [ SQL语句 ] : INSERT INTO `group_user` (`email`,`uname`,`password`,`phone`) VALUES ('01312312','1241412442144314313213','1cdaf01562fe6212fdd65691a8e1b199','31231231')

