[ 2017-02-14T20:49:01+08:00 ] ::1 /myshop/shop/index.php/admin/index/1.php
INFO: [ app_begin ] --START--
INFO: Run Behavior\ReadHtmlCacheBehavior [ RunTime:0.000000s ]
INFO: [ app_begin ] --END-- [ RunTime:0.001000s ]
ERR: 非法操作:1

[ 2017-02-14T20:49:21+08:00 ] ::1 /myshop/shop/index.php/admin/index/1.php
INFO: [ app_begin ] --START--
INFO: Run Behavior\ReadHtmlCacheBehavior [ RunTime:0.001000s ]
INFO: [ app_begin ] --END-- [ RunTime:0.001000s ]
ERR: 非法操作:1

[ 2017-02-14T20:49:59+08:00 ] ::1 /myshop/shop/index.php/admin/index/1.php
INFO: [ app_begin ] --START--
INFO: Run Behavior\ReadHtmlCacheBehavior [ RunTime:0.001000s ]
INFO: [ app_begin ] --END-- [ RunTime:0.001000s ]
ERR: 非法操作:1

[ 2017-02-14T20:50:07+08:00 ] ::1 /myshop/shop/index.php/admin/index/1.php
INFO: [ app_begin ] --START--
INFO: Run Behavior\ReadHtmlCacheBehavior [ RunTime:0.000000s ]
INFO: [ app_begin ] --END-- [ RunTime:0.000000s ]
ERR: 非法操作:1

[ 2017-02-14T20:51:16+08:00 ] ::1 /myshop/shop/index.php?s=/Admin/Category/tianjia
INFO: [ app_begin ] --START--
INFO: Run Behavior\ReadHtmlCacheBehavior [ RunTime:0.001000s ]
INFO: [ app_begin ] --END-- [ RunTime:0.001000s ]
NOTIC: [2048] Declaration of Admin\Controller\CategoryController::show() should be compatible with Think\Controller::show($content, $charset = '', $contentType = '', $prefix = '') F:\xampp\htdocs\myshop\shop\Admin\Controller\CategoryController.class.php 第 4 行.
INFO: [ app_end ] --START--
INFO: Run Behavior\ShowPageTraceBehavior [ RunTime:0.001000s ]
INFO: [ app_end ] --END-- [ RunTime:0.001000s ]

[ 2017-02-14T20:51:17+08:00 ] ::1 /myshop/shop/index.php?s=/Admin/Category/tianjia
INFO: [ app_begin ] --START--
INFO: Run Behavior\ReadHtmlCacheBehavior [ RunTime:0.000000s ]
INFO: [ app_begin ] --END-- [ RunTime:0.000000s ]
NOTIC: [2048] Declaration of Admin\Controller\CategoryController::show() should be compatible with Think\Controller::show($content, $charset = '', $contentType = '', $prefix = '') F:\xampp\htdocs\myshop\shop\Admin\Controller\CategoryController.class.php 第 4 行.
INFO: [ app_end ] --START--
INFO: Run Behavior\ShowPageTraceBehavior [ RunTime:0.000000s ]
INFO: [ app_end ] --END-- [ RunTime:0.000000s ]

[ 2017-02-14T20:52:10+08:00 ] ::1 /myshop/shop/index.php?s=/Admin/Category/tianjia
INFO: [ app_begin ] --START--
INFO: Run Behavior\ReadHtmlCacheBehavior [ RunTime:0.000000s ]
INFO: [ app_begin ] --END-- [ RunTime:0.001000s ]
NOTIC: [2048] Declaration of Admin\Controller\CategoryController::show() should be compatible with Think\Controller::show($content, $charset = '', $contentType = '', $prefix = '') F:\xampp\htdocs\myshop\shop\Admin\Controller\CategoryController.class.php 第 4 行.
INFO: [ app_end ] --START--
INFO: Run Behavior\ShowPageTraceBehavior [ RunTime:0.001000s ]
INFO: [ app_end ] --END-- [ RunTime:0.001000s ]

[ 2017-02-14T20:52:10+08:00 ] ::1 /myshop/shop/index.php?s=/Admin/Category/tianjia
INFO: [ app_begin ] --START--
INFO: Run Behavior\ReadHtmlCacheBehavior [ RunTime:0.001000s ]
INFO: [ app_begin ] --END-- [ RunTime:0.001000s ]
NOTIC: [2048] Declaration of Admin\Controller\CategoryController::show() should be compatible with Think\Controller::show($content, $charset = '', $contentType = '', $prefix = '') F:\xampp\htdocs\myshop\shop\Admin\Controller\CategoryController.class.php 第 4 行.
INFO: [ app_end ] --START--
INFO: Run Behavior\ShowPageTraceBehavior [ RunTime:0.000000s ]
INFO: [ app_end ] --END-- [ RunTime:0.000000s ]

[ 2017-02-14T20:52:11+08:00 ] ::1 /myshop/shop/index.php?s=/Admin/Category/tianjia
INFO: [ app_begin ] --START--
INFO: Run Behavior\ReadHtmlCacheBehavior [ RunTime:0.001000s ]
INFO: [ app_begin ] --END-- [ RunTime:0.001000s ]
NOTIC: [2048] Declaration of Admin\Controller\CategoryController::show() should be compatible with Think\Controller::show($content, $charset = '', $contentType = '', $prefix = '') F:\xampp\htdocs\myshop\shop\Admin\Controller\CategoryController.class.php 第 4 行.
INFO: [ app_end ] --START--
INFO: Run Behavior\ShowPageTraceBehavior [ RunTime:0.000000s ]
INFO: [ app_end ] --END-- [ RunTime:0.000000s ]

[ 2017-02-14T20:52:11+08:00 ] ::1 /myshop/shop/index.php?s=/Admin/Category/tianjia
INFO: [ app_begin ] --START--
INFO: Run Behavior\ReadHtmlCacheBehavior [ RunTime:0.000000s ]
INFO: [ app_begin ] --END-- [ RunTime:0.000000s ]
NOTIC: [2048] Declaration of Admin\Controller\CategoryController::show() should be compatible with Think\Controller::show($content, $charset = '', $contentType = '', $prefix = '') F:\xampp\htdocs\myshop\shop\Admin\Controller\CategoryController.class.php 第 4 行.
INFO: [ app_end ] --START--
INFO: Run Behavior\ShowPageTraceBehavior [ RunTime:0.000000s ]
INFO: [ app_end ] --END-- [ RunTime:0.000000s ]

[ 2017-02-14T20:54:17+08:00 ] ::1 /myshop/shop/index.php?s=/Admin/Category/tianjia
INFO: [ app_begin ] --START--
INFO: Run Behavior\ReadHtmlCacheBehavior [ RunTime:0.001000s ]
INFO: [ app_begin ] --END-- [ RunTime:0.001000s ]
NOTIC: [2048] Declaration of Admin\Controller\CategoryController::show() should be compatible with Think\Controller::show($content, $charset = '', $contentType = '', $prefix = '') F:\xampp\htdocs\myshop\shop\Admin\Controller\CategoryController.class.php 第 4 行.
INFO: [ app_end ] --START--
INFO: Run Behavior\ShowPageTraceBehavior [ RunTime:0.001000s ]
INFO: [ app_end ] --END-- [ RunTime:0.001000s ]

[ 2017-02-14T20:54:20+08:00 ] ::1 /myshop/shop/index.php?s=/Admin/Category/tianjia
INFO: [ app_begin ] --START--
INFO: Run Behavior\ReadHtmlCacheBehavior [ RunTime:0.001000s ]
INFO: [ app_begin ] --END-- [ RunTime:0.001000s ]
NOTIC: [2048] Declaration of Admin\Controller\CategoryController::show() should be compatible with Think\Controller::show($content, $charset = '', $contentType = '', $prefix = '') F:\xampp\htdocs\myshop\shop\Admin\Controller\CategoryController.class.php 第 4 行.
INFO: [ app_end ] --START--
INFO: Run Behavior\ShowPageTraceBehavior [ RunTime:0.001001s ]
INFO: [ app_end ] --END-- [ RunTime:0.001001s ]

[ 2017-02-14T20:54:21+08:00 ] ::1 /myshop/shop/index.php?s=/Admin/Category/tianjia
INFO: [ app_begin ] --START--
INFO: Run Behavior\ReadHtmlCacheBehavior [ RunTime:0.000000s ]
INFO: [ app_begin ] --END-- [ RunTime:0.001000s ]
NOTIC: [2048] Declaration of Admin\Controller\CategoryController::show() should be compatible with Think\Controller::show($content, $charset = '', $contentType = '', $prefix = '') F:\xampp\htdocs\myshop\shop\Admin\Controller\CategoryController.class.php 第 4 行.
INFO: [ app_end ] --START--
INFO: Run Behavior\ShowPageTraceBehavior [ RunTime:0.000000s ]
INFO: [ app_end ] --END-- [ RunTime:0.000000s ]

[ 2017-02-14T20:54:21+08:00 ] ::1 /myshop/shop/index.php?s=/Admin/Category/tianjia
INFO: [ app_begin ] --START--
INFO: Run Behavior\ReadHtmlCacheBehavior [ RunTime:0.001001s ]
INFO: [ app_begin ] --END-- [ RunTime:0.001001s ]
NOTIC: [2048] Declaration of Admin\Controller\CategoryController::show() should be compatible with Think\Controller::show($content, $charset = '', $contentType = '', $prefix = '') F:\xampp\htdocs\myshop\shop\Admin\Controller\CategoryController.class.php 第 4 行.
INFO: [ app_end ] --START--
INFO: Run Behavior\ShowPageTraceBehavior [ RunTime:0.001000s ]
INFO: [ app_end ] --END-- [ RunTime:0.001000s ]

[ 2017-02-14T20:54:21+08:00 ] ::1 /myshop/shop/index.php?s=/Admin/Category/tianjia
INFO: [ app_begin ] --START--
INFO: Run Behavior\ReadHtmlCacheBehavior [ RunTime:0.000000s ]
INFO: [ app_begin ] --END-- [ RunTime:0.001000s ]
NOTIC: [2048] Declaration of Admin\Controller\CategoryController::show() should be compatible with Think\Controller::show($content, $charset = '', $contentType = '', $prefix = '') F:\xampp\htdocs\myshop\shop\Admin\Controller\CategoryController.class.php 第 4 行.
INFO: [ app_end ] --START--
INFO: Run Behavior\ShowPageTraceBehavior [ RunTime:0.000000s ]
INFO: [ app_end ] --END-- [ RunTime:0.000000s ]

[ 2017-02-14T20:54:30+08:00 ] ::1 /myshop/shop/index.php?s=/Admin/Category/tianjia
INFO: [ app_begin ] --START--
INFO: Run Behavior\ReadHtmlCacheBehavior [ RunTime:0.000000s ]
INFO: [ app_begin ] --END-- [ RunTime:0.001000s ]
NOTIC: [2048] Declaration of Admin\Controller\CategoryController::show() should be compatible with Think\Controller::show($content, $charset = '', $contentType = '', $prefix = '') F:\xampp\htdocs\myshop\shop\Admin\Controller\CategoryController.class.php 第 4 行.
INFO: [ app_end ] --START--
INFO: Run Behavior\ShowPageTraceBehavior [ RunTime:0.001000s ]
INFO: [ app_end ] --END-- [ RunTime:0.001000s ]

[ 2017-02-14T20:54:30+08:00 ] ::1 /myshop/shop/index.php?s=/Admin/Category/tianjia
INFO: [ app_begin ] --START--
INFO: Run Behavior\ReadHtmlCacheBehavior [ RunTime:0.001000s ]
INFO: [ app_begin ] --END-- [ RunTime:0.001000s ]
NOTIC: [2048] Declaration of Admin\Controller\CategoryController::show() should be compatible with Think\Controller::show($content, $charset = '', $contentType = '', $prefix = '') F:\xampp\htdocs\myshop\shop\Admin\Controller\CategoryController.class.php 第 4 行.
INFO: [ app_end ] --START--
INFO: Run Behavior\ShowPageTraceBehavior [ RunTime:0.000000s ]
INFO: [ app_end ] --END-- [ RunTime:0.000000s ]

[ 2017-02-14T20:55:38+08:00 ] ::1 /myshop/shop/index.php?s=/Admin/Category/tianjia
INFO: [ app_begin ] --START--
INFO: Run Behavior\ReadHtmlCacheBehavior [ RunTime:0.000000s ]
INFO: [ app_begin ] --END-- [ RunTime:0.001000s ]
NOTIC: [2048] Declaration of Admin\Controller\CategoryController::show() should be compatible with Think\Controller::show($content, $charset = '', $contentType = '', $prefix = '') F:\xampp\htdocs\myshop\shop\Admin\Controller\CategoryController.class.php 第 4 行.
INFO: [ app_end ] --START--
INFO: Run Behavior\ShowPageTraceBehavior [ RunTime:0.001000s ]
INFO: [ app_end ] --END-- [ RunTime:0.001000s ]

[ 2017-02-14T21:33:44+08:00 ] ::1 /myshop/shop/index.php?s=/admin/Category/tianjia
INFO: [ app_begin ] --START--
INFO: Run Behavior\ReadHtmlCacheBehavior [ RunTime:0.001000s ]
INFO: [ app_begin ] --END-- [ RunTime:0.001000s ]
NOTIC: [2048] Declaration of Admin\Controller\CategoryController::show() should be compatible with Think\Controller::show($content, $charset = '', $contentType = '', $prefix = '') F:\xampp\htdocs\myshop\shop\Admin\Controller\CategoryController.class.php 第 4 行.
SQL: SHOW COLUMNS FROM `group_category` [ RunTime:0.0100s ]
SQL: SELECT * FROM `group_category`  [ RunTime:0.0030s ]
INFO: [ view_parse ] --START--
INFO: [ template_filter ] --START--
INFO: Run Behavior\ContentReplaceBehavior [ RunTime:0.000000s ]
INFO: [ template_filter ] --END-- [ RunTime:0.000000s ]
INFO: Run Behavior\ParseTemplateBehavior [ RunTime:0.005001s ]
INFO: [ view_parse ] --END-- [ RunTime:0.005001s ]
INFO: [ view_filter ] --START--
INFO: Run Behavior\WriteHtmlCacheBehavior [ RunTime:0.000000s ]
INFO: [ view_filter ] --END-- [ RunTime:0.000000s ]
INFO: [ app_end ] --START--
INFO: Run Behavior\ShowPageTraceBehavior [ RunTime:0.001000s ]
INFO: [ app_end ] --END-- [ RunTime:0.001000s ]

[ 2017-02-14T21:34:35+08:00 ] ::1 /myshop/shop/index.php?s=/admin/Category/tianjia
INFO: [ app_begin ] --START--
INFO: Run Behavior\ReadHtmlCacheBehavior [ RunTime:0.000000s ]
INFO: [ app_begin ] --END-- [ RunTime:0.000000s ]
NOTIC: [2048] Declaration of Admin\Controller\CategoryController::show() should be compatible with Think\Controller::show($content, $charset = '', $contentType = '', $prefix = '') F:\xampp\htdocs\myshop\shop\Admin\Controller\CategoryController.class.php 第 4 行.
SQL: SHOW COLUMNS FROM `group_category` [ RunTime:0.0050s ]
SQL: SELECT * FROM `group_category`  [ RunTime:0.0000s ]
INFO: [ view_parse ] --START--
INFO: [ template_filter ] --START--
INFO: Run Behavior\ContentReplaceBehavior [ RunTime:0.000000s ]
INFO: [ template_filter ] --END-- [ RunTime:0.000000s ]
INFO: Run Behavior\ParseTemplateBehavior [ RunTime:0.005000s ]
INFO: [ view_parse ] --END-- [ RunTime:0.005000s ]
INFO: [ view_filter ] --START--
INFO: Run Behavior\WriteHtmlCacheBehavior [ RunTime:0.000000s ]
INFO: [ view_filter ] --END-- [ RunTime:0.000000s ]
INFO: [ app_end ] --START--
INFO: Run Behavior\ShowPageTraceBehavior [ RunTime:0.000000s ]
INFO: [ app_end ] --END-- [ RunTime:0.000000s ]

[ 2017-02-14T21:35:26+08:00 ] ::1 /myshop/shop/index.php?s=/admin/Category/tianjia
INFO: [ app_begin ] --START--
INFO: Run Behavior\ReadHtmlCacheBehavior [ RunTime:0.000000s ]
INFO: [ app_begin ] --END-- [ RunTime:0.000000s ]
NOTIC: [2048] Declaration of Admin\Controller\CategoryController::show() should be compatible with Think\Controller::show($content, $charset = '', $contentType = '', $prefix = '') F:\xampp\htdocs\myshop\shop\Admin\Controller\CategoryController.class.php 第 4 行.
SQL: SHOW COLUMNS FROM `group_category` [ RunTime:0.0040s ]
SQL: SELECT * FROM `group_category`  [ RunTime:0.0000s ]
INFO: [ view_parse ] --START--
INFO: [ template_filter ] --START--
INFO: Run Behavior\ContentReplaceBehavior [ RunTime:0.000000s ]
INFO: [ template_filter ] --END-- [ RunTime:0.000000s ]
INFO: Run Behavior\ParseTemplateBehavior [ RunTime:0.005001s ]
INFO: [ view_parse ] --END-- [ RunTime:0.005001s ]
INFO: [ view_filter ] --START--
INFO: Run Behavior\WriteHtmlCacheBehavior [ RunTime:0.000000s ]
INFO: [ view_filter ] --END-- [ RunTime:0.000000s ]
INFO: [ app_end ] --START--
INFO: Run Behavior\ShowPageTraceBehavior [ RunTime:0.000000s ]
INFO: [ app_end ] --END-- [ RunTime:0.000000s ]

[ 2017-02-14T21:35:59+08:00 ] ::1 /myshop/shop/index.php?s=/admin/Category/tianjia
INFO: [ app_begin ] --START--
INFO: Run Behavior\ReadHtmlCacheBehavior [ RunTime:0.001000s ]
INFO: [ app_begin ] --END-- [ RunTime:0.001000s ]
NOTIC: [2048] Declaration of Admin\Controller\CategoryController::show() should be compatible with Think\Controller::show($content, $charset = '', $contentType = '', $prefix = '') F:\xampp\htdocs\myshop\shop\Admin\Controller\CategoryController.class.php 第 4 行.
SQL: SHOW COLUMNS FROM `group_category` [ RunTime:0.0030s ]
SQL: SELECT * FROM `group_category`  [ RunTime:0.0000s ]
INFO: [ view_parse ] --START--
INFO: [ template_filter ] --START--
INFO: Run Behavior\ContentReplaceBehavior [ RunTime:0.000000s ]
INFO: [ template_filter ] --END-- [ RunTime:0.000000s ]
INFO: Run Behavior\ParseTemplateBehavior [ RunTime:0.004000s ]
INFO: [ view_parse ] --END-- [ RunTime:0.005000s ]
INFO: [ view_filter ] --START--
INFO: Run Behavior\WriteHtmlCacheBehavior [ RunTime:0.000000s ]
INFO: [ view_filter ] --END-- [ RunTime:0.000000s ]
INFO: [ app_end ] --START--
INFO: Run Behavior\ShowPageTraceBehavior [ RunTime:0.001000s ]
INFO: [ app_end ] --END-- [ RunTime:0.001000s ]

[ 2017-02-14T21:36:24+08:00 ] ::1 /myshop/shop/index.php?s=/admin/Category/tianjia
INFO: [ app_begin ] --START--
INFO: Run Behavior\ReadHtmlCacheBehavior [ RunTime:0.000000s ]
INFO: [ app_begin ] --END-- [ RunTime:0.000000s ]
NOTIC: [2048] Declaration of Admin\Controller\CategoryController::show() should be compatible with Think\Controller::show($content, $charset = '', $contentType = '', $prefix = '') F:\xampp\htdocs\myshop\shop\Admin\Controller\CategoryController.class.php 第 4 行.
SQL: SHOW COLUMNS FROM `group_category` [ RunTime:0.0030s ]
SQL: SELECT * FROM `group_category`  [ RunTime:0.0000s ]
INFO: [ view_parse ] --START--
INFO: [ template_filter ] --START--
INFO: Run Behavior\ContentReplaceBehavior [ RunTime:0.000000s ]
INFO: [ template_filter ] --END-- [ RunTime:0.000000s ]
INFO: Run Behavior\ParseTemplateBehavior [ RunTime:0.005000s ]
INFO: [ view_parse ] --END-- [ RunTime:0.005000s ]
INFO: [ view_filter ] --START--
INFO: Run Behavior\WriteHtmlCacheBehavior [ RunTime:0.000000s ]
INFO: [ view_filter ] --END-- [ RunTime:0.000000s ]
INFO: [ app_end ] --START--
INFO: Run Behavior\ShowPageTraceBehavior [ RunTime:0.001000s ]
INFO: [ app_end ] --END-- [ RunTime:0.001000s ]

[ 2017-02-14T21:37:07+08:00 ] ::1 /myshop/shop/index.php?s=/admin/Category/tianjia
INFO: [ app_begin ] --START--
INFO: Run Behavior\ReadHtmlCacheBehavior [ RunTime:0.000000s ]
INFO: [ app_begin ] --END-- [ RunTime:0.000000s ]
NOTIC: [2048] Declaration of Admin\Controller\CategoryController::show() should be compatible with Think\Controller::show($content, $charset = '', $contentType = '', $prefix = '') F:\xampp\htdocs\myshop\shop\Admin\Controller\CategoryController.class.php 第 4 行.
SQL: SHOW COLUMNS FROM `group_category` [ RunTime:0.0060s ]
SQL: SELECT * FROM `group_category`  [ RunTime:0.0010s ]
INFO: [ view_parse ] --START--
INFO: [ template_filter ] --START--
INFO: Run Behavior\ContentReplaceBehavior [ RunTime:0.000000s ]
INFO: [ template_filter ] --END-- [ RunTime:0.000000s ]
INFO: Run Behavior\ParseTemplateBehavior [ RunTime:0.007000s ]
INFO: [ view_parse ] --END-- [ RunTime:0.007000s ]
INFO: [ view_filter ] --START--
INFO: Run Behavior\WriteHtmlCacheBehavior [ RunTime:0.000000s ]
INFO: [ view_filter ] --END-- [ RunTime:0.000000s ]
INFO: [ app_end ] --START--
INFO: Run Behavior\ShowPageTraceBehavior [ RunTime:0.000000s ]
INFO: [ app_end ] --END-- [ RunTime:0.000000s ]

[ 2017-02-14T21:37:37+08:00 ] ::1 /myshop/shop/index.php?s=/admin/Category/tianjia
INFO: [ app_begin ] --START--
INFO: Run Behavior\ReadHtmlCacheBehavior [ RunTime:0.001000s ]
INFO: [ app_begin ] --END-- [ RunTime:0.001000s ]
NOTIC: [2048] Declaration of Admin\Controller\CategoryController::show() should be compatible with Think\Controller::show($content, $charset = '', $contentType = '', $prefix = '') F:\xampp\htdocs\myshop\shop\Admin\Controller\CategoryController.class.php 第 4 行.
SQL: SHOW COLUMNS FROM `group_category` [ RunTime:0.0030s ]
SQL: SELECT * FROM `group_category`  [ RunTime:0.0000s ]
INFO: [ view_parse ] --START--
INFO: [ template_filter ] --START--
INFO: Run Behavior\ContentReplaceBehavior [ RunTime:0.000000s ]
INFO: [ template_filter ] --END-- [ RunTime:0.000000s ]
INFO: Run Behavior\ParseTemplateBehavior [ RunTime:0.005001s ]
INFO: [ view_parse ] --END-- [ RunTime:0.005001s ]
INFO: [ view_filter ] --START--
INFO: Run Behavior\WriteHtmlCacheBehavior [ RunTime:0.000000s ]
INFO: [ view_filter ] --END-- [ RunTime:0.000000s ]
INFO: [ app_end ] --START--
INFO: Run Behavior\ShowPageTraceBehavior [ RunTime:0.001000s ]
INFO: [ app_end ] --END-- [ RunTime:0.001000s ]

[ 2017-02-14T21:39:06+08:00 ] ::1 /myshop/shop/index.php?s=/admin/Category/tianjia
INFO: [ app_begin ] --START--
INFO: Run Behavior\ReadHtmlCacheBehavior [ RunTime:0.000000s ]
INFO: [ app_begin ] --END-- [ RunTime:0.001000s ]
NOTIC: [2048] Declaration of Admin\Controller\CategoryController::show() should be compatible with Think\Controller::show($content, $charset = '', $contentType = '', $prefix = '') F:\xampp\htdocs\myshop\shop\Admin\Controller\CategoryController.class.php 第 4 行.
INFO: [ app_end ] --START--
INFO: Run Behavior\ShowPageTraceBehavior [ RunTime:0.000000s ]
INFO: [ app_end ] --END-- [ RunTime:0.000000s ]

[ 2017-02-14T21:39:16+08:00 ] ::1 /myshop/shop/index.php?s=/admin/Category/tianjia
INFO: [ app_begin ] --START--
INFO: Run Behavior\ReadHtmlCacheBehavior [ RunTime:0.001000s ]
INFO: [ app_begin ] --END-- [ RunTime:0.001000s ]
NOTIC: [2048] Declaration of Admin\Controller\CategoryController::show() should be compatible with Think\Controller::show($content, $charset = '', $contentType = '', $prefix = '') F:\xampp\htdocs\myshop\shop\Admin\Controller\CategoryController.class.php 第 4 行.
INFO: [ app_end ] --START--
INFO: Run Behavior\ShowPageTraceBehavior [ RunTime:0.000000s ]
INFO: [ app_end ] --END-- [ RunTime:0.000000s ]

[ 2017-02-14T21:39:20+08:00 ] ::1 /myshop/shop/index.php?s=/admin/Category/tianjia
INFO: [ app_begin ] --START--
INFO: Run Behavior\ReadHtmlCacheBehavior [ RunTime:0.000000s ]
INFO: [ app_begin ] --END-- [ RunTime:0.001000s ]
NOTIC: [2048] Declaration of Admin\Controller\CategoryController::show() should be compatible with Think\Controller::show($content, $charset = '', $contentType = '', $prefix = '') F:\xampp\htdocs\myshop\shop\Admin\Controller\CategoryController.class.php 第 4 行.
INFO: [ app_end ] --START--
INFO: Run Behavior\ShowPageTraceBehavior [ RunTime:0.000000s ]
INFO: [ app_end ] --END-- [ RunTime:0.000000s ]

[ 2017-02-14T21:39:44+08:00 ] ::1 /myshop/shop/index.php?s=/admin/Category/tianjia
INFO: [ app_begin ] --START--
INFO: Run Behavior\ReadHtmlCacheBehavior [ RunTime:0.001001s ]
INFO: [ app_begin ] --END-- [ RunTime:0.001001s ]
NOTIC: [2048] Declaration of Admin\Controller\CategoryController::show() should be compatible with Think\Controller::show($content, $charset = '', $contentType = '', $prefix = '') F:\xampp\htdocs\myshop\shop\Admin\Controller\CategoryController.class.php 第 4 行.
INFO: [ app_end ] --START--
INFO: Run Behavior\ShowPageTraceBehavior [ RunTime:0.001000s ]
INFO: [ app_end ] --END-- [ RunTime:0.001000s ]

[ 2017-02-14T21:39:45+08:00 ] ::1 /myshop/shop/index.php?s=/admin/Category/tianjia
INFO: [ app_begin ] --START--
INFO: Run Behavior\ReadHtmlCacheBehavior [ RunTime:0.001000s ]
INFO: [ app_begin ] --END-- [ RunTime:0.001000s ]
NOTIC: [2048] Declaration of Admin\Controller\CategoryController::show() should be compatible with Think\Controller::show($content, $charset = '', $contentType = '', $prefix = '') F:\xampp\htdocs\myshop\shop\Admin\Controller\CategoryController.class.php 第 4 行.
INFO: [ app_end ] --START--
INFO: Run Behavior\ShowPageTraceBehavior [ RunTime:0.000000s ]
INFO: [ app_end ] --END-- [ RunTime:0.000000s ]

[ 2017-02-14T21:41:34+08:00 ] ::1 /myshop/shop/index.php?s=/admin/Category/tianjia
INFO: [ app_begin ] --START--
INFO: Run Behavior\ReadHtmlCacheBehavior [ RunTime:0.001001s ]
INFO: [ app_begin ] --END-- [ RunTime:0.001001s ]
NOTIC: [2048] Declaration of Admin\Controller\CategoryController::show() should be compatible with Think\Controller::show($content, $charset = '', $contentType = '', $prefix = '') F:\xampp\htdocs\myshop\shop\Admin\Controller\CategoryController.class.php 第 4 行.
INFO: [ app_end ] --START--
INFO: Run Behavior\ShowPageTraceBehavior [ RunTime:0.000000s ]
INFO: [ app_end ] --END-- [ RunTime:0.000000s ]

[ 2017-02-14T23:58:06+08:00 ] ::1 /myshop/shop/index.php?s=/admin/Category/tianjia
INFO: [ app_begin ] --START--
INFO: Run Behavior\ReadHtmlCacheBehavior [ RunTime:0.000000s ]
INFO: [ app_begin ] --END-- [ RunTime:0.000000s ]
NOTIC: [2048] Declaration of Admin\Controller\CategoryController::show() should be compatible with Think\Controller::show($content, $charset = '', $contentType = '', $prefix = '') F:\xampp\htdocs\myshop\shop\Admin\Controller\CategoryController.class.php 第 4 行.
SQL: SHOW COLUMNS FROM `group_category` [ RunTime:0.0040s ]
SQL: INSERT INTO `group_category` (`pid`,`title`,`keywords`,`sort`,`display`) VALUES ('0','wqd','wsqd%20','1','0') [ RunTime:0.0860s ]

[ 2017-02-14T23:58:11+08:00 ] ::1 /myshop/shop/index.php?s=/admin/Category/tianjia
INFO: [ app_begin ] --START--
INFO: Run Behavior\ReadHtmlCacheBehavior [ RunTime:0.000000s ]
INFO: [ app_begin ] --END-- [ RunTime:0.001000s ]
NOTIC: [2048] Declaration of Admin\Controller\CategoryController::show() should be compatible with Think\Controller::show($content, $charset = '', $contentType = '', $prefix = '') F:\xampp\htdocs\myshop\shop\Admin\Controller\CategoryController.class.php 第 4 行.
SQL: SHOW COLUMNS FROM `group_category` [ RunTime:0.0040s ]
ERR: 1062:Duplicate entry '' for key 'cname_UNIQUE'
 [ SQL语句 ] : INSERT INTO `group_category` (`pid`,`title`,`keywords`,`sort`,`display`) VALUES ('0','wqd','wsqd%20','1','0')
ERR: 1062:Duplicate entry '' for key 'cname_UNIQUE'
 [ SQL语句 ] : INSERT INTO `group_category` (`pid`,`title`,`keywords`,`sort`,`display`) VALUES ('0','wqd','wsqd%20','1','0')

[ 2017-02-14T23:58:49+08:00 ] ::1 /myshop/shop/index.php?s=/Admin/admin/Category.php
INFO: [ app_begin ] --START--
INFO: Run Behavior\ReadHtmlCacheBehavior [ RunTime:0.001001s ]
INFO: [ app_begin ] --END-- [ RunTime:0.001001s ]
ERR: 无法加载控制器:Admin

[ 2017-02-14T23:59:37+08:00 ] ::1 /myshop/shop/index.php/admin/index/1.php
INFO: [ app_begin ] --START--
INFO: Run Behavior\ReadHtmlCacheBehavior [ RunTime:0.001000s ]
INFO: [ app_begin ] --END-- [ RunTime:0.001000s ]
ERR: 非法操作:1

