[ 2017-03-11T12:35:52+08:00 ] ::1 /shopping/shop/index.php/admin/Login/login
INFO: [ app_begin ] --START--
INFO: Run Behavior\ReadHtmlCacheBehavior [ RunTime:0.000000s ]
INFO: [ app_begin ] --END-- [ RunTime:0.000000s ]
SQL: SHOW COLUMNS FROM `group_user` [ RunTime:0.0290s ]
SQL: SELECT * FROM `group_user` WHERE `uname` = 'admin' AND `password` = 'e10adc3949ba59abbe56e057f20f883e' LIMIT 1   [ RunTime:0.0020s ]

[ 2017-03-11T12:36:52+08:00 ] ::1 /shopping/shop/index.php/admin/Category/add
INFO: [ app_begin ] --START--
INFO: Run Behavior\ReadHtmlCacheBehavior [ RunTime:0.000000s ]
INFO: [ app_begin ] --END-- [ RunTime:0.000000s ]
SQL: SHOW COLUMNS FROM `group_category` [ RunTime:0.0030s ]
NOTIC: [8] Undefined index: validate F:\xampp\htdocs\shopping\ThinkPHP\Library\Think\Model.class.php 第 1185 行.
NOTIC: [8] Undefined index: auto F:\xampp\htdocs\shopping\ThinkPHP\Library\Think\Model.class.php 第 1128 行.
SQL: INSERT INTO `group_category` (`cname`,`keywords`,`title`,`description`,`sort`,`display`,`pid`) VALUES ('服装','服装','春色撩人','liaoren','0','0','0') [ RunTime:0.3080s ]

[ 2017-03-11T12:37:18+08:00 ] ::1 /shopping/shop/index.php/admin/Category/add
INFO: [ app_begin ] --START--
INFO: Run Behavior\ReadHtmlCacheBehavior [ RunTime:0.000000s ]
INFO: [ app_begin ] --END-- [ RunTime:0.000000s ]
SQL: SHOW COLUMNS FROM `group_category` [ RunTime:0.0030s ]
NOTIC: [8] Undefined index: validate F:\xampp\htdocs\shopping\ThinkPHP\Library\Think\Model.class.php 第 1185 行.
NOTIC: [8] Undefined index: auto F:\xampp\htdocs\shopping\ThinkPHP\Library\Think\Model.class.php 第 1128 行.
SQL: INSERT INTO `group_category` (`cname`,`keywords`,`title`,`description`,`sort`,`display`,`pid`) VALUES ('男装','男装','男装','男人啊','0','0','20') [ RunTime:0.0760s ]

[ 2017-03-11T12:51:55+08:00 ] ::1 /shopping/shop/index.php/Admin/category/=%22goods.php?act=list&cat_id=1%22
ERR: 非法操作:="goods

[ 2017-03-11T12:52:55+08:00 ] ::1 /shopping/shop/index.php/Admin/Index/info.html
ERR: 非法操作:info

[ 2017-03-11T12:52:56+08:00 ] ::1 /shopping/shop/index.php/Admin/Index/info.html
ERR: 非法操作:info

[ 2017-03-11T12:53:11+08:00 ] ::1 /shopping/shop/index.php/Admin/Index/column.html
ERR: 非法操作:column

