[ 2017-01-23T09:28:50+08:00 ] ::1 /myshop/shop/index.php/Admin/index/info.html
ERR: 非法操作:info

[ 2017-01-23T09:37:54+08:00 ] ::1 /myshop/shop/index.php/Admin/index/info.html
ERR: 非法操作:info

[ 2017-01-23T09:38:12+08:00 ] ::1 /myshop/shop/index.php/Admin/index/info.html
ERR: 非法操作:info

[ 2017-01-23T09:38:30+08:00 ] ::1 /myshop/shop/index.php/Admin/index/info.html
ERR: 非法操作:info

[ 2017-01-23T09:40:05+08:00 ] ::1 /myshop/shop/index.php/Admin/index/info.html
ERR: 非法操作:info

[ 2017-01-23T09:40:22+08:00 ] ::1 /myshop/shop/index.php/Admin/index/info.html
ERR: 非法操作:info

[ 2017-01-23T09:40:37+08:00 ] ::1 /myshop/shop/index.php/Admin/index/info.html
ERR: 非法操作:info

[ 2017-01-23T09:41:05+08:00 ] ::1 /myshop/shop/index.php/Admin/index/info.html
ERR: 非法操作:info

[ 2017-01-23T09:42:44+08:00 ] ::1 /myshop/shop/index.php/Admin/index/info.html
ERR: 非法操作:info

[ 2017-01-23T09:43:11+08:00 ] ::1 /myshop/shop/index.php/Admin/index/info.html
ERR: 非法操作:info

[ 2017-01-23T09:44:58+08:00 ] ::1 /myshop/shop/index.php/Admin/index/info.html
ERR: 非法操作:info

[ 2017-01-23T09:57:11+08:00 ] ::1 /myshop/shop/index.php/Admin/index/info.html
ERR: 非法操作:info

[ 2017-01-23T10:05:14+08:00 ] ::1 /myshop/shop/index.php/Admin/index/info.html
ERR: 非法操作:info

[ 2017-01-23T10:06:20+08:00 ] ::1 /myshop/shop/index.php/Admin/index/css/index.css
ERR: 非法操作:css

[ 2017-01-23T10:07:44+08:00 ] ::1 /myshop/shop/index.php/Admin/index/info.html
ERR: 非法操作:info

[ 2017-01-23T10:12:14+08:00 ] ::1 /myshop/shop/index.php/Admin/index/info.html
ERR: 非法操作:info

[ 2017-01-23T10:14:11+08:00 ] ::1 /myshop/shop/index.php/Admin/index/info.html
ERR: 非法操作:info

[ 2017-01-23T10:15:07+08:00 ] ::1 /myshop/shop/index.php/Admin/index/info.html
ERR: 非法操作:info

[ 2017-01-23T10:15:38+08:00 ] ::1 /myshop/shop/index.php/Admin/index/info.html
ERR: 非法操作:info

[ 2017-01-23T10:16:38+08:00 ] ::1 /myshop/shop/index.php/Admin/index/info.html
ERR: 非法操作:info

[ 2017-01-23T10:17:05+08:00 ] ::1 /myshop/shop/index.php/Admin/index/info.html
ERR: 非法操作:info

[ 2017-01-23T10:17:31+08:00 ] ::1 /myshop/shop/index.php/Admin/index/info.html
ERR: 非法操作:info

[ 2017-01-23T10:18:39+08:00 ] ::1 /myshop/shop/index.php/Admin/index/info.html
ERR: 非法操作:info

[ 2017-01-23T10:19:14+08:00 ] ::1 /myshop/shop/index.php/Admin/index/info.html
ERR: 非法操作:info

[ 2017-01-23T10:20:46+08:00 ] ::1 /myshop/shop/index.php/Admin/index/info.html
ERR: 非法操作:info

[ 2017-01-23T10:22:09+08:00 ] ::1 /myshop/shop/index.php/Admin/index/info.html
ERR: 非法操作:info

[ 2017-01-23T13:53:45+08:00 ] ::1 /myshop/shop/index.php/Admin/index/info.html
ERR: 非法操作:info

[ 2017-01-23T13:54:38+08:00 ] ::1 /myshop/shop/index.php/Admin/index/info.html
ERR: 非法操作:info

[ 2017-01-23T13:54:53+08:00 ] ::1 /myshop/shop/index.php/Admin/index/info.html
ERR: 非法操作:info

[ 2017-01-23T13:56:19+08:00 ] ::1 /myshop/shop/index.php/Admin/index/info.html
ERR: 非法操作:info

[ 2017-01-23T13:56:54+08:00 ] ::1 /myshop/shop/index.php/Admin/index/info.html
ERR: 非法操作:info

[ 2017-01-23T13:57:05+08:00 ] ::1 /myshop/shop/index.php/Admin/index/info.html
ERR: 非法操作:info

[ 2017-01-23T13:57:35+08:00 ] ::1 /myshop/shop/index.php/Admin/index/info.html
ERR: 非法操作:info

[ 2017-01-23T14:00:42+08:00 ] ::1 /myshop/shop/index.php/Admin/index/info.html
ERR: 非法操作:info

[ 2017-01-23T14:00:56+08:00 ] ::1 /myshop/shop/index.php/Admin/index/info.html
ERR: 非法操作:info

[ 2017-01-23T14:00:58+08:00 ] ::1 /myshop/shop/index.php/Admin/index/info.html
ERR: 非法操作:info

[ 2017-01-23T14:01:46+08:00 ] ::1 /myshop/shop/index.php/Admin/index/info.html
ERR: 非法操作:info

[ 2017-01-23T14:02:31+08:00 ] ::1 /myshop/shop/index.php/Admin/index/info.html
ERR: 非法操作:info

[ 2017-01-23T14:03:58+08:00 ] ::1 /myshop/shop/index.php/Admin/index/info.html
ERR: 非法操作:info

[ 2017-01-23T14:05:24+08:00 ] ::1 /myshop/shop/index.php/Admin/index/info.html
ERR: 非法操作:info

[ 2017-01-23T14:06:31+08:00 ] ::1 /myshop/shop/index.php/Admin/index/info.html
ERR: 非法操作:info

[ 2017-01-23T14:06:51+08:00 ] ::1 /myshop/shop/index.php/Admin/index/info.html
ERR: 非法操作:info

[ 2017-01-23T14:07:38+08:00 ] ::1 /myshop/shop/index.php/Admin/index/info.html
ERR: 非法操作:info

[ 2017-01-23T14:08:08+08:00 ] ::1 /myshop/shop/index.php/Admin/index/info.html
ERR: 非法操作:info

[ 2017-01-23T14:09:47+08:00 ] ::1 /myshop/shop/index.php/Admin/index/info.html
ERR: 非法操作:info

[ 2017-01-23T14:10:12+08:00 ] ::1 /myshop/shop/index.php/Admin/index/info.html
ERR: 非法操作:info

[ 2017-01-23T14:10:20+08:00 ] ::1 /myshop/shop/index.php/Admin/index/info.html
ERR: 非法操作:info

[ 2017-01-23T14:10:48+08:00 ] ::1 /myshop/shop/index.php/Admin/index/info.html
ERR: 非法操作:info

[ 2017-01-23T14:13:27+08:00 ] ::1 /myshop/shop/index.php/Admin/index/info.html
ERR: 非法操作:info

[ 2017-01-23T14:15:10+08:00 ] ::1 /myshop/shop/index.php/Admin/index/info.html
ERR: 非法操作:info

[ 2017-01-23T14:18:05+08:00 ] ::1 /myshop/shop/index.php/Admin/index/info.html
ERR: 非法操作:info

[ 2017-01-23T14:18:45+08:00 ] ::1 /myshop/shop/index.php/Admin/index/info.html
ERR: 非法操作:info

[ 2017-01-23T14:19:21+08:00 ] ::1 /myshop/shop/index.php/Admin/index/info.html
ERR: 非法操作:info

[ 2017-01-23T14:19:56+08:00 ] ::1 /myshop/shop/index.php/Admin/index/info.html
ERR: 非法操作:info

[ 2017-01-23T14:20:46+08:00 ] ::1 /myshop/shop/index.php/Admin/index/info.html
ERR: 非法操作:info

[ 2017-01-23T14:20:56+08:00 ] ::1 /myshop/shop/index.php/Admin/index/info.html
ERR: 非法操作:info

[ 2017-01-23T14:21:34+08:00 ] ::1 /myshop/shop/index.php/Admin/index/info.html
ERR: 非法操作:info

[ 2017-01-23T14:21:52+08:00 ] ::1 /myshop/shop/index.php/Admin/index/info.html
ERR: 非法操作:info

[ 2017-01-23T14:22:26+08:00 ] ::1 /myshop/shop/index.php/Admin/index/info.html
ERR: 非法操作:info

[ 2017-01-23T14:32:52+08:00 ] ::1 /myshop/shop/index.php/Admin/index/info.html
ERR: 非法操作:info

[ 2017-01-23T14:33:46+08:00 ] ::1 /myshop/shop/index.php/Admin/index/info.html
ERR: 非法操作:info

[ 2017-01-23T14:34:45+08:00 ] ::1 /myshop/shop/index.php/Admin/index/info.html
ERR: 非法操作:info

[ 2017-01-23T14:35:32+08:00 ] ::1 /myshop/shop/index.php/Admin/index/info.html
ERR: 非法操作:info

[ 2017-01-23T14:36:09+08:00 ] ::1 /myshop/shop/index.php/Admin/index/info.html
ERR: 非法操作:info

[ 2017-01-23T14:37:09+08:00 ] ::1 /myshop/shop/index.php/Admin/index/info.html
ERR: 非法操作:info

[ 2017-01-23T14:38:10+08:00 ] ::1 /myshop/shop/index.php/Admin/index/info.html
ERR: 非法操作:info

[ 2017-01-23T14:38:35+08:00 ] ::1 /myshop/shop/index.php/Admin/index/info.html
ERR: 非法操作:info

[ 2017-01-23T14:38:53+08:00 ] ::1 /myshop/shop/index.php/Admin/index/info.html
ERR: 非法操作:info

[ 2017-01-23T14:39:08+08:00 ] ::1 /myshop/shop/index.php/Admin/index/info.html
ERR: 非法操作:info

[ 2017-01-23T14:39:39+08:00 ] ::1 /myshop/shop/index.php/Admin/index/info.html
ERR: 非法操作:info

[ 2017-01-23T14:40:38+08:00 ] ::1 /myshop/shop/index.php/Admin/index/info.html
ERR: 非法操作:info

[ 2017-01-23T14:40:46+08:00 ] ::1 /myshop/shop/index.php/Admin/index/info.html
ERR: 非法操作:info

[ 2017-01-23T14:42:35+08:00 ] ::1 /myshop/shop/index.php/Admin/index/info.html
ERR: 非法操作:info

[ 2017-01-23T14:43:02+08:00 ] ::1 /myshop/shop/index.php/Admin/index/info.html
ERR: 非法操作:info

[ 2017-01-23T14:46:25+08:00 ] ::1 /myshop/shop/index.php/Admin/index/info.html
ERR: 非法操作:info

[ 2017-01-23T14:46:42+08:00 ] ::1 /myshop/shop/index.php/Admin/index/info.html
ERR: 非法操作:info

[ 2017-01-23T14:48:48+08:00 ] ::1 /myshop/shop/index.php/Admin/index/info.html
ERR: 非法操作:info

[ 2017-01-23T14:51:11+08:00 ] ::1 /myshop/shop/index.php/Admin/index/info.html
ERR: 非法操作:info

[ 2017-01-23T14:51:49+08:00 ] ::1 /myshop/shop/index.php/Admin/index/info.html
ERR: 非法操作:info

[ 2017-01-23T14:52:07+08:00 ] ::1 /myshop/shop/index.php/Admin/index/info.html
ERR: 非法操作:info

[ 2017-01-23T14:52:49+08:00 ] ::1 /myshop/shop/index.php/Admin/index/info.html
ERR: 非法操作:info

[ 2017-01-23T14:53:53+08:00 ] ::1 /myshop/shop/index.php/Admin/index/info.html
ERR: 非法操作:info

[ 2017-01-23T14:54:38+08:00 ] ::1 /myshop/shop/index.php/Admin/index/info.html
ERR: 非法操作:info

[ 2017-01-23T14:56:25+08:00 ] ::1 /myshop/shop/index.php/Admin/index/info.html
ERR: 非法操作:info

[ 2017-01-23T15:01:07+08:00 ] ::1 /myshop/shop/index.php/Admin/index/info.html
ERR: 非法操作:info

[ 2017-01-23T15:01:51+08:00 ] ::1 /myshop/shop/index.php/Admin/index/info.html
ERR: 非法操作:info

[ 2017-01-23T15:02:22+08:00 ] ::1 /myshop/shop/index.php/Admin/index/info.html
ERR: 非法操作:info

[ 2017-01-23T15:03:49+08:00 ] ::1 /myshop/shop/index.php/Admin/index/info.html
ERR: 非法操作:info

[ 2017-01-23T15:04:12+08:00 ] ::1 /myshop/shop/index.php/Admin/index/info.html
ERR: 非法操作:info

[ 2017-01-23T15:05:12+08:00 ] ::1 /myshop/shop/index.php/Admin/index/info.html
ERR: 非法操作:info

[ 2017-01-23T15:05:37+08:00 ] ::1 /myshop/shop/index.php/Admin/index/info.html
ERR: 非法操作:info

[ 2017-01-23T15:05:58+08:00 ] ::1 /myshop/shop/index.php/Admin/index/info.html
ERR: 非法操作:info

[ 2017-01-23T15:07:17+08:00 ] ::1 /myshop/shop/index.php/Admin/index/info.html
ERR: 非法操作:info

[ 2017-01-23T15:07:56+08:00 ] ::1 /myshop/shop/index.php/Admin/index/info.html
ERR: 非法操作:info

[ 2017-01-23T15:09:00+08:00 ] ::1 /myshop/shop/index.php/Admin/index/info.html
ERR: 非法操作:info

[ 2017-01-23T15:10:25+08:00 ] ::1 /myshop/shop/index.php/Admin/index/info.html
ERR: 非法操作:info

[ 2017-01-23T15:11:04+08:00 ] ::1 /myshop/shop/index.php/Admin/index/info.html
ERR: 非法操作:info

[ 2017-01-23T15:13:32+08:00 ] ::1 /myshop/shop/index.php/Admin/index/info.html
ERR: 非法操作:info

[ 2017-01-23T15:16:34+08:00 ] ::1 /myshop/shop/index.php/Admin/index/info.html
ERR: 非法操作:info

[ 2017-01-23T15:17:05+08:00 ] ::1 /myshop/shop/index.php/Admin/index/info.html
ERR: 非法操作:info

[ 2017-01-23T15:17:47+08:00 ] ::1 /myshop/shop/index.php/Admin/index/info.html
ERR: 非法操作:info

[ 2017-01-23T15:19:30+08:00 ] ::1 /myshop/shop/index.php/Admin/index/info.html
ERR: 非法操作:info

[ 2017-01-23T15:19:58+08:00 ] ::1 /myshop/shop/index.php/Admin/index/info.html
ERR: 非法操作:info

[ 2017-01-23T15:20:08+08:00 ] ::1 /myshop/shop/index.php/Admin/index/info.html
ERR: 非法操作:info

[ 2017-01-23T15:20:35+08:00 ] ::1 /myshop/shop/index.php/Admin/index/info.html
ERR: 非法操作:info

[ 2017-01-23T15:23:24+08:00 ] ::1 /myshop/shop/index.php/Admin/index/info.html
ERR: 非法操作:info

[ 2017-01-23T15:23:48+08:00 ] ::1 /myshop/shop/index.php/Admin/index/info.html
ERR: 非法操作:info

[ 2017-01-23T15:23:55+08:00 ] ::1 /myshop/shop/index.php/Admin/index/info.html
ERR: 非法操作:info

[ 2017-01-23T15:23:59+08:00 ] ::1 /myshop/shop/index.php/Admin/index/info.html
ERR: 非法操作:info

[ 2017-01-23T15:24:37+08:00 ] ::1 /myshop/shop/index.php/Admin/index/info.html
ERR: 非法操作:info

[ 2017-01-23T15:24:59+08:00 ] ::1 /myshop/shop/index.php/Admin/index/info.html
ERR: 非法操作:info

[ 2017-01-23T15:28:19+08:00 ] ::1 /myshop/shop/index.php/Admin/index/info.html
ERR: 非法操作:info

[ 2017-01-23T15:28:40+08:00 ] ::1 /myshop/shop/index.php/Admin/index/info.html
ERR: 非法操作:info

[ 2017-01-23T15:30:02+08:00 ] ::1 /myshop/shop/index.php/Admin/index/info.html
ERR: 非法操作:info

[ 2017-01-23T15:30:30+08:00 ] ::1 /myshop/shop/index.php/Admin/index/info.html
ERR: 非法操作:info

[ 2017-01-23T15:31:05+08:00 ] ::1 /myshop/shop/index.php/Admin/index/info.html
ERR: 非法操作:info

[ 2017-01-23T15:31:29+08:00 ] ::1 /myshop/shop/index.php/Admin/index/info.html
ERR: 非法操作:info

[ 2017-01-23T15:31:35+08:00 ] ::1 /myshop/shop/index.php/Admin/index/info.html
ERR: 非法操作:info

[ 2017-01-23T15:32:37+08:00 ] ::1 /myshop/shop/index.php/Admin/index/info.html
ERR: 非法操作:info

[ 2017-01-23T15:33:56+08:00 ] ::1 /myshop/shop/index.php/Admin/index/info.html
ERR: 非法操作:info

[ 2017-01-23T15:34:34+08:00 ] ::1 /myshop/shop/index.php/Admin/index/info.html
ERR: 非法操作:info

[ 2017-01-23T15:35:01+08:00 ] ::1 /myshop/shop/index.php/Admin/index/info.html
ERR: 非法操作:info

[ 2017-01-23T15:35:15+08:00 ] ::1 /myshop/shop/index.php/Admin/index/info.html
ERR: 非法操作:info

[ 2017-01-23T15:35:49+08:00 ] ::1 /myshop/shop/index.php/Admin/index/info.html
ERR: 非法操作:info

[ 2017-01-23T15:36:37+08:00 ] ::1 /myshop/shop/index.php/Admin/index/info.html
ERR: 非法操作:info

[ 2017-01-23T15:36:46+08:00 ] ::1 /myshop/shop/index.php/Admin/index/info.html
ERR: 非法操作:info

[ 2017-01-23T15:37:11+08:00 ] ::1 /myshop/shop/index.php/Admin/index/info.html
ERR: 非法操作:info

[ 2017-01-23T15:39:18+08:00 ] ::1 /myshop/shop/index.php/Admin/index/info.html
ERR: 非法操作:info

[ 2017-01-23T15:40:21+08:00 ] ::1 /myshop/shop/index.php/Admin/index/js/jquery.js
ERR: 非法操作:js

[ 2017-01-23T15:40:21+08:00 ] ::1 /myshop/shop/index.php/Admin/index/css/pintuer.css
ERR: 非法操作:css

[ 2017-01-23T15:40:21+08:00 ] ::1 /myshop/shop/index.php/Admin/index/css/admin.css
ERR: 非法操作:css

[ 2017-01-23T15:40:21+08:00 ] ::1 /myshop/shop/index.php/Admin/index/js/pintuer.js
ERR: 非法操作:js

[ 2017-01-23T15:40:49+08:00 ] ::1 /myshop/shop/index.php/Admin/index/js/jquery.js
ERR: 非法操作:js

[ 2017-01-23T15:40:49+08:00 ] ::1 /myshop/shop/index.php/Admin/index/css/pintuer.css
ERR: 非法操作:css

[ 2017-01-23T15:40:49+08:00 ] ::1 /myshop/shop/index.php/Admin/index/css/admin.css
ERR: 非法操作:css

[ 2017-01-23T15:40:49+08:00 ] ::1 /myshop/shop/index.php/Admin/index/js/pintuer.js
ERR: 非法操作:js

[ 2017-01-23T15:40:54+08:00 ] ::1 /myshop/shop/index.php/Admin/index/js/pintuer.js
ERR: 非法操作:js

[ 2017-01-23T15:40:54+08:00 ] ::1 /myshop/shop/index.php/Admin/index/css/admin.css
ERR: 非法操作:css

[ 2017-01-23T15:40:54+08:00 ] ::1 /myshop/shop/index.php/Admin/index/js/jquery.js
ERR: 非法操作:js

[ 2017-01-23T15:40:54+08:00 ] ::1 /myshop/shop/index.php/Admin/index/css/pintuer.css
ERR: 非法操作:css

[ 2017-01-23T15:40:54+08:00 ] ::1 /myshop/shop/index.php/Admin/index/js/pintuer.js
ERR: 非法操作:js

[ 2017-01-23T15:42:08+08:00 ] ::1 /myshop/shop/index.php/Admin/index/css/pintuer.css
ERR: 非法操作:css

[ 2017-01-23T15:42:08+08:00 ] ::1 /myshop/shop/index.php/Admin/index/js/jquery.js
ERR: 非法操作:js

[ 2017-01-23T15:42:08+08:00 ] ::1 /myshop/shop/index.php/Admin/index/js/pintuer.js
ERR: 非法操作:js

[ 2017-01-23T15:42:08+08:00 ] ::1 /myshop/shop/index.php/Admin/index/css/admin.css
ERR: 非法操作:css

[ 2017-01-23T15:42:08+08:00 ] ::1 /myshop/shop/index.php/Admin/index/js/pintuer.js
ERR: 非法操作:js

[ 2017-01-23T15:42:10+08:00 ] ::1 /myshop/shop/index.php/Admin/index/js/pintuer.js
ERR: 非法操作:js

[ 2017-01-23T15:42:10+08:00 ] ::1 /myshop/shop/index.php/Admin/index/css/admin.css
ERR: 非法操作:css

[ 2017-01-23T15:42:10+08:00 ] ::1 /myshop/shop/index.php/Admin/index/js/jquery.js
ERR: 非法操作:js

[ 2017-01-23T15:42:10+08:00 ] ::1 /myshop/shop/index.php/Admin/index/css/pintuer.css
ERR: 非法操作:css

[ 2017-01-23T15:42:10+08:00 ] ::1 /myshop/shop/index.php/Admin/index/js/pintuer.js
ERR: 非法操作:js

[ 2017-01-23T15:42:36+08:00 ] ::1 /myshop/shop/index.php/Admin/index/css/pintuer.css
ERR: 非法操作:css

[ 2017-01-23T15:42:36+08:00 ] ::1 /myshop/shop/index.php/Admin/index/js/pintuer.js
ERR: 非法操作:js

[ 2017-01-23T15:42:36+08:00 ] ::1 /myshop/shop/index.php/Admin/index/css/admin.css
ERR: 非法操作:css

[ 2017-01-23T15:42:36+08:00 ] ::1 /myshop/shop/index.php/Admin/index/js/jquery.js
ERR: 非法操作:js

[ 2017-01-23T15:42:36+08:00 ] ::1 /myshop/shop/index.php/Admin/index/js/pintuer.js
ERR: 非法操作:js

[ 2017-01-23T15:42:38+08:00 ] ::1 /myshop/shop/index.php/Admin/index/css/admin.css
ERR: 非法操作:css

[ 2017-01-23T15:42:38+08:00 ] ::1 /myshop/shop/index.php/Admin/index/css/pintuer.css
ERR: 非法操作:css

[ 2017-01-23T15:42:38+08:00 ] ::1 /myshop/shop/index.php/Admin/index/js/pintuer.js
ERR: 非法操作:js

[ 2017-01-23T15:42:38+08:00 ] ::1 /myshop/shop/index.php/Admin/index/js/jquery.js
ERR: 非法操作:js

[ 2017-01-23T15:42:38+08:00 ] ::1 /myshop/shop/index.php/Admin/index/js/pintuer.js
ERR: 非法操作:js

[ 2017-01-23T15:42:51+08:00 ] ::1 /myshop/shop/index.php/Admin/index/css/admin.css
ERR: 非法操作:css

[ 2017-01-23T15:42:51+08:00 ] ::1 /myshop/shop/index.php/Admin/index/js/pintuer.js
ERR: 非法操作:js

[ 2017-01-23T15:42:51+08:00 ] ::1 /myshop/shop/index.php/Admin/index/css/pintuer.css
ERR: 非法操作:css

[ 2017-01-23T15:42:51+08:00 ] ::1 /myshop/shop/index.php/Admin/index/js/jquery.js
ERR: 非法操作:js

[ 2017-01-23T15:42:51+08:00 ] ::1 /myshop/shop/index.php/Admin/index/js/pintuer.js
ERR: 非法操作:js

[ 2017-01-23T15:42:54+08:00 ] ::1 /myshop/shop/index.php/Admin/index/js/pintuer.js
ERR: 非法操作:js

[ 2017-01-23T15:42:54+08:00 ] ::1 /myshop/shop/index.php/Admin/index/css/pintuer.css
ERR: 非法操作:css

[ 2017-01-23T15:42:54+08:00 ] ::1 /myshop/shop/index.php/Admin/index/css/admin.css
ERR: 非法操作:css

[ 2017-01-23T15:42:54+08:00 ] ::1 /myshop/shop/index.php/Admin/index/js/jquery.js
ERR: 非法操作:js

[ 2017-01-23T15:42:54+08:00 ] ::1 /myshop/shop/index.php/Admin/index/js/pintuer.js
ERR: 非法操作:js

[ 2017-01-23T15:51:23+08:00 ] ::1 /myshop/shop/index.php/Admin/index/css/pintuer.css
ERR: 非法操作:css

[ 2017-01-23T15:51:23+08:00 ] ::1 /myshop/shop/index.php/Admin/index/js/jquery.js
ERR: 非法操作:js

[ 2017-01-23T15:51:23+08:00 ] ::1 /myshop/shop/index.php/Admin/index/css/admin.css
ERR: 非法操作:css

[ 2017-01-23T15:51:23+08:00 ] ::1 /myshop/shop/index.php/Admin/index/js/pintuer.js
ERR: 非法操作:js

[ 2017-01-23T15:51:23+08:00 ] ::1 /myshop/shop/index.php/Admin/index/js/pintuer.js
ERR: 非法操作:js

[ 2017-01-23T15:51:25+08:00 ] ::1 /myshop/shop/index.php/Admin/index/js/pintuer.js
ERR: 非法操作:js

[ 2017-01-23T15:51:25+08:00 ] ::1 /myshop/shop/index.php/Admin/index/css/pintuer.css
ERR: 非法操作:css

[ 2017-01-23T15:51:25+08:00 ] ::1 /myshop/shop/index.php/Admin/index/js/jquery.js
ERR: 非法操作:js

[ 2017-01-23T15:51:25+08:00 ] ::1 /myshop/shop/index.php/Admin/index/css/admin.css
ERR: 非法操作:css

[ 2017-01-23T15:51:25+08:00 ] ::1 /myshop/shop/index.php/Admin/index/js/pintuer.js
ERR: 非法操作:js

[ 2017-01-23T15:51:53+08:00 ] ::1 /myshop/shop/index.php/Admin/index/js/pintuer.js
ERR: 非法操作:js

[ 2017-01-23T15:51:53+08:00 ] ::1 /myshop/shop/index.php/Admin/index/js/jquery.js
ERR: 非法操作:js

[ 2017-01-23T15:51:53+08:00 ] ::1 /myshop/shop/index.php/Admin/index/css/pintuer.css
ERR: 非法操作:css

[ 2017-01-23T15:51:53+08:00 ] ::1 /myshop/shop/index.php/Admin/index/css/admin.css
ERR: 非法操作:css

[ 2017-01-23T15:51:53+08:00 ] ::1 /myshop/shop/index.php/Admin/index/js/pintuer.js
ERR: 非法操作:js

[ 2017-01-23T15:51:55+08:00 ] ::1 /myshop/shop/index.php/Admin/index/css/admin.css
ERR: 非法操作:css

[ 2017-01-23T15:51:55+08:00 ] ::1 /myshop/shop/index.php/Admin/index/css/pintuer.css
ERR: 非法操作:css

[ 2017-01-23T15:51:55+08:00 ] ::1 /myshop/shop/index.php/Admin/index/js/pintuer.js
ERR: 非法操作:js

[ 2017-01-23T15:51:55+08:00 ] ::1 /myshop/shop/index.php/Admin/index/js/jquery.js
ERR: 非法操作:js

[ 2017-01-23T15:51:55+08:00 ] ::1 /myshop/shop/index.php/Admin/index/js/pintuer.js
ERR: 非法操作:js

[ 2017-01-23T15:51:58+08:00 ] ::1 /myshop/shop/index.php/Admin/index/css/admin.css
ERR: 非法操作:css

[ 2017-01-23T15:51:58+08:00 ] ::1 /myshop/shop/index.php/Admin/index/css/pintuer.css
ERR: 非法操作:css

[ 2017-01-23T15:51:58+08:00 ] ::1 /myshop/shop/index.php/Admin/index/js/pintuer.js
ERR: 非法操作:js

[ 2017-01-23T15:51:58+08:00 ] ::1 /myshop/shop/index.php/Admin/index/js/jquery.js
ERR: 非法操作:js

[ 2017-01-23T15:51:58+08:00 ] ::1 /myshop/shop/index.php/Admin/index/js/pintuer.js
ERR: 非法操作:js

[ 2017-01-23T15:52:01+08:00 ] ::1 /myshop/shop/index.php/Admin/index/js/jquery.js
ERR: 非法操作:js

[ 2017-01-23T15:52:01+08:00 ] ::1 /myshop/shop/index.php/Admin/index/css/admin.css
ERR: 非法操作:css

[ 2017-01-23T15:52:01+08:00 ] ::1 /myshop/shop/index.php/Admin/index/js/pintuer.js
ERR: 非法操作:js

[ 2017-01-23T15:52:01+08:00 ] ::1 /myshop/shop/index.php/Admin/index/css/pintuer.css
ERR: 非法操作:css

[ 2017-01-23T15:52:01+08:00 ] ::1 /myshop/shop/index.php/Admin/index/js/pintuer.js
ERR: 非法操作:js

[ 2017-01-23T15:52:03+08:00 ] ::1 /myshop/shop/index.php/Admin/index/css/pintuer.css
ERR: 非法操作:css

[ 2017-01-23T15:52:03+08:00 ] ::1 /myshop/shop/index.php/Admin/index/css/admin.css
ERR: 非法操作:css

[ 2017-01-23T15:52:03+08:00 ] ::1 /myshop/shop/index.php/Admin/index/js/pintuer.js
ERR: 非法操作:js

[ 2017-01-23T15:52:03+08:00 ] ::1 /myshop/shop/index.php/Admin/index/js/jquery.js
ERR: 非法操作:js

[ 2017-01-23T15:52:03+08:00 ] ::1 /myshop/shop/index.php/Admin/index/js/pintuer.js
ERR: 非法操作:js

[ 2017-01-23T15:52:06+08:00 ] ::1 /myshop/shop/index.php/Admin/index/css/admin.css
ERR: 非法操作:css

[ 2017-01-23T15:52:06+08:00 ] ::1 /myshop/shop/index.php/Admin/index/js/jquery.js
ERR: 非法操作:js

[ 2017-01-23T15:52:06+08:00 ] ::1 /myshop/shop/index.php/Admin/index/css/pintuer.css
ERR: 非法操作:css

[ 2017-01-23T15:52:06+08:00 ] ::1 /myshop/shop/index.php/Admin/index/js/pintuer.js
ERR: 非法操作:js

[ 2017-01-23T15:52:28+08:00 ] ::1 /myshop/shop/index.php/Admin/index/js/pintuer.js
ERR: 非法操作:js

[ 2017-01-23T15:52:28+08:00 ] ::1 /myshop/shop/index.php/Admin/index/js/jquery.js
ERR: 非法操作:js

[ 2017-01-23T15:52:28+08:00 ] ::1 /myshop/shop/index.php/Admin/index/css/admin.css
ERR: 非法操作:css

[ 2017-01-23T15:52:28+08:00 ] ::1 /myshop/shop/index.php/Admin/index/css/pintuer.css
ERR: 非法操作:css

[ 2017-01-23T15:52:28+08:00 ] ::1 /myshop/shop/index.php/Admin/index/js/pintuer.js
ERR: 非法操作:js

[ 2017-01-23T15:52:39+08:00 ] ::1 /myshop/shop/index.php/Admin/index/js/jquery.js
ERR: 非法操作:js

[ 2017-01-23T15:52:39+08:00 ] ::1 /myshop/shop/index.php/Admin/index/css/admin.css
ERR: 非法操作:css

[ 2017-01-23T15:52:39+08:00 ] ::1 /myshop/shop/index.php/Admin/index/js/pintuer.js
ERR: 非法操作:js

[ 2017-01-23T15:52:39+08:00 ] ::1 /myshop/shop/index.php/Admin/index/css/pintuer.css
ERR: 非法操作:css

[ 2017-01-23T15:52:39+08:00 ] ::1 /myshop/shop/index.php/Admin/index/js/pintuer.js
ERR: 非法操作:js

[ 2017-01-23T15:53:19+08:00 ] ::1 /myshop/shop/index.php/Admin/index/js/jquery.js
ERR: 非法操作:js

[ 2017-01-23T15:53:19+08:00 ] ::1 /myshop/shop/index.php/Admin/index/js/pintuer.js
ERR: 非法操作:js

[ 2017-01-23T15:53:19+08:00 ] ::1 /myshop/shop/index.php/Admin/index/css/admin.css
ERR: 非法操作:css

[ 2017-01-23T15:53:19+08:00 ] ::1 /myshop/shop/index.php/Admin/index/css/pintuer.css
ERR: 非法操作:css

[ 2017-01-23T15:53:19+08:00 ] ::1 /myshop/shop/index.php/Admin/index/js/pintuer.js
ERR: 非法操作:js

[ 2017-01-23T15:53:22+08:00 ] ::1 /myshop/shop/index.php/Admin/index/js/pintuer.js
ERR: 非法操作:js

[ 2017-01-23T15:53:22+08:00 ] ::1 /myshop/shop/index.php/Admin/index/js/jquery.js
ERR: 非法操作:js

[ 2017-01-23T15:53:22+08:00 ] ::1 /myshop/shop/index.php/Admin/index/css/pintuer.css
ERR: 非法操作:css

[ 2017-01-23T15:53:22+08:00 ] ::1 /myshop/shop/index.php/Admin/index/css/admin.css
ERR: 非法操作:css

[ 2017-01-23T15:53:22+08:00 ] ::1 /myshop/shop/index.php/Admin/index/js/pintuer.js
ERR: 非法操作:js

[ 2017-01-23T15:53:22+08:00 ] ::1 /myshop/shop/index.php/Admin/index/css/admin.css
ERR: 非法操作:css

[ 2017-01-23T15:53:22+08:00 ] ::1 /myshop/shop/index.php/Admin/index/js/jquery.js
ERR: 非法操作:js

[ 2017-01-23T15:53:22+08:00 ] ::1 /myshop/shop/index.php/Admin/index/css/pintuer.css
ERR: 非法操作:css

[ 2017-01-23T15:53:22+08:00 ] ::1 /myshop/shop/index.php/Admin/index/js/pintuer.js
ERR: 非法操作:js

[ 2017-01-23T15:53:50+08:00 ] ::1 /myshop/shop/index.php/Admin/index/js/jquery.js
ERR: 非法操作:js

[ 2017-01-23T15:53:50+08:00 ] ::1 /myshop/shop/index.php/Admin/index/css/pintuer.css
ERR: 非法操作:css

[ 2017-01-23T15:53:50+08:00 ] ::1 /myshop/shop/index.php/Admin/index/css/admin.css
ERR: 非法操作:css

[ 2017-01-23T15:53:50+08:00 ] ::1 /myshop/shop/index.php/Admin/index/js/pintuer.js
ERR: 非法操作:js

[ 2017-01-23T15:54:32+08:00 ] ::1 /myshop/shop/index.php/Admin/index/js/jquery.js
ERR: 非法操作:js

[ 2017-01-23T15:54:32+08:00 ] ::1 /myshop/shop/index.php/Admin/index/css/pintuer.css
ERR: 非法操作:css

[ 2017-01-23T15:54:32+08:00 ] ::1 /myshop/shop/index.php/Admin/index/css/admin.css
ERR: 非法操作:css

[ 2017-01-23T15:54:32+08:00 ] ::1 /myshop/shop/index.php/Admin/index/js/pintuer.js
ERR: 非法操作:js

[ 2017-01-23T15:54:37+08:00 ] ::1 /myshop/shop/index.php/Admin/index/js/pintuer.js
ERR: 非法操作:js

[ 2017-01-23T15:54:37+08:00 ] ::1 /myshop/shop/index.php/Admin/index/js/jquery.js
ERR: 非法操作:js

[ 2017-01-23T15:54:37+08:00 ] ::1 /myshop/shop/index.php/Admin/index/css/admin.css
ERR: 非法操作:css

[ 2017-01-23T15:54:37+08:00 ] ::1 /myshop/shop/index.php/Admin/index/css/pintuer.css
ERR: 非法操作:css

[ 2017-01-23T15:54:37+08:00 ] ::1 /myshop/shop/index.php/Admin/index/js/pintuer.js
ERR: 非法操作:js

[ 2017-01-23T15:54:43+08:00 ] ::1 /myshop/shop/index.php/Admin/index/css/pintuer.css
ERR: 非法操作:css

[ 2017-01-23T15:54:43+08:00 ] ::1 /myshop/shop/index.php/Admin/index/js/jquery.js
ERR: 非法操作:js

[ 2017-01-23T15:54:43+08:00 ] ::1 /myshop/shop/index.php/Admin/index/js/pintuer.js
ERR: 非法操作:js

[ 2017-01-23T15:54:43+08:00 ] ::1 /myshop/shop/index.php/Admin/index/css/admin.css
ERR: 非法操作:css

[ 2017-01-23T15:54:43+08:00 ] ::1 /myshop/shop/index.php/Admin/index/js/pintuer.js
ERR: 非法操作:js

[ 2017-01-23T15:54:51+08:00 ] ::1 /myshop/shop/index.php/Admin/index/js/jquery.js
ERR: 非法操作:js

[ 2017-01-23T15:54:51+08:00 ] ::1 /myshop/shop/index.php/Admin/index/css/pintuer.css
ERR: 非法操作:css

[ 2017-01-23T15:54:51+08:00 ] ::1 /myshop/shop/index.php/Admin/index/js/pintuer.js
ERR: 非法操作:js

[ 2017-01-23T15:54:51+08:00 ] ::1 /myshop/shop/index.php/Admin/index/css/admin.css
ERR: 非法操作:css

[ 2017-01-23T15:54:51+08:00 ] ::1 /myshop/shop/index.php/Admin/index/js/pintuer.js
ERR: 非法操作:js

[ 2017-01-23T15:55:07+08:00 ] ::1 /myshop/shop/index.php/Admin/index/css/admin.css
ERR: 非法操作:css

[ 2017-01-23T15:55:07+08:00 ] ::1 /myshop/shop/index.php/Admin/index/js/pintuer.js
ERR: 非法操作:js

[ 2017-01-23T15:55:07+08:00 ] ::1 /myshop/shop/index.php/Admin/index/css/pintuer.css
ERR: 非法操作:css

[ 2017-01-23T15:55:07+08:00 ] ::1 /myshop/shop/index.php/Admin/index/js/jquery.js
ERR: 非法操作:js

[ 2017-01-23T15:55:07+08:00 ] ::1 /myshop/shop/index.php/Admin/index/js/pintuer.js
ERR: 非法操作:js

[ 2017-01-23T15:55:40+08:00 ] ::1 /myshop/shop/index.php/Admin/index/css/admin.css
ERR: 非法操作:css

[ 2017-01-23T15:55:40+08:00 ] ::1 /myshop/shop/index.php/Admin/index/css/pintuer.css
ERR: 非法操作:css

[ 2017-01-23T15:55:40+08:00 ] ::1 /myshop/shop/index.php/Admin/index/js/jquery.js
ERR: 非法操作:js

[ 2017-01-23T15:55:40+08:00 ] ::1 /myshop/shop/index.php/Admin/index/js/pintuer.js
ERR: 非法操作:js

[ 2017-01-23T15:58:12+08:00 ] ::1 /myshop/shop/index.php/Admin/index/css/pintuer.css
ERR: 非法操作:css

[ 2017-01-23T15:58:12+08:00 ] ::1 /myshop/shop/index.php/Admin/index/css/admin.css
ERR: 非法操作:css

[ 2017-01-23T15:58:12+08:00 ] ::1 /myshop/shop/index.php/Admin/index/js/jquery.js
ERR: 非法操作:js

[ 2017-01-23T15:58:12+08:00 ] ::1 /myshop/shop/index.php/Admin/index/js/pintuer.js
ERR: 非法操作:js

[ 2017-01-23T15:58:41+08:00 ] ::1 /myshop/shop/index.php/Admin/index/css/pintuer.css
ERR: 非法操作:css

[ 2017-01-23T15:58:41+08:00 ] ::1 /myshop/shop/index.php/Admin/index/js/pintuer.js
ERR: 非法操作:js

[ 2017-01-23T15:58:41+08:00 ] ::1 /myshop/shop/index.php/Admin/index/css/admin.css
ERR: 非法操作:css

[ 2017-01-23T15:58:41+08:00 ] ::1 /myshop/shop/index.php/Admin/index/js/jquery.js
ERR: 非法操作:js

[ 2017-01-23T15:58:41+08:00 ] ::1 /myshop/shop/index.php/Admin/index/js/pintuer.js
ERR: 非法操作:js

[ 2017-01-23T15:59:08+08:00 ] ::1 /myshop/shop/index.php/Admin/index/css/pintuer.css
ERR: 非法操作:css

[ 2017-01-23T15:59:08+08:00 ] ::1 /myshop/shop/index.php/Admin/index/css/admin.css
ERR: 非法操作:css

[ 2017-01-23T15:59:08+08:00 ] ::1 /myshop/shop/index.php/Admin/index/js/pintuer.js
ERR: 非法操作:js

[ 2017-01-23T15:59:08+08:00 ] ::1 /myshop/shop/index.php/Admin/index/js/jquery.js
ERR: 非法操作:js

[ 2017-01-23T15:59:08+08:00 ] ::1 /myshop/shop/index.php/Admin/index/js/pintuer.js
ERR: 非法操作:js

[ 2017-01-23T15:59:10+08:00 ] ::1 /myshop/shop/index.php/Admin/Index/show
ERR: 非法操作:show

[ 2017-01-23T15:59:54+08:00 ] ::1 /myshop/shop/index.php/Admin/index/js/jquery.js
ERR: 非法操作:js

[ 2017-01-23T15:59:54+08:00 ] ::1 /myshop/shop/index.php/Admin/index/js/pintuer.js
ERR: 非法操作:js

[ 2017-01-23T15:59:54+08:00 ] ::1 /myshop/shop/index.php/Admin/index/css/admin.css
ERR: 非法操作:css

[ 2017-01-23T15:59:54+08:00 ] ::1 /myshop/shop/index.php/Admin/index/css/pintuer.css
ERR: 非法操作:css

[ 2017-01-23T15:59:54+08:00 ] ::1 /myshop/shop/index.php/Admin/index/js/pintuer.js
ERR: 非法操作:js

[ 2017-01-23T16:00:18+08:00 ] ::1 /myshop/shop/index.php/Admin/index/css/admin.css
ERR: 非法操作:css

[ 2017-01-23T16:00:18+08:00 ] ::1 /myshop/shop/index.php/Admin/index/js/jquery.js
ERR: 非法操作:js

[ 2017-01-23T16:00:18+08:00 ] ::1 /myshop/shop/index.php/Admin/index/css/pintuer.css
ERR: 非法操作:css

[ 2017-01-23T16:00:18+08:00 ] ::1 /myshop/shop/index.php/Admin/index/js/pintuer.js
ERR: 非法操作:js

[ 2017-01-23T16:01:31+08:00 ] ::1 /myshop/shop/index.php/Admin/index/css/admin.css
ERR: 非法操作:css

[ 2017-01-23T16:01:31+08:00 ] ::1 /myshop/shop/index.php/Admin/index/js/jquery.js
ERR: 非法操作:js

[ 2017-01-23T16:01:31+08:00 ] ::1 /myshop/shop/index.php/Admin/index/css/pintuer.css
ERR: 非法操作:css

[ 2017-01-23T16:01:31+08:00 ] ::1 /myshop/shop/index.php/Admin/index/js/pintuer.js
ERR: 非法操作:js

[ 2017-01-23T16:01:38+08:00 ] ::1 /myshop/shop/index.php/Admin/CategoryController/show
ERR: 无法加载控制器:CategoryController

[ 2017-01-23T16:02:44+08:00 ] ::1 /myshop/shop/index.php/Admin/index/js/pintuer.js
ERR: 非法操作:js

[ 2017-01-23T16:02:44+08:00 ] ::1 /myshop/shop/index.php/Admin/index/css/admin.css
ERR: 非法操作:css

[ 2017-01-23T16:02:44+08:00 ] ::1 /myshop/shop/index.php/Admin/index/css/pintuer.css
ERR: 非法操作:css

[ 2017-01-23T16:02:44+08:00 ] ::1 /myshop/shop/index.php/Admin/index/js/jquery.js
ERR: 非法操作:js

[ 2017-01-23T16:02:44+08:00 ] ::1 /myshop/shop/index.php/Admin/index/js/pintuer.js
ERR: 非法操作:js

[ 2017-01-23T16:02:54+08:00 ] ::1 /myshop/shop/index.php/Admin/index/css/admin.css
ERR: 非法操作:css

[ 2017-01-23T16:02:54+08:00 ] ::1 /myshop/shop/index.php/Admin/index/css/pintuer.css
ERR: 非法操作:css

[ 2017-01-23T16:02:54+08:00 ] ::1 /myshop/shop/index.php/Admin/index/js/jquery.js
ERR: 非法操作:js

[ 2017-01-23T16:02:54+08:00 ] ::1 /myshop/shop/index.php/Admin/index/js/pintuer.js
ERR: 非法操作:js

[ 2017-01-23T16:03:53+08:00 ] ::1 /myshop/shop/index.php/Admin/index/css/admin.css
ERR: 非法操作:css

[ 2017-01-23T16:03:53+08:00 ] ::1 /myshop/shop/index.php/Admin/index/js/jquery.js
ERR: 非法操作:js

[ 2017-01-23T16:03:53+08:00 ] ::1 /myshop/shop/index.php/Admin/index/css/pintuer.css
ERR: 非法操作:css

[ 2017-01-23T16:03:53+08:00 ] ::1 /myshop/shop/index.php/Admin/index/js/pintuer.js
ERR: 非法操作:js

[ 2017-01-23T16:04:30+08:00 ] ::1 /myshop/shop/index.php/Admin/index/css/pintuer.css
ERR: 非法操作:css

[ 2017-01-23T16:04:30+08:00 ] ::1 /myshop/shop/index.php/Admin/index/js/pintuer.js
ERR: 非法操作:js

[ 2017-01-23T16:04:30+08:00 ] ::1 /myshop/shop/index.php/Admin/index/js/jquery.js
ERR: 非法操作:js

[ 2017-01-23T16:04:30+08:00 ] ::1 /myshop/shop/index.php/Admin/index/css/admin.css
ERR: 非法操作:css

[ 2017-01-23T16:04:30+08:00 ] ::1 /myshop/shop/index.php/Admin/index/js/pintuer.js
ERR: 非法操作:js

[ 2017-01-23T16:05:00+08:00 ] ::1 /myshop/shop/index.php/Admin/index/css/pintuer.css
ERR: 非法操作:css

[ 2017-01-23T16:05:00+08:00 ] ::1 /myshop/shop/index.php/Admin/index/js/jquery.js
ERR: 非法操作:js

[ 2017-01-23T16:05:00+08:00 ] ::1 /myshop/shop/index.php/Admin/index/css/admin.css
ERR: 非法操作:css

[ 2017-01-23T16:05:00+08:00 ] ::1 /myshop/shop/index.php/Admin/index/js/pintuer.js
ERR: 非法操作:js

[ 2017-01-23T16:05:28+08:00 ] ::1 /myshop/shop/index.php/Admin/index/css/admin.css
ERR: 非法操作:css

[ 2017-01-23T16:05:28+08:00 ] ::1 /myshop/shop/index.php/Admin/index/css/pintuer.css
ERR: 非法操作:css

[ 2017-01-23T16:10:37+08:00 ] ::1 /myshop/shop/index.php/Admin/index/js/jquery.js
ERR: 非法操作:js

[ 2017-01-23T16:10:37+08:00 ] ::1 /myshop/shop/index.php/Admin/index/css/admin.css
ERR: 非法操作:css

[ 2017-01-23T16:10:37+08:00 ] ::1 /myshop/shop/index.php/Admin/index/js/pintuer.js
ERR: 非法操作:js

[ 2017-01-23T16:10:37+08:00 ] ::1 /myshop/shop/index.php/Admin/index/css/pintuer.css
ERR: 非法操作:css

[ 2017-01-23T16:10:37+08:00 ] ::1 /myshop/shop/index.php/Admin/index/js/pintuer.js
ERR: 非法操作:js

[ 2017-01-23T16:11:06+08:00 ] ::1 /myshop/shop/index.php/Admin/index/css/admin.css
ERR: 非法操作:css

[ 2017-01-23T16:11:06+08:00 ] ::1 /myshop/shop/index.php/Admin/index/js/pintuer.js
ERR: 非法操作:js

[ 2017-01-23T16:11:06+08:00 ] ::1 /myshop/shop/index.php/Admin/index/js/jquery.js
ERR: 非法操作:js

[ 2017-01-23T16:11:06+08:00 ] ::1 /myshop/shop/index.php/Admin/index/css/pintuer.css
ERR: 非法操作:css

[ 2017-01-23T16:11:06+08:00 ] ::1 /myshop/shop/index.php/Admin/index/js/pintuer.js
ERR: 非法操作:js

[ 2017-01-23T16:12:23+08:00 ] ::1 /myshop/shop/index.php/Admin/index/js/jquery.js
ERR: 非法操作:js

[ 2017-01-23T16:12:23+08:00 ] ::1 /myshop/shop/index.php/Admin/index/css/admin.css
ERR: 非法操作:css

[ 2017-01-23T16:12:23+08:00 ] ::1 /myshop/shop/index.php/Admin/index/js/pintuer.js
ERR: 非法操作:js

[ 2017-01-23T16:12:23+08:00 ] ::1 /myshop/shop/index.php/Admin/index/css/pintuer.css
ERR: 非法操作:css

[ 2017-01-23T16:12:23+08:00 ] ::1 /myshop/shop/index.php/Admin/index/js/pintuer.js
ERR: 非法操作:js

[ 2017-01-23T16:12:34+08:00 ] ::1 /myshop/shop/index.php/Admin/index/css/pintuer.css
ERR: 非法操作:css

[ 2017-01-23T16:12:34+08:00 ] ::1 /myshop/shop/index.php/Admin/index/js/pintuer.js
ERR: 非法操作:js

[ 2017-01-23T16:12:34+08:00 ] ::1 /myshop/shop/index.php/Admin/index/js/jquery.js
ERR: 非法操作:js

[ 2017-01-23T16:12:34+08:00 ] ::1 /myshop/shop/index.php/Admin/index/css/admin.css
ERR: 非法操作:css

[ 2017-01-23T16:12:34+08:00 ] ::1 /myshop/shop/index.php/Admin/index/js/pintuer.js
ERR: 非法操作:js

[ 2017-01-23T16:15:36+08:00 ] ::1 /myshop/shop/index.php/Admin/index/css/pintuer.css
ERR: 非法操作:css

[ 2017-01-23T16:15:36+08:00 ] ::1 /myshop/shop/index.php/Admin/index/js/jquery.js
ERR: 非法操作:js

[ 2017-01-23T16:15:36+08:00 ] ::1 /myshop/shop/index.php/Admin/index/js/pintuer.js
ERR: 非法操作:js

[ 2017-01-23T16:15:36+08:00 ] ::1 /myshop/shop/index.php/Admin/index/css/admin.css
ERR: 非法操作:css

[ 2017-01-23T16:15:36+08:00 ] ::1 /myshop/shop/index.php/Admin/index/js/pintuer.js
ERR: 非法操作:js

[ 2017-01-23T16:16:21+08:00 ] ::1 /myshop/shop/index.php/Admin/index/js/pintuer.js
ERR: 非法操作:js

[ 2017-01-23T16:16:21+08:00 ] ::1 /myshop/shop/index.php/Admin/index/css/admin.css
ERR: 非法操作:css

[ 2017-01-23T16:16:21+08:00 ] ::1 /myshop/shop/index.php/Admin/index/css/pintuer.css
ERR: 非法操作:css

[ 2017-01-23T16:16:21+08:00 ] ::1 /myshop/shop/index.php/Admin/index/js/jquery.js
ERR: 非法操作:js

[ 2017-01-23T16:16:21+08:00 ] ::1 /myshop/shop/index.php/Admin/index/js/pintuer.js
ERR: 非法操作:js

[ 2017-01-23T16:18:36+08:00 ] ::1 /myshop/shop/index.php/Admin/index/js/pintuer.js
ERR: 非法操作:js

[ 2017-01-23T16:18:36+08:00 ] ::1 /myshop/shop/index.php/Admin/index/css/admin.css
ERR: 非法操作:css

[ 2017-01-23T16:18:36+08:00 ] ::1 /myshop/shop/index.php/Admin/index/js/jquery.js
ERR: 非法操作:js

[ 2017-01-23T16:18:36+08:00 ] ::1 /myshop/shop/index.php/Admin/index/css/pintuer.css
ERR: 非法操作:css

[ 2017-01-23T16:18:36+08:00 ] ::1 /myshop/shop/index.php/Admin/index/js/pintuer.js
ERR: 非法操作:js

[ 2017-01-23T16:19:12+08:00 ] ::1 /myshop/shop/index.php/Admin/index/css/admin.css
ERR: 非法操作:css

[ 2017-01-23T16:19:12+08:00 ] ::1 /myshop/shop/index.php/Admin/index/css/pintuer.css
ERR: 非法操作:css

[ 2017-01-23T16:19:12+08:00 ] ::1 /myshop/shop/index.php/Admin/index/js/pintuer.js
ERR: 非法操作:js

[ 2017-01-23T16:19:12+08:00 ] ::1 /myshop/shop/index.php/Admin/index/js/jquery.js
ERR: 非法操作:js

[ 2017-01-23T16:19:12+08:00 ] ::1 /myshop/shop/index.php/Admin/index/js/pintuer.js
ERR: 非法操作:js

[ 2017-01-23T16:19:23+08:00 ] ::1 /myshop/shop/index.php/Admin/index/css/pintuer.css
ERR: 非法操作:css

[ 2017-01-23T16:19:23+08:00 ] ::1 /myshop/shop/index.php/Admin/index/css/admin.css
ERR: 非法操作:css

[ 2017-01-23T16:19:23+08:00 ] ::1 /myshop/shop/index.php/Admin/index/js/jquery.js
ERR: 非法操作:js

[ 2017-01-23T16:19:23+08:00 ] ::1 /myshop/shop/index.php/Admin/index/js/pintuer.js
ERR: 非法操作:js

[ 2017-01-23T16:19:55+08:00 ] ::1 /myshop/shop/index.php/Admin/index/css/pintuer.css
ERR: 非法操作:css

[ 2017-01-23T16:19:55+08:00 ] ::1 /myshop/shop/index.php/Admin/index/css/admin.css
ERR: 非法操作:css

[ 2017-01-23T16:19:55+08:00 ] ::1 /myshop/shop/index.php/Admin/index/js/jquery.js
ERR: 非法操作:js

[ 2017-01-23T16:19:55+08:00 ] ::1 /myshop/shop/index.php/Admin/index/js/pintuer.js
ERR: 非法操作:js

[ 2017-01-23T16:19:59+08:00 ] ::1 /myshop/shop/index.php/Admin/index/js/pintuer.js
ERR: 非法操作:js

[ 2017-01-23T16:19:59+08:00 ] ::1 /myshop/shop/index.php/Admin/index/css/pintuer.css
ERR: 非法操作:css

[ 2017-01-23T16:19:59+08:00 ] ::1 /myshop/shop/index.php/Admin/index/css/admin.css
ERR: 非法操作:css

[ 2017-01-23T16:19:59+08:00 ] ::1 /myshop/shop/index.php/Admin/index/js/jquery.js
ERR: 非法操作:js

[ 2017-01-23T16:19:59+08:00 ] ::1 /myshop/shop/index.php/Admin/index/js/pintuer.js
ERR: 非法操作:js

[ 2017-01-23T16:20:02+08:00 ] ::1 /myshop/shop/index.php/Admin/CategoryController/show
ERR: 无法加载控制器:CategoryController

[ 2017-01-23T16:23:04+08:00 ] ::1 /myshop/shop/index.php/Admin/index/css/admin.css
ERR: 非法操作:css

[ 2017-01-23T16:23:04+08:00 ] ::1 /myshop/shop/index.php/Admin/index/js/jquery.js
ERR: 非法操作:js

[ 2017-01-23T16:23:04+08:00 ] ::1 /myshop/shop/index.php/Admin/index/css/pintuer.css
ERR: 非法操作:css

[ 2017-01-23T16:23:04+08:00 ] ::1 /myshop/shop/index.php/Admin/index/js/pintuer.js
ERR: 非法操作:js

[ 2017-01-23T16:23:06+08:00 ] ::1 /myshop/shop/index.php/Admin/categorycontroller/show
ERR: 无法加载控制器:Categorycontroller

[ 2017-01-23T16:23:32+08:00 ] ::1 /myshop/shop/index.php/Admin/index/css/pintuer.css
ERR: 非法操作:css

[ 2017-01-23T16:23:32+08:00 ] ::1 /myshop/shop/index.php/Admin/index/js/jquery.js
ERR: 非法操作:js

[ 2017-01-23T16:23:32+08:00 ] ::1 /myshop/shop/index.php/Admin/index/js/pintuer.js
ERR: 非法操作:js

[ 2017-01-23T16:23:32+08:00 ] ::1 /myshop/shop/index.php/Admin/index/css/admin.css
ERR: 非法操作:css

[ 2017-01-23T16:23:32+08:00 ] ::1 /myshop/shop/index.php/Admin/index/js/pintuer.js
ERR: 非法操作:js

[ 2017-01-23T16:23:34+08:00 ] ::1 /myshop/shop/index.php/Admin/CategoryController/show
ERR: 无法加载控制器:CategoryController

[ 2017-01-23T16:25:27+08:00 ] ::1 /myshop/shop/index.php/Admin/index/css/pintuer.css
ERR: 非法操作:css

[ 2017-01-23T16:25:27+08:00 ] ::1 /myshop/shop/index.php/Admin/index/js/pintuer.js
ERR: 非法操作:js

[ 2017-01-23T16:25:27+08:00 ] ::1 /myshop/shop/index.php/Admin/index/css/admin.css
ERR: 非法操作:css

[ 2017-01-23T16:25:27+08:00 ] ::1 /myshop/shop/index.php/Admin/index/js/jquery.js
ERR: 非法操作:js

[ 2017-01-23T16:25:27+08:00 ] ::1 /myshop/shop/index.php/Admin/index/js/pintuer.js
ERR: 非法操作:js

[ 2017-01-23T16:25:30+08:00 ] ::1 /myshop/shop/index.php/admin/CategoryController/show
ERR: 无法加载控制器:CategoryController

[ 2017-01-23T16:25:37+08:00 ] ::1 /myshop/shop/index.php/Admin/index/css/admin.css
ERR: 非法操作:css

[ 2017-01-23T16:25:37+08:00 ] ::1 /myshop/shop/index.php/Admin/index/js/pintuer.js
ERR: 非法操作:js

[ 2017-01-23T16:25:37+08:00 ] ::1 /myshop/shop/index.php/Admin/index/js/jquery.js
ERR: 非法操作:js

[ 2017-01-23T16:25:37+08:00 ] ::1 /myshop/shop/index.php/Admin/index/css/pintuer.css
ERR: 非法操作:css

[ 2017-01-23T16:25:37+08:00 ] ::1 /myshop/shop/index.php/Admin/index/js/pintuer.js
ERR: 非法操作:js

[ 2017-01-23T16:25:38+08:00 ] ::1 /myshop/shop/index.php/Admin/CategoryController/show
ERR: 无法加载控制器:CategoryController

[ 2017-01-23T16:26:50+08:00 ] ::1 /myshop/shop/index.php/Admin/index/js/jquery.js
ERR: 非法操作:js

[ 2017-01-23T16:26:50+08:00 ] ::1 /myshop/shop/index.php/Admin/index/js/pintuer.js
ERR: 非法操作:js

[ 2017-01-23T16:26:50+08:00 ] ::1 /myshop/shop/index.php/Admin/index/css/admin.css
ERR: 非法操作:css

[ 2017-01-23T16:26:50+08:00 ] ::1 /myshop/shop/index.php/Admin/index/css/pintuer.css
ERR: 非法操作:css

[ 2017-01-23T16:26:50+08:00 ] ::1 /myshop/shop/index.php/Admin/index/js/pintuer.js
ERR: 非法操作:js

[ 2017-01-23T16:26:51+08:00 ] ::1 /myshop/shop/index.php/Admin/CategoryController/show
ERR: 无法加载控制器:CategoryController

[ 2017-01-23T16:27:43+08:00 ] ::1 /myshop/shop/index.php/Admin/index/css/admin.css
ERR: 非法操作:css

[ 2017-01-23T16:27:43+08:00 ] ::1 /myshop/shop/index.php/Admin/index/js/pintuer.js
ERR: 非法操作:js

[ 2017-01-23T16:27:43+08:00 ] ::1 /myshop/shop/index.php/Admin/index/js/jquery.js
ERR: 非法操作:js

[ 2017-01-23T16:27:43+08:00 ] ::1 /myshop/shop/index.php/Admin/index/css/pintuer.css
ERR: 非法操作:css

[ 2017-01-23T16:27:43+08:00 ] ::1 /myshop/shop/index.php/Admin/index/js/pintuer.js
ERR: 非法操作:js

[ 2017-01-23T16:27:44+08:00 ] ::1 /myshop/shop/index.php/Admin/CategoryController/show
ERR: 无法加载控制器:CategoryController

[ 2017-01-23T16:28:45+08:00 ] ::1 /myshop/shop/index.php/Admin/index/css/pintuer.css
ERR: 非法操作:css

[ 2017-01-23T16:28:45+08:00 ] ::1 /myshop/shop/index.php/Admin/index/css/admin.css
ERR: 非法操作:css

[ 2017-01-23T16:28:45+08:00 ] ::1 /myshop/shop/index.php/Admin/index/js/jquery.js
ERR: 非法操作:js

[ 2017-01-23T16:28:45+08:00 ] ::1 /myshop/shop/index.php/Admin/index/js/pintuer.js
ERR: 非法操作:js

[ 2017-01-23T16:28:46+08:00 ] ::1 /myshop/shop/index.php/Admin/CategoryController/show
ERR: 无法加载控制器:CategoryController

[ 2017-01-23T16:28:56+08:00 ] ::1 /myshop/shop/index.php/Admin/index/js/jquery.js
ERR: 非法操作:js

[ 2017-01-23T16:28:56+08:00 ] ::1 /myshop/shop/index.php/Admin/index/js/pintuer.js
ERR: 非法操作:js

[ 2017-01-23T16:28:56+08:00 ] ::1 /myshop/shop/index.php/Admin/index/css/pintuer.css
ERR: 非法操作:css

[ 2017-01-23T16:28:56+08:00 ] ::1 /myshop/shop/index.php/Admin/index/css/admin.css
ERR: 非法操作:css

[ 2017-01-23T16:28:56+08:00 ] ::1 /myshop/shop/index.php/Admin/index/js/pintuer.js
ERR: 非法操作:js

[ 2017-01-23T16:28:58+08:00 ] ::1 /myshop/shop/index.php/Admin/index/%7B/myshop/shop/index.php/Admin/CategoryController/show%7D
ERR: 非法操作:{

[ 2017-01-23T16:29:13+08:00 ] ::1 /myshop/shop/index.php/Admin/index/js/pintuer.js
ERR: 非法操作:js

[ 2017-01-23T16:29:13+08:00 ] ::1 /myshop/shop/index.php/Admin/index/css/pintuer.css
ERR: 非法操作:css

[ 2017-01-23T16:29:13+08:00 ] ::1 /myshop/shop/index.php/Admin/index/css/admin.css
ERR: 非法操作:css

[ 2017-01-23T16:29:13+08:00 ] ::1 /myshop/shop/index.php/Admin/index/js/jquery.js
ERR: 非法操作:js

[ 2017-01-23T16:29:13+08:00 ] ::1 /myshop/shop/index.php/Admin/index/js/pintuer.js
ERR: 非法操作:js

[ 2017-01-23T16:29:16+08:00 ] ::1 /myshop/shop/index.php/Admin/CategoryController/show
ERR: 无法加载控制器:CategoryController

[ 2017-01-23T16:30:19+08:00 ] ::1 /myshop/shop/index.php/Admin/index/js/jquery.js
ERR: 非法操作:js

[ 2017-01-23T16:30:19+08:00 ] ::1 /myshop/shop/index.php/Admin/index/js/pintuer.js
ERR: 非法操作:js

[ 2017-01-23T16:30:19+08:00 ] ::1 /myshop/shop/index.php/Admin/index/css/admin.css
ERR: 非法操作:css

[ 2017-01-23T16:30:19+08:00 ] ::1 /myshop/shop/index.php/Admin/index/css/pintuer.css
ERR: 非法操作:css

[ 2017-01-23T16:30:19+08:00 ] ::1 /myshop/shop/index.php/Admin/index/js/pintuer.js
ERR: 非法操作:js

[ 2017-01-23T16:30:35+08:00 ] ::1 /myshop/shop/index.php/Admin/index/js/jquery.js
ERR: 非法操作:js

[ 2017-01-23T16:30:35+08:00 ] ::1 /myshop/shop/index.php/Admin/index/css/pintuer.css
ERR: 非法操作:css

[ 2017-01-23T16:30:35+08:00 ] ::1 /myshop/shop/index.php/Admin/index/css/admin.css
ERR: 非法操作:css

[ 2017-01-23T16:30:35+08:00 ] ::1 /myshop/shop/index.php/Admin/index/js/pintuer.js
ERR: 非法操作:js

[ 2017-01-23T16:31:24+08:00 ] ::1 /myshop/shop/index.php/Admin/index/js/jquery.js
ERR: 非法操作:js

[ 2017-01-23T16:31:24+08:00 ] ::1 /myshop/shop/index.php/Admin/index/css/admin.css
ERR: 非法操作:css

[ 2017-01-23T16:31:24+08:00 ] ::1 /myshop/shop/index.php/Admin/index/js/pintuer.js
ERR: 非法操作:js

[ 2017-01-23T16:31:24+08:00 ] ::1 /myshop/shop/index.php/Admin/index/css/pintuer.css
ERR: 非法操作:css

[ 2017-01-23T16:31:24+08:00 ] ::1 /myshop/shop/index.php/Admin/index/js/pintuer.js
ERR: 非法操作:js

[ 2017-01-23T16:31:27+08:00 ] ::1 /myshop/shop/index.php/Admin/CategoryController/show
ERR: 无法加载控制器:CategoryController

[ 2017-01-23T16:31:34+08:00 ] ::1 /myshop/shop/index.php/Admin/index/js/jquery.js
ERR: 非法操作:js

[ 2017-01-23T16:31:34+08:00 ] ::1 /myshop/shop/index.php/Admin/index/css/admin.css
ERR: 非法操作:css

[ 2017-01-23T16:31:34+08:00 ] ::1 /myshop/shop/index.php/Admin/index/js/pintuer.js
ERR: 非法操作:js

[ 2017-01-23T16:31:34+08:00 ] ::1 /myshop/shop/index.php/Admin/index/css/pintuer.css
ERR: 非法操作:css

[ 2017-01-23T16:31:34+08:00 ] ::1 /myshop/shop/index.php/Admin/index/js/pintuer.js
ERR: 非法操作:js

[ 2017-01-23T16:31:37+08:00 ] ::1 /myshop/shop/index.php/Admin/index/css/admin.css
ERR: 非法操作:css

[ 2017-01-23T16:31:37+08:00 ] ::1 /myshop/shop/index.php/Admin/index/css/pintuer.css
ERR: 非法操作:css

[ 2017-01-23T16:31:37+08:00 ] ::1 /myshop/shop/index.php/Admin/index/js/jquery.js
ERR: 非法操作:js

[ 2017-01-23T16:31:37+08:00 ] ::1 /myshop/shop/index.php/Admin/index/js/pintuer.js
ERR: 非法操作:js

[ 2017-01-23T16:31:40+08:00 ] ::1 /myshop/shop/index.php/Admin/CategoryController/show
ERR: 无法加载控制器:CategoryController

[ 2017-01-23T16:33:45+08:00 ] ::1 /myshop/shop/index.php/Admin/index/js/pintuer.js
ERR: 非法操作:js

[ 2017-01-23T16:33:45+08:00 ] ::1 /myshop/shop/index.php/Admin/index/js/jquery.js
ERR: 非法操作:js

[ 2017-01-23T16:33:45+08:00 ] ::1 /myshop/shop/index.php/Admin/index/css/pintuer.css
ERR: 非法操作:css

[ 2017-01-23T16:33:45+08:00 ] ::1 /myshop/shop/index.php/Admin/index/css/admin.css
ERR: 非法操作:css

[ 2017-01-23T16:33:45+08:00 ] ::1 /myshop/shop/index.php/Admin/index/js/pintuer.js
ERR: 非法操作:js

[ 2017-01-23T16:33:56+08:00 ] ::1 /myshop/shop/index.php/Admin/index/css/admin.css
ERR: 非法操作:css

[ 2017-01-23T16:33:56+08:00 ] ::1 /myshop/shop/index.php/Admin/index/js/jquery.js
ERR: 非法操作:js

[ 2017-01-23T16:33:56+08:00 ] ::1 /myshop/shop/index.php/Admin/index/css/pintuer.css
ERR: 非法操作:css

[ 2017-01-23T16:33:56+08:00 ] ::1 /myshop/shop/index.php/Admin/index/js/pintuer.js
ERR: 非法操作:js

[ 2017-01-23T16:35:24+08:00 ] ::1 /myshop/shop/index.php/Admin/index/js/pintuer.js
ERR: 非法操作:js

[ 2017-01-23T16:35:24+08:00 ] ::1 /myshop/shop/index.php/Admin/index/css/admin.css
ERR: 非法操作:css

[ 2017-01-23T16:35:24+08:00 ] ::1 /myshop/shop/index.php/Admin/index/js/jquery.js
ERR: 非法操作:js

[ 2017-01-23T16:35:24+08:00 ] ::1 /myshop/shop/index.php/Admin/index/css/pintuer.css
ERR: 非法操作:css

[ 2017-01-23T16:35:24+08:00 ] ::1 /myshop/shop/index.php/Admin/index/js/pintuer.js
ERR: 非法操作:js

[ 2017-01-23T16:35:26+08:00 ] ::1 /myshop/shop/index.php/Admin/CategoryController/show
ERR: 无法加载控制器:CategoryController

[ 2017-01-23T16:36:50+08:00 ] ::1 /myshop/shop/index.php/Admin/index/css/pintuer.css
ERR: 非法操作:css

[ 2017-01-23T16:36:50+08:00 ] ::1 /myshop/shop/index.php/Admin/index/js/pintuer.js
ERR: 非法操作:js

[ 2017-01-23T16:36:50+08:00 ] ::1 /myshop/shop/index.php/Admin/index/js/jquery.js
ERR: 非法操作:js

[ 2017-01-23T16:36:50+08:00 ] ::1 /myshop/shop/index.php/Admin/index/css/admin.css
ERR: 非法操作:css

[ 2017-01-23T16:36:50+08:00 ] ::1 /myshop/shop/index.php/Admin/index/js/pintuer.js
ERR: 非法操作:js

[ 2017-01-23T16:36:52+08:00 ] ::1 /myshop/shop/index.php/Admin/CategoryController/show
ERR: 无法加载控制器:CategoryController

[ 2017-01-23T16:37:23+08:00 ] ::1 /myshop/shop/index.php/Admin/index/css/admin.css
ERR: 非法操作:css

[ 2017-01-23T16:37:23+08:00 ] ::1 /myshop/shop/index.php/Admin/index/js/jquery.js
ERR: 非法操作:js

[ 2017-01-23T16:37:23+08:00 ] ::1 /myshop/shop/index.php/Admin/index/js/pintuer.js
ERR: 非法操作:js

[ 2017-01-23T16:37:23+08:00 ] ::1 /myshop/shop/index.php/Admin/index/css/pintuer.css
ERR: 非法操作:css

[ 2017-01-23T16:37:23+08:00 ] ::1 /myshop/shop/index.php/Admin/index/js/pintuer.js
ERR: 非法操作:js

[ 2017-01-23T16:37:25+08:00 ] ::1 /myshop/shop/index.php/Admin/CategoryController/show
ERR: 无法加载控制器:CategoryController

[ 2017-01-23T16:38:50+08:00 ] ::1 /myshop/shop/index.php/Admin/index/js/pintuer.js
ERR: 非法操作:js

[ 2017-01-23T16:38:50+08:00 ] ::1 /myshop/shop/index.php/Admin/index/css/pintuer.css
ERR: 非法操作:css

[ 2017-01-23T16:38:50+08:00 ] ::1 /myshop/shop/index.php/Admin/index/css/admin.css
ERR: 非法操作:css

[ 2017-01-23T16:38:50+08:00 ] ::1 /myshop/shop/index.php/Admin/index/js/jquery.js
ERR: 非法操作:js

[ 2017-01-23T16:38:50+08:00 ] ::1 /myshop/shop/index.php/Admin/index/js/pintuer.js
ERR: 非法操作:js

[ 2017-01-23T16:38:51+08:00 ] ::1 /myshop/shop/index.php/Admin/index/%7B%7CU('Admin/Category/show')%7D
ERR: 非法操作:{|U('Admin

[ 2017-01-23T16:39:06+08:00 ] ::1 /myshop/shop/index.php/Admin/index/css/pintuer.css
ERR: 非法操作:css

[ 2017-01-23T16:39:06+08:00 ] ::1 /myshop/shop/index.php/Admin/index/js/jquery.js
ERR: 非法操作:js

[ 2017-01-23T16:39:06+08:00 ] ::1 /myshop/shop/index.php/Admin/index/css/admin.css
ERR: 非法操作:css

[ 2017-01-23T16:39:06+08:00 ] ::1 /myshop/shop/index.php/Admin/index/js/pintuer.js
ERR: 非法操作:js

[ 2017-01-23T16:40:50+08:00 ] ::1 /myshop/shop/index.php/Admin/index/css/admin.css
ERR: 非法操作:css

[ 2017-01-23T16:40:50+08:00 ] ::1 /myshop/shop/index.php/Admin/index/js/jquery.js
ERR: 非法操作:js

[ 2017-01-23T16:40:50+08:00 ] ::1 /myshop/shop/index.php/Admin/index/js/pintuer.js
ERR: 非法操作:js

[ 2017-01-23T16:40:51+08:00 ] ::1 /myshop/shop/index.php/Admin/index/css/pintuer.css
ERR: 非法操作:css

[ 2017-01-23T16:40:51+08:00 ] ::1 /myshop/shop/index.php/Admin/index/js/pintuer.js
ERR: 非法操作:js

[ 2017-01-23T16:41:37+08:00 ] ::1 /myshop/shop/index.php/Admin/category/tianjia
ERR: 1062:Duplicate entry '请选择分类' for key 'cname_UNIQUE'
 [ SQL语句 ] : INSERT INTO `group_category` (`cname`,`title`,`description`,`sort`,`display`) VALUES ('请选择分类','的大','大厦的','1','1')

[ 2017-01-23T16:42:26+08:00 ] ::1 /myshop/shop/index.php/Admin/index/js/jquery.js
ERR: 非法操作:js

[ 2017-01-23T16:42:26+08:00 ] ::1 /myshop/shop/index.php/Admin/index/css/pintuer.css
ERR: 非法操作:css

[ 2017-01-23T16:42:26+08:00 ] ::1 /myshop/shop/index.php/Admin/index/js/pintuer.js
ERR: 非法操作:js

[ 2017-01-23T16:42:26+08:00 ] ::1 /myshop/shop/index.php/Admin/index/css/admin.css
ERR: 非法操作:css

[ 2017-01-23T16:42:26+08:00 ] ::1 /myshop/shop/index.php/Admin/index/js/pintuer.js
ERR: 非法操作:js

[ 2017-01-23T16:46:44+08:00 ] ::1 /myshop/shop/index.php/Admin/index/css/pintuer.css
ERR: 非法操作:css

[ 2017-01-23T16:46:44+08:00 ] ::1 /myshop/shop/index.php/Admin/index/js/pintuer.js
ERR: 非法操作:js

[ 2017-01-23T16:46:44+08:00 ] ::1 /myshop/shop/index.php/Admin/index/js/jquery.js
ERR: 非法操作:js

[ 2017-01-23T16:46:44+08:00 ] ::1 /myshop/shop/index.php/Admin/index/css/admin.css
ERR: 非法操作:css

[ 2017-01-23T16:46:44+08:00 ] ::1 /myshop/shop/index.php/Admin/index/js/pintuer.js
ERR: 非法操作:js

[ 2017-01-23T16:48:28+08:00 ] ::1 /myshop/shop/index.php/Admin/index/css/pintuer.css
ERR: 非法操作:css

[ 2017-01-23T16:48:28+08:00 ] ::1 /myshop/shop/index.php/Admin/index/js/jquery.js
ERR: 非法操作:js

[ 2017-01-23T16:48:28+08:00 ] ::1 /myshop/shop/index.php/Admin/index/js/pintuer.js
ERR: 非法操作:js

[ 2017-01-23T16:48:28+08:00 ] ::1 /myshop/shop/index.php/Admin/index/css/admin.css
ERR: 非法操作:css

[ 2017-01-23T16:48:28+08:00 ] ::1 /myshop/shop/index.php/Admin/index/js/pintuer.js
ERR: 非法操作:js

[ 2017-01-23T17:10:12+08:00 ] ::1 /myshop/shop/index.php/Admin/index/css/pintuer.css
ERR: 非法操作:css

[ 2017-01-23T17:10:12+08:00 ] ::1 /myshop/shop/index.php/Admin/index/js/jquery.js
ERR: 非法操作:js

[ 2017-01-23T17:10:12+08:00 ] ::1 /myshop/shop/index.php/Admin/index/js/pintuer.js
ERR: 非法操作:js

[ 2017-01-23T17:10:12+08:00 ] ::1 /myshop/shop/index.php/Admin/index/css/admin.css
ERR: 非法操作:css

[ 2017-01-23T17:10:12+08:00 ] ::1 /myshop/shop/index.php/Admin/index/js/pintuer.js
ERR: 非法操作:js

[ 2017-01-23T17:56:08+08:00 ] ::1 /myshop/shop/index.php/admin/index/css/pintuer.css
ERR: 非法操作:css

[ 2017-01-23T17:56:08+08:00 ] ::1 /myshop/shop/index.php/admin/index/css/admin.css
ERR: 非法操作:css

[ 2017-01-23T17:56:08+08:00 ] ::1 /myshop/shop/index.php/admin/index/js/jquery.js
ERR: 非法操作:js

[ 2017-01-23T17:56:08+08:00 ] ::1 /myshop/shop/index.php/admin/index/js/pintuer.js
ERR: 非法操作:js

